#
# There is insufficient memory for the Java Runtime Environment to continue.
# Native memory allocation (malloc) failed to allocate 1048576 bytes for AllocateHeap
# Possible reasons:
#   The system is out of physical RAM or swap space
#   The process is running with CompressedOops enabled, and the Java Heap may be blocking the growth of the native heap
# Possible solutions:
#   Reduce memory load on the system
#   Increase physical memory or swap space
#   Check if swap backing store is full
#   Decrease Java heap size (-Xmx/-Xms)
#   Decrease number of Java threads
#


[error occurred during error reporting (printing native stack), id 0xc00000fd, EXCEPTION_STACK_OVERFLOW (0xc00000fd) at pc=0x00007ffc0e7ffe38]

VM_Operation (0x0000005834cf6bd0): CollectForMetadataAllocation, mode: safepoint, requested by thread 0x000001abe3af4800


---------------  P R O C E S S  ---------------

Threads class SMR info:
_java_thread_list=0x000001abe5546ac0, length=30, elements={
0x000001abc6a6c800, 0x000001abe0f17800, 0x000001abe0f22800, 0x000001abe1894800,
0x000001abe1895800, 0x000001abe1896800, 0x000001abe189b000, 0x000001abe189e000,
0x000001abe18a3000, 0x000001abe1a04800, 0x000001abe4834800, 0x000001abe3af9800,
0x000001abe1ac3800, 0x000001abe2191000, 0x000001abe3f7d800, 0x000001abe5111000,
0x000001abe3af4800, 0x000001abe3c4e800, 0x000001abe441c000, 0x000001abe4a0b800,
0x000001abe421d800, 0x000001abe421d000, 0x000001abe421e800, 0x000001abe4221000,
0x000001abe421f800, 0x000001abe4220000, 0x000001abe421b800, 0x000001abe4222000,
0x000001abe421c000, 0x000001abe4e6d800
}

Java Threads: ( => current thread )
  0x000001abc6a6c800 JavaThread "main" [_thread_blocked, id=17368, stack(0x0000005833300000,0x0000005833400000)]
  0x000001abe0f17800 JavaThread "Reference Handler" daemon [_thread_blocked, id=15564, stack(0x0000005833a00000,0x0000005833b00000)]
  0x000001abe0f22800 JavaThread "Finalizer" daemon [_thread_blocked, id=15924, stack(0x0000005833b00000,0x0000005833c00000)]
  0x000001abe1894800 JavaThread "Signal Dispatcher" daemon [_thread_blocked, id=9532, stack(0x0000005833c00000,0x0000005833d00000)]
  0x000001abe1895800 JavaThread "Attach Listener" daemon [_thread_blocked, id=19028, stack(0x0000005833d00000,0x0000005833e00000)]
  0x000001abe1896800 JavaThread "Service Thread" daemon [_thread_blocked, id=15640, stack(0x0000005833e00000,0x0000005833f00000)]
  0x000001abe189b000 JavaThread "C2 CompilerThread0" daemon [_thread_blocked, id=15484, stack(0x0000005833f00000,0x0000005834000000)]
  0x000001abe189e000 JavaThread "C1 CompilerThread0" daemon [_thread_blocked, id=8148, stack(0x0000005834000000,0x0000005834100000)]
  0x000001abe18a3000 JavaThread "Sweeper thread" daemon [_thread_blocked, id=9960, stack(0x0000005834100000,0x0000005834200000)]
  0x000001abe1a04800 JavaThread "Common-Cleaner" daemon [_thread_blocked, id=16036, stack(0x0000005834200000,0x0000005834300000)]
  0x000001abe4834800 JavaThread "Daemon health stats" [_thread_blocked, id=18328, stack(0x0000005834800000,0x0000005834900000)]
  0x000001abe3af9800 JavaThread "Incoming local TCP Connector on port 53679" [_thread_in_native, id=16432, stack(0x0000005834400000,0x0000005834500000)]
  0x000001abe1ac3800 JavaThread "Daemon periodic checks" [_thread_blocked, id=17144, stack(0x0000005834500000,0x0000005834600000)]
  0x000001abe2191000 JavaThread "Daemon" [_thread_blocked, id=8896, stack(0x0000005834900000,0x0000005834a00000)]
  0x000001abe3f7d800 JavaThread "Handler for socket connection from /127.0.0.1:53679 to /127.0.0.1:53681" [_thread_in_native, id=18376, stack(0x0000005834a00000,0x0000005834b00000)]
  0x000001abe5111000 JavaThread "Cancel handler" [_thread_blocked, id=2304, stack(0x0000005834b00000,0x0000005834c00000)]
  0x000001abe3af4800 JavaThread "Daemon worker" [_thread_blocked, id=15848, stack(0x0000005834c00000,0x0000005834d00000)]
  0x000001abe3c4e800 JavaThread "Asynchronous log dispatcher for DefaultDaemonConnection: socket connection from /127.0.0.1:53679 to /127.0.0.1:53681" [_thread_blocked, id=18780, stack(0x0000005834e00000,0x0000005834f00000)]
  0x000001abe441c000 JavaThread "Stdin handler" [_thread_blocked, id=1752, stack(0x0000005834f00000,0x0000005835000000)]
  0x000001abe4a0b800 JavaThread "Daemon client event forwarder" [_thread_blocked, id=16884, stack(0x0000005835000000,0x0000005835100000)]
  0x000001abe421d800 JavaThread "Cache worker for journal cache (C:\Users\UMESH\.gradle\caches\journal-1)" [_thread_blocked, id=16504, stack(0x0000005835600000,0x0000005835700000)]
  0x000001abe421d000 JavaThread "File lock request listener" [_thread_in_native, id=19044, stack(0x0000005835700000,0x0000005835800000)]
  0x000001abe421e800 JavaThread "Cache worker for file hash cache (C:\Users\UMESH\.gradle\caches\7.3.3\fileHashes)" [_thread_blocked, id=9748, stack(0x0000005835800000,0x0000005835900000)]
  0x000001abe4221000 JavaThread "Cache worker for file hash cache (C:\Users\UMESH\AndroidStudioProjects\Uchat\.gradle\7.3.3\fileHashes)" [_thread_blocked, id=5504, stack(0x0000005835a00000,0x0000005835b00000)]
  0x000001abe421f800 JavaThread "File watcher server" daemon [_thread_in_native, id=15280, stack(0x0000005835b00000,0x0000005835c00000)]
  0x000001abe4220000 JavaThread "File watcher consumer" daemon [_thread_blocked, id=8160, stack(0x0000005835c00000,0x0000005835d00000)]
  0x000001abe421b800 JavaThread "Cache worker for checksums cache (C:\Users\UMESH\AndroidStudioProjects\Uchat\.gradle\7.3.3\checksums)" [_thread_blocked, id=17856, stack(0x0000005835d00000,0x0000005835e00000)]
  0x000001abe4222000 JavaThread "Cache worker for cache directory md-supplier (C:\Users\UMESH\.gradle\caches\7.3.3\md-supplier)" [_thread_blocked, id=19184, stack(0x0000005835e00000,0x0000005835f00000)]
  0x000001abe421c000 JavaThread "Cache worker for cache directory md-rule (C:\Users\UMESH\.gradle\caches\7.3.3\md-rule)" [_thread_blocked, id=18892, stack(0x0000005835f00000,0x0000005836000000)]
  0x000001abe4e6d800 JavaThread "Cache worker for execution history cache (C:\Users\UMESH\.gradle\caches\7.3.3\executionHistory)" [_thread_blocked, id=12132, stack(0x0000005836000000,0x0000005836100000)]

Other Threads:
=>0x000001abe0f13000 VMThread "VM Thread" [stack: 0x0000005833900000,0x0000005833a00000] [id=2724]
  0x000001abe1a0e800 WatcherThread [stack: 0x0000005834300000,0x0000005834400000] [id=12372]
  0x000001abc6a86800 GCTaskThread "GC Thread#0" [stack: 0x0000005833400000,0x0000005833500000] [id=13284]
  0x000001abe212b800 GCTaskThread "GC Thread#1" [stack: 0x0000005834600000,0x0000005834700000] [id=13648]
  0x000001abe24aa000 GCTaskThread "GC Thread#2" [stack: 0x0000005834700000,0x0000005834800000] [id=16452]
  0x000001abe50f0000 GCTaskThread "GC Thread#3" [stack: 0x0000005835100000,0x0000005835200000] [id=12360]
  0x000001abe50d7000 GCTaskThread "GC Thread#4" [stack: 0x0000005835200000,0x0000005835300000] [id=14236]
  0x000001abe4bff800 GCTaskThread "GC Thread#5" [stack: 0x0000005835300000,0x0000005835400000] [id=4944]
  0x000001abe4884800 GCTaskThread "GC Thread#6" [stack: 0x0000005835400000,0x0000005835500000] [id=18920]
  0x000001abe4895800 GCTaskThread "GC Thread#7" [stack: 0x0000005835500000,0x0000005835600000] [id=12440]
  0x000001abc6ab6800 ConcurrentGCThread "G1 Main Marker" [stack: 0x0000005833500000,0x0000005833600000] [id=13236]
  0x000001abc6ab8800 ConcurrentGCThread "G1 Conc#0" [stack: 0x0000005833600000,0x0000005833700000] [id=10576]
  0x000001abe3345000 ConcurrentGCThread "G1 Conc#1" [stack: 0x0000005835900000,0x0000005835a00000] [id=6692]
  0x000001abe0d60800 ConcurrentGCThread "G1 Refine#0" [stack: 0x0000005833700000,0x0000005833800000] [id=7716]
  0x000001abe0d61800 ConcurrentGCThread "G1 Young RemSet Sampling" [stack: 0x0000005833800000,0x0000005833900000] [id=14768]

Threads with active compile tasks:
C2 CompilerThread0   5037 3031   !   4       jdk.internal.loader.URLClassPath$JarLoader::getResource (353 bytes)

VM state:at safepoint (normal execution)

VM Mutex/Monitor currently owned by a thread:  ([mutex/lock_event])
[0x000001abc6a61140] Threads_lock - owner thread: 0x000001abe0f13000
[0x000001abc6a6a940] Heap_lock - owner thread: 0x000001abe3af4800

Heap address: 0x0000000080000000, size: 2048 MB, Compressed Oops mode: 32-bit
Narrow klass base: 0x0000000000000000, Narrow klass shift: 3
Compressed class space size: 1073741824 Address: 0x0000000100000000

Heap:
 garbage-first heap   total 163840K, used 24300K [0x0000000080000000, 0x0000000100000000)
  region size 1024K, 5 young (5120K), 5 survivors (5120K)
 Metaspace       used 36725K, capacity 37548K, committed 37632K, reserved 1095680K
  class space    used 4753K, capacity 5045K, committed 5120K, reserved 1048576K
Heap Regions: E=young(eden), S=young(survivor), O=old, HS=humongous(starts), HC=humongous(continues), CS=collection set, F=free, A=archive, TAMS=top-at-mark-start (previous, next)
|   0|0x0000000080000000, 0x0000000080100000, 0x0000000080100000|100%| O|  |TAMS 0x0000000080100000, 0x0000000080100000| Untracked 
|   1|0x0000000080100000, 0x0000000080200000, 0x0000000080200000|100%| O|  |TAMS 0x0000000080200000, 0x0000000080200000| Untracked 
|   2|0x0000000080200000, 0x0000000080300000, 0x0000000080300000|100%| O|  |TAMS 0x0000000080300000, 0x0000000080300000| Untracked 
|   3|0x0000000080300000, 0x0000000080400000, 0x0000000080400000|100%|HS|  |TAMS 0x0000000080400000, 0x0000000080400000| Complete 
|   4|0x0000000080400000, 0x0000000080500000, 0x0000000080500000|100%|HC|  |TAMS 0x0000000080500000, 0x0000000080500000| Complete 
|   5|0x0000000080500000, 0x0000000080600000, 0x0000000080600000|100%|HC|  |TAMS 0x0000000080600000, 0x0000000080600000| Complete 
|   6|0x0000000080600000, 0x0000000080700000, 0x0000000080700000|100%| O|  |TAMS 0x0000000080700000, 0x0000000080700000| Untracked 
|   7|0x0000000080700000, 0x0000000080800000, 0x0000000080800000|100%| O|  |TAMS 0x0000000080800000, 0x0000000080800000| Untracked 
|   8|0x0000000080800000, 0x0000000080900000, 0x0000000080900000|100%| O|  |TAMS 0x0000000080900000, 0x0000000080900000| Untracked 
|   9|0x0000000080900000, 0x0000000080a00000, 0x0000000080a00000|100%| O|  |TAMS 0x0000000080a00000, 0x0000000080a00000| Untracked 
|  10|0x0000000080a00000, 0x0000000080b00000, 0x0000000080b00000|100%| O|  |TAMS 0x0000000080b00000, 0x0000000080b00000| Untracked 
|  11|0x0000000080b00000, 0x0000000080c00000, 0x0000000080c00000|100%| O|  |TAMS 0x0000000080c00000, 0x0000000080c00000| Untracked 
|  12|0x0000000080c00000, 0x0000000080d00000, 0x0000000080d00000|100%| O|  |TAMS 0x0000000080d00000, 0x0000000080d00000| Untracked 
|  13|0x0000000080d00000, 0x0000000080e00000, 0x0000000080e00000|100%| O|  |TAMS 0x0000000080e00000, 0x0000000080e00000| Untracked 
|  14|0x0000000080e00000, 0x0000000080f00000, 0x0000000080f00000|100%| O|  |TAMS 0x0000000080f00000, 0x0000000080f00000| Untracked 
|  15|0x0000000080f00000, 0x0000000081000000, 0x0000000081000000|100%| O|  |TAMS 0x0000000081000000, 0x0000000081000000| Untracked 
|  16|0x0000000081000000, 0x0000000081100000, 0x0000000081100000|100%| O|  |TAMS 0x0000000081036400, 0x0000000081100000| Untracked 
|  17|0x0000000081100000, 0x0000000081200000, 0x0000000081200000|100%| O|  |TAMS 0x0000000081100000, 0x0000000081200000| Untracked 
|  18|0x0000000081200000, 0x00000000812fcc08, 0x0000000081300000| 98%| O|  |TAMS 0x0000000081200000, 0x00000000812fcc08| Untracked 
|  19|0x0000000081300000, 0x0000000081300000, 0x0000000081400000|  0%| F|  |TAMS 0x0000000081300000, 0x0000000081300000| Untracked 
|  20|0x0000000081400000, 0x0000000081400000, 0x0000000081500000|  0%| F|  |TAMS 0x0000000081400000, 0x0000000081400000| Untracked 
|  21|0x0000000081500000, 0x0000000081500000, 0x0000000081600000|  0%| F|  |TAMS 0x0000000081500000, 0x0000000081500000| Untracked 
|  22|0x0000000081600000, 0x0000000081600000, 0x0000000081700000|  0%| F|  |TAMS 0x0000000081600000, 0x0000000081600000| Untracked 
|  23|0x0000000081700000, 0x0000000081700000, 0x0000000081800000|  0%| F|  |TAMS 0x0000000081700000, 0x0000000081700000| Untracked 
|  24|0x0000000081800000, 0x0000000081800000, 0x0000000081900000|  0%| F|  |TAMS 0x0000000081800000, 0x0000000081800000| Untracked 
|  25|0x0000000081900000, 0x0000000081900000, 0x0000000081a00000|  0%| F|  |TAMS 0x0000000081900000, 0x0000000081900000| Untracked 
|  26|0x0000000081a00000, 0x0000000081a00000, 0x0000000081b00000|  0%| F|  |TAMS 0x0000000081a00000, 0x0000000081a00000| Untracked 
|  27|0x0000000081b00000, 0x0000000081b00000, 0x0000000081c00000|  0%| F|  |TAMS 0x0000000081b00000, 0x0000000081b00000| Untracked 
|  28|0x0000000081c00000, 0x0000000081c00000, 0x0000000081d00000|  0%| F|  |TAMS 0x0000000081c00000, 0x0000000081c00000| Untracked 
|  29|0x0000000081d00000, 0x0000000081d00000, 0x0000000081e00000|  0%| F|  |TAMS 0x0000000081d00000, 0x0000000081d00000| Untracked 
|  30|0x0000000081e00000, 0x0000000081e00000, 0x0000000081f00000|  0%| F|  |TAMS 0x0000000081e00000, 0x0000000081e00000| Untracked 
|  31|0x0000000081f00000, 0x0000000081f00000, 0x0000000082000000|  0%| F|  |TAMS 0x0000000081f00000, 0x0000000081f00000| Untracked 
|  32|0x0000000082000000, 0x0000000082000000, 0x0000000082100000|  0%| F|  |TAMS 0x0000000082000000, 0x0000000082000000| Untracked 
|  33|0x0000000082100000, 0x0000000082100000, 0x0000000082200000|  0%| F|  |TAMS 0x0000000082100000, 0x0000000082100000| Untracked 
|  34|0x0000000082200000, 0x0000000082200000, 0x0000000082300000|  0%| F|  |TAMS 0x0000000082200000, 0x0000000082200000| Untracked 
|  35|0x0000000082300000, 0x0000000082300000, 0x0000000082400000|  0%| F|  |TAMS 0x0000000082300000, 0x0000000082300000| Untracked 
|  36|0x0000000082400000, 0x0000000082400000, 0x0000000082500000|  0%| F|  |TAMS 0x0000000082400000, 0x0000000082400000| Untracked 
|  37|0x0000000082500000, 0x0000000082500000, 0x0000000082600000|  0%| F|  |TAMS 0x0000000082500000, 0x0000000082500000| Untracked 
|  38|0x0000000082600000, 0x0000000082600000, 0x0000000082700000|  0%| F|  |TAMS 0x0000000082600000, 0x0000000082600000| Untracked 
|  39|0x0000000082700000, 0x0000000082700000, 0x0000000082800000|  0%| F|  |TAMS 0x0000000082700000, 0x0000000082700000| Untracked 
|  40|0x0000000082800000, 0x0000000082800000, 0x0000000082900000|  0%| F|  |TAMS 0x0000000082800000, 0x0000000082800000| Untracked 
|  41|0x0000000082900000, 0x0000000082900000, 0x0000000082a00000|  0%| F|  |TAMS 0x0000000082900000, 0x0000000082900000| Untracked 
|  42|0x0000000082a00000, 0x0000000082a00000, 0x0000000082b00000|  0%| F|  |TAMS 0x0000000082a00000, 0x0000000082a00000| Untracked 
|  43|0x0000000082b00000, 0x0000000082b00000, 0x0000000082c00000|  0%| F|  |TAMS 0x0000000082b00000, 0x0000000082b00000| Untracked 
|  44|0x0000000082c00000, 0x0000000082c00000, 0x0000000082d00000|  0%| F|  |TAMS 0x0000000082c00000, 0x0000000082c00000| Untracked 
|  45|0x0000000082d00000, 0x0000000082d00000, 0x0000000082e00000|  0%| F|  |TAMS 0x0000000082d00000, 0x0000000082d00000| Untracked 
|  46|0x0000000082e00000, 0x0000000082e00000, 0x0000000082f00000|  0%| F|  |TAMS 0x0000000082e00000, 0x0000000082e00000| Untracked 
|  47|0x0000000082f00000, 0x0000000082f00000, 0x0000000083000000|  0%| F|  |TAMS 0x0000000082f00000, 0x0000000082f00000| Untracked 
|  48|0x0000000083000000, 0x0000000083000000, 0x0000000083100000|  0%| F|  |TAMS 0x0000000083000000, 0x0000000083000000| Untracked 
|  49|0x0000000083100000, 0x0000000083100000, 0x0000000083200000|  0%| F|  |TAMS 0x0000000083100000, 0x0000000083100000| Untracked 
|  50|0x0000000083200000, 0x0000000083200000, 0x0000000083300000|  0%| F|  |TAMS 0x0000000083200000, 0x0000000083200000| Untracked 
|  51|0x0000000083300000, 0x0000000083300000, 0x0000000083400000|  0%| F|  |TAMS 0x0000000083300000, 0x0000000083300000| Untracked 
|  52|0x0000000083400000, 0x0000000083400000, 0x0000000083500000|  0%| F|  |TAMS 0x0000000083400000, 0x0000000083400000| Untracked 
|  53|0x0000000083500000, 0x0000000083500000, 0x0000000083600000|  0%| F|  |TAMS 0x0000000083500000, 0x0000000083500000| Untracked 
|  54|0x0000000083600000, 0x0000000083600000, 0x0000000083700000|  0%| F|  |TAMS 0x0000000083600000, 0x0000000083600000| Untracked 
|  55|0x0000000083700000, 0x0000000083700000, 0x0000000083800000|  0%| F|  |TAMS 0x0000000083700000, 0x0000000083700000| Untracked 
|  56|0x0000000083800000, 0x0000000083800000, 0x0000000083900000|  0%| F|  |TAMS 0x0000000083800000, 0x0000000083800000| Untracked 
|  57|0x0000000083900000, 0x0000000083900000, 0x0000000083a00000|  0%| F|  |TAMS 0x0000000083900000, 0x0000000083900000| Untracked 
|  58|0x0000000083a00000, 0x0000000083a00000, 0x0000000083b00000|  0%| F|  |TAMS 0x0000000083a00000, 0x0000000083a00000| Untracked 
|  59|0x0000000083b00000, 0x0000000083b00000, 0x0000000083c00000|  0%| F|  |TAMS 0x0000000083b00000, 0x0000000083b00000| Untracked 
|  60|0x0000000083c00000, 0x0000000083c00000, 0x0000000083d00000|  0%| F|  |TAMS 0x0000000083c00000, 0x0000000083c00000| Untracked 
|  61|0x0000000083d00000, 0x0000000083d00000, 0x0000000083e00000|  0%| F|  |TAMS 0x0000000083d00000, 0x0000000083d00000| Untracked 
|  62|0x0000000083e00000, 0x0000000083e00000, 0x0000000083f00000|  0%| F|  |TAMS 0x0000000083e00000, 0x0000000083e00000| Untracked 
|  63|0x0000000083f00000, 0x0000000083f00000, 0x0000000084000000|  0%| F|  |TAMS 0x0000000083f00000, 0x0000000083f00000| Untracked 
|  64|0x0000000084000000, 0x0000000084000000, 0x0000000084100000|  0%| F|  |TAMS 0x0000000084000000, 0x0000000084000000| Untracked 
|  65|0x0000000084100000, 0x0000000084100000, 0x0000000084200000|  0%| F|  |TAMS 0x0000000084100000, 0x0000000084100000| Untracked 
|  66|0x0000000084200000, 0x0000000084200000, 0x0000000084300000|  0%| F|  |TAMS 0x0000000084200000, 0x0000000084200000| Untracked 
|  67|0x0000000084300000, 0x0000000084300000, 0x0000000084400000|  0%| F|  |TAMS 0x0000000084300000, 0x0000000084300000| Untracked 
|  68|0x0000000084400000, 0x0000000084400000, 0x0000000084500000|  0%| F|  |TAMS 0x0000000084400000, 0x0000000084400000| Untracked 
|  69|0x0000000084500000, 0x0000000084500000, 0x0000000084600000|  0%| F|  |TAMS 0x0000000084500000, 0x0000000084500000| Untracked 
|  70|0x0000000084600000, 0x0000000084600000, 0x0000000084700000|  0%| F|  |TAMS 0x0000000084600000, 0x0000000084600000| Untracked 
|  71|0x0000000084700000, 0x0000000084700000, 0x0000000084800000|  0%| F|  |TAMS 0x0000000084700000, 0x0000000084700000| Untracked 
|  72|0x0000000084800000, 0x0000000084800000, 0x0000000084900000|  0%| F|  |TAMS 0x0000000084800000, 0x0000000084800000| Untracked 
|  73|0x0000000084900000, 0x0000000084900000, 0x0000000084a00000|  0%| F|  |TAMS 0x0000000084900000, 0x0000000084900000| Untracked 
|  74|0x0000000084a00000, 0x0000000084a00000, 0x0000000084b00000|  0%| F|  |TAMS 0x0000000084a00000, 0x0000000084a00000| Untracked 
|  75|0x0000000084b00000, 0x0000000084b00000, 0x0000000084c00000|  0%| F|  |TAMS 0x0000000084b00000, 0x0000000084b00000| Untracked 
|  76|0x0000000084c00000, 0x0000000084c00000, 0x0000000084d00000|  0%| F|  |TAMS 0x0000000084c00000, 0x0000000084c00000| Untracked 
|  77|0x0000000084d00000, 0x0000000084d00000, 0x0000000084e00000|  0%| F|  |TAMS 0x0000000084d00000, 0x0000000084d00000| Untracked 
|  78|0x0000000084e00000, 0x0000000084e00000, 0x0000000084f00000|  0%| F|  |TAMS 0x0000000084e00000, 0x0000000084e00000| Untracked 
|  79|0x0000000084f00000, 0x0000000084f00000, 0x0000000085000000|  0%| F|  |TAMS 0x0000000084f00000, 0x0000000084f00000| Untracked 
|  80|0x0000000085000000, 0x0000000085000000, 0x0000000085100000|  0%| F|  |TAMS 0x0000000085000000, 0x0000000085000000| Untracked 
|  81|0x0000000085100000, 0x0000000085100000, 0x0000000085200000|  0%| F|  |TAMS 0x0000000085100000, 0x0000000085100000| Untracked 
|  82|0x0000000085200000, 0x0000000085200000, 0x0000000085300000|  0%| F|  |TAMS 0x0000000085200000, 0x0000000085200000| Untracked 
|  83|0x0000000085300000, 0x0000000085300000, 0x0000000085400000|  0%| F|  |TAMS 0x0000000085300000, 0x0000000085300000| Untracked 
|  84|0x0000000085400000, 0x0000000085400000, 0x0000000085500000|  0%| F|  |TAMS 0x0000000085400000, 0x0000000085400000| Untracked 
|  85|0x0000000085500000, 0x0000000085500000, 0x0000000085600000|  0%| F|  |TAMS 0x0000000085500000, 0x0000000085500000| Untracked 
|  86|0x0000000085600000, 0x0000000085600000, 0x0000000085700000|  0%| F|  |TAMS 0x0000000085600000, 0x0000000085600000| Untracked 
|  87|0x0000000085700000, 0x0000000085700000, 0x0000000085800000|  0%| F|  |TAMS 0x0000000085700000, 0x0000000085700000| Untracked 
|  88|0x0000000085800000, 0x0000000085800000, 0x0000000085900000|  0%| F|  |TAMS 0x0000000085800000, 0x0000000085800000| Untracked 
|  89|0x0000000085900000, 0x0000000085900000, 0x0000000085a00000|  0%| F|  |TAMS 0x0000000085900000, 0x0000000085900000| Untracked 
|  90|0x0000000085a00000, 0x0000000085a00000, 0x0000000085b00000|  0%| F|  |TAMS 0x0000000085a00000, 0x0000000085a00000| Untracked 
|  91|0x0000000085b00000, 0x0000000085b00000, 0x0000000085c00000|  0%| F|  |TAMS 0x0000000085b00000, 0x0000000085b00000| Untracked 
|  92|0x0000000085c00000, 0x0000000085c00000, 0x0000000085d00000|  0%| F|  |TAMS 0x0000000085c00000, 0x0000000085c00000| Untracked 
|  93|0x0000000085d00000, 0x0000000085d00000, 0x0000000085e00000|  0%| F|  |TAMS 0x0000000085d00000, 0x0000000085d00000| Untracked 
|  94|0x0000000085e00000, 0x0000000085e00000, 0x0000000085f00000|  0%| F|  |TAMS 0x0000000085e00000, 0x0000000085e00000| Untracked 
|  95|0x0000000085f00000, 0x0000000085f00000, 0x0000000086000000|  0%| F|  |TAMS 0x0000000085f00000, 0x0000000085f00000| Untracked 
|  96|0x0000000086000000, 0x0000000086000000, 0x0000000086100000|  0%| F|  |TAMS 0x0000000086000000, 0x0000000086000000| Untracked 
|  97|0x0000000086100000, 0x0000000086100000, 0x0000000086200000|  0%| F|  |TAMS 0x0000000086100000, 0x0000000086100000| Untracked 
|  98|0x0000000086200000, 0x0000000086200000, 0x0000000086300000|  0%| F|  |TAMS 0x0000000086200000, 0x0000000086200000| Untracked 
|  99|0x0000000086300000, 0x0000000086300000, 0x0000000086400000|  0%| F|  |TAMS 0x0000000086300000, 0x0000000086300000| Untracked 
| 100|0x0000000086400000, 0x0000000086400000, 0x0000000086500000|  0%| F|  |TAMS 0x0000000086400000, 0x0000000086400000| Untracked 
| 101|0x0000000086500000, 0x0000000086500000, 0x0000000086600000|  0%| F|  |TAMS 0x0000000086500000, 0x0000000086500000| Untracked 
| 102|0x0000000086600000, 0x0000000086600000, 0x0000000086700000|  0%| F|  |TAMS 0x0000000086600000, 0x0000000086600000| Untracked 
| 103|0x0000000086700000, 0x0000000086700000, 0x0000000086800000|  0%| F|  |TAMS 0x0000000086700000, 0x0000000086700000| Untracked 
| 104|0x0000000086800000, 0x0000000086800000, 0x0000000086900000|  0%| F|  |TAMS 0x0000000086800000, 0x0000000086800000| Untracked 
| 105|0x0000000086900000, 0x0000000086900000, 0x0000000086a00000|  0%| F|  |TAMS 0x0000000086900000, 0x0000000086900000| Untracked 
| 106|0x0000000086a00000, 0x0000000086a00000, 0x0000000086b00000|  0%| F|  |TAMS 0x0000000086a00000, 0x0000000086a00000| Untracked 
| 107|0x0000000086b00000, 0x0000000086b00000, 0x0000000086c00000|  0%| F|  |TAMS 0x0000000086b00000, 0x0000000086b00000| Untracked 
| 108|0x0000000086c00000, 0x0000000086c00000, 0x0000000086d00000|  0%| F|  |TAMS 0x0000000086c00000, 0x0000000086c00000| Untracked 
| 109|0x0000000086d00000, 0x0000000086d00000, 0x0000000086e00000|  0%| F|  |TAMS 0x0000000086d00000, 0x0000000086d00000| Untracked 
| 110|0x0000000086e00000, 0x0000000086e00000, 0x0000000086f00000|  0%| F|  |TAMS 0x0000000086e00000, 0x0000000086e00000| Untracked 
| 111|0x0000000086f00000, 0x0000000086f00000, 0x0000000087000000|  0%| F|  |TAMS 0x0000000086f00000, 0x0000000086f00000| Untracked 
| 112|0x0000000087000000, 0x0000000087000000, 0x0000000087100000|  0%| F|  |TAMS 0x0000000087000000, 0x0000000087000000| Untracked 
| 113|0x0000000087100000, 0x0000000087100000, 0x0000000087200000|  0%| F|  |TAMS 0x0000000087100000, 0x0000000087100000| Untracked 
| 114|0x0000000087200000, 0x0000000087200000, 0x0000000087300000|  0%| F|  |TAMS 0x0000000087200000, 0x0000000087200000| Untracked 
| 115|0x0000000087300000, 0x0000000087300000, 0x0000000087400000|  0%| F|  |TAMS 0x0000000087300000, 0x0000000087300000| Untracked 
| 116|0x0000000087400000, 0x0000000087400000, 0x0000000087500000|  0%| F|  |TAMS 0x0000000087400000, 0x0000000087400000| Untracked 
| 117|0x0000000087500000, 0x0000000087500000, 0x0000000087600000|  0%| F|  |TAMS 0x0000000087500000, 0x0000000087500000| Untracked 
| 118|0x0000000087600000, 0x0000000087600000, 0x0000000087700000|  0%| F|  |TAMS 0x0000000087600000, 0x0000000087600000| Untracked 
| 119|0x0000000087700000, 0x0000000087700000, 0x0000000087800000|  0%| F|  |TAMS 0x0000000087700000, 0x0000000087700000| Untracked 
| 120|0x0000000087800000, 0x0000000087800000, 0x0000000087900000|  0%| F|  |TAMS 0x0000000087800000, 0x0000000087800000| Untracked 
| 121|0x0000000087900000, 0x0000000087900000, 0x0000000087a00000|  0%| F|  |TAMS 0x0000000087900000, 0x0000000087900000| Untracked 
| 122|0x0000000087a00000, 0x0000000087a00000, 0x0000000087b00000|  0%| F|  |TAMS 0x0000000087a00000, 0x0000000087a00000| Untracked 
| 123|0x0000000087b00000, 0x0000000087b00000, 0x0000000087c00000|  0%| F|  |TAMS 0x0000000087b00000, 0x0000000087b00000| Untracked 
| 124|0x0000000087c00000, 0x0000000087c00000, 0x0000000087d00000|  0%| F|  |TAMS 0x0000000087c00000, 0x0000000087c00000| Untracked 
| 125|0x0000000087d00000, 0x0000000087d00000, 0x0000000087e00000|  0%| F|  |TAMS 0x0000000087d00000, 0x0000000087d00000| Untracked 
| 126|0x0000000087e00000, 0x0000000087e00000, 0x0000000087f00000|  0%| F|  |TAMS 0x0000000087e00000, 0x0000000087e00000| Untracked 
| 127|0x0000000087f00000, 0x0000000087f00000, 0x0000000088000000|  0%| F|  |TAMS 0x0000000087f00000, 0x0000000087f00000| Untracked 
| 128|0x0000000088000000, 0x0000000088000000, 0x0000000088100000|  0%| F|  |TAMS 0x0000000088000000, 0x0000000088000000| Untracked 
| 129|0x0000000088100000, 0x0000000088100000, 0x0000000088200000|  0%| F|  |TAMS 0x0000000088100000, 0x0000000088100000| Untracked 
| 130|0x0000000088200000, 0x0000000088200000, 0x0000000088300000|  0%| F|  |TAMS 0x0000000088200000, 0x0000000088200000| Untracked 
| 131|0x0000000088300000, 0x0000000088300000, 0x0000000088400000|  0%| F|  |TAMS 0x0000000088300000, 0x0000000088300000| Untracked 
| 132|0x0000000088400000, 0x0000000088400000, 0x0000000088500000|  0%| F|  |TAMS 0x0000000088400000, 0x0000000088400000| Untracked 
| 133|0x0000000088500000, 0x0000000088500000, 0x0000000088600000|  0%| F|  |TAMS 0x0000000088500000, 0x0000000088500000| Untracked 
| 134|0x0000000088600000, 0x0000000088600000, 0x0000000088700000|  0%| F|  |TAMS 0x0000000088600000, 0x0000000088600000| Untracked 
| 135|0x0000000088700000, 0x0000000088700000, 0x0000000088800000|  0%| F|  |TAMS 0x0000000088700000, 0x0000000088700000| Untracked 
| 136|0x0000000088800000, 0x0000000088800000, 0x0000000088900000|  0%| F|  |TAMS 0x0000000088800000, 0x0000000088800000| Untracked 
| 137|0x0000000088900000, 0x0000000088900000, 0x0000000088a00000|  0%| F|  |TAMS 0x0000000088900000, 0x0000000088900000| Untracked 
| 138|0x0000000088a00000, 0x0000000088a00000, 0x0000000088b00000|  0%| F|  |TAMS 0x0000000088a00000, 0x0000000088a00000| Untracked 
| 139|0x0000000088b00000, 0x0000000088b00000, 0x0000000088c00000|  0%| F|  |TAMS 0x0000000088b00000, 0x0000000088b00000| Untracked 
| 140|0x0000000088c00000, 0x0000000088c00000, 0x0000000088d00000|  0%| F|  |TAMS 0x0000000088c00000, 0x0000000088c00000| Untracked 
| 141|0x0000000088d00000, 0x0000000088d00000, 0x0000000088e00000|  0%| F|  |TAMS 0x0000000088d00000, 0x0000000088d00000| Untracked 
| 142|0x0000000088e00000, 0x0000000088e00000, 0x0000000088f00000|  0%| F|  |TAMS 0x0000000088e00000, 0x0000000088e00000| Untracked 
| 143|0x0000000088f00000, 0x0000000088f00000, 0x0000000089000000|  0%| F|  |TAMS 0x0000000088f00000, 0x0000000088f00000| Untracked 
| 144|0x0000000089000000, 0x00000000890be488, 0x0000000089100000| 74%| S|CS|TAMS 0x0000000089000000, 0x0000000089000000| Complete 
| 145|0x0000000089100000, 0x0000000089200000, 0x0000000089200000|100%| S|CS|TAMS 0x0000000089100000, 0x0000000089100000| Complete 
| 146|0x0000000089200000, 0x0000000089300000, 0x0000000089300000|100%| S|CS|TAMS 0x0000000089200000, 0x0000000089200000| Complete 
| 147|0x0000000089300000, 0x0000000089400000, 0x0000000089400000|100%| S|CS|TAMS 0x0000000089300000, 0x0000000089300000| Complete 
| 148|0x0000000089400000, 0x0000000089500000, 0x0000000089500000|100%| S|CS|TAMS 0x0000000089400000, 0x0000000089400000| Complete 
| 149|0x0000000089500000, 0x0000000089500000, 0x0000000089600000|  0%| F|  |TAMS 0x0000000089500000, 0x0000000089500000| Untracked 
| 150|0x0000000089600000, 0x0000000089600000, 0x0000000089700000|  0%| F|  |TAMS 0x0000000089600000, 0x0000000089600000| Untracked 
| 151|0x0000000089700000, 0x0000000089700000, 0x0000000089800000|  0%| F|  |TAMS 0x0000000089700000, 0x0000000089700000| Untracked 
| 152|0x0000000089800000, 0x0000000089800000, 0x0000000089900000|  0%| F|  |TAMS 0x0000000089800000, 0x0000000089800000| Untracked 
| 153|0x0000000089900000, 0x0000000089900000, 0x0000000089a00000|  0%| F|  |TAMS 0x0000000089900000, 0x0000000089900000| Untracked 
| 154|0x0000000089a00000, 0x0000000089a00000, 0x0000000089b00000|  0%| F|  |TAMS 0x0000000089a00000, 0x0000000089a00000| Untracked 
| 155|0x0000000089b00000, 0x0000000089b00000, 0x0000000089c00000|  0%| F|  |TAMS 0x0000000089b00000, 0x0000000089b00000| Untracked 
| 156|0x0000000089c00000, 0x0000000089c00000, 0x0000000089d00000|  0%| F|  |TAMS 0x0000000089c00000, 0x0000000089c00000| Untracked 
| 157|0x0000000089d00000, 0x0000000089d00000, 0x0000000089e00000|  0%| F|  |TAMS 0x0000000089d00000, 0x0000000089d00000| Untracked 
| 158|0x0000000089e00000, 0x0000000089e00000, 0x0000000089f00000|  0%| F|  |TAMS 0x0000000089e00000, 0x0000000089e00000| Untracked 
| 159|0x0000000089f00000, 0x0000000089f00000, 0x000000008a000000|  0%| F|  |TAMS 0x0000000089f00000, 0x0000000089f00000| Untracked 

Card table byte_map: [0x000001abd9cc0000,0x000001abda0c0000] _byte_map_base: 0x000001abd98c0000

Marking Bits (Prev, Next): (CMBitMap*) 0x000001abc6aada08, (CMBitMap*) 0x000001abc6aada40
 Prev Bits: [0x000001abda4c0000, 0x000001abdc4c0000)
 Next Bits: [0x000001abdc4c0000, 0x000001abde4c0000)

Polling page: 0x000001abc6250000

Metaspace:

Usage:
  Non-class:     31.74 MB capacity,    31.22 MB ( 98%) used,   453.02 KB (  1%) free+waste,    78.06 KB ( <1%) overhead. 
      Class:      4.93 MB capacity,     4.64 MB ( 94%) used,   253.64 KB (  5%) free+waste,    38.00 KB ( <1%) overhead. 
       Both:     36.67 MB capacity,    35.86 MB ( 98%) used,   706.66 KB (  2%) free+waste,   116.06 KB ( <1%) overhead. 

Virtual space:
  Non-class space:       46.00 MB reserved,      31.75 MB ( 69%) committed 
      Class space:        1.00 GB reserved,       5.00 MB ( <1%) committed 
             Both:        1.04 GB reserved,      36.75 MB (  3%) committed 

Chunk freelists:
   Non-Class:  9.00 KB
       Class:  11.00 KB
        Both:  20.00 KB

MaxMetaspaceSize: 17179869184.00 GB
CompressedClassSpaceSize: 1.00 GB
Initial GC threshold: 20.80 MB
Current GC threshold: 58.87 MB
CDS: off

CodeHeap 'non-profiled nmethods': size=120000Kb used=1713Kb max_used=1713Kb free=118287Kb
 bounds [0x000001abd2050000, 0x000001abd22c0000, 0x000001abd9580000]
CodeHeap 'profiled nmethods': size=120000Kb used=6107Kb max_used=6107Kb free=113892Kb
 bounds [0x000001abcab20000, 0x000001abcb120000, 0x000001abd2050000]
CodeHeap 'non-nmethods': size=5760Kb used=1595Kb max_used=1608Kb free=4164Kb
 bounds [0x000001abca580000, 0x000001abca7f0000, 0x000001abcab20000]
 total_blobs=3647 nmethods=3028 adapters=531
 compilation: enabled
              stopped_count=0, restarted_count=0
 full_count=0

Compilation events (20 events):
Event: 4.988 Thread 0x000001abe189e000 3023       3       java.util.HashMap$KeySpliterator::<init> (12 bytes)
Event: 4.988 Thread 0x000001abe189e000 nmethod 3023 0x000001abcb112a10 code [0x000001abcb112bc0, 0x000001abcb112dd8]
Event: 4.988 Thread 0x000001abe189e000 3021       3       java.util.RegularEnumSet::contains (57 bytes)
Event: 4.989 Thread 0x000001abe189e000 nmethod 3021 0x000001abcb112f10 code [0x000001abcb1130e0, 0x000001abcb1134a8]
Event: 4.989 Thread 0x000001abe189e000 3024       3       java.util.HashMap$KeySpliterator::forEachRemaining (186 bytes)
Event: 4.989 Thread 0x000001abe189e000 nmethod 3024 0x000001abcb113610 code [0x000001abcb113840, 0x000001abcb114068]
Event: 4.989 Thread 0x000001abe189e000 3032   !   3       jdk.internal.loader.URLClassPath$JarLoader::ensureOpen (36 bytes)
Event: 4.989 Thread 0x000001abe189e000 nmethod 3032 0x000001abcb114310 code [0x000001abcb114500, 0x000001abcb114908]
Event: 4.989 Thread 0x000001abe189e000 3029       3       java.util.HashMap$KeySpliterator::tryAdvance (138 bytes)
Event: 4.989 Thread 0x000001abe189e000 nmethod 3029 0x000001abcb114a90 code [0x000001abcb114cc0, 0x000001abcb1153d8]
Event: 4.989 Thread 0x000001abe189e000 3025       3       java.util.LinkedHashMap$LinkedEntryIterator::next (5 bytes)
Event: 4.990 Thread 0x000001abe189e000 nmethod 3025 0x000001abcb115610 code [0x000001abcb1157e0, 0x000001abcb115968]
Event: 4.990 Thread 0x000001abe189e000 3026       3       java.util.LinkedHashMap$LinkedEntryIterator::next (5 bytes)
Event: 4.990 Thread 0x000001abe189e000 nmethod 3026 0x000001abcb115a10 code [0x000001abcb115bc0, 0x000001abcb115ce8]
Event: 4.990 Thread 0x000001abe189e000 3027       3       java.util.stream.ReferencePipeline::filter (22 bytes)
Event: 4.990 Thread 0x000001abe189e000 nmethod 3027 0x000001abcb115d90 code [0x000001abcb115f80, 0x000001abcb116498]
Event: 4.990 Thread 0x000001abe189e000 3028       3       java.util.stream.ReferencePipeline$2::<init> (20 bytes)
Event: 4.990 Thread 0x000001abe189e000 nmethod 3028 0x000001abcb116690 code [0x000001abcb116860, 0x000001abcb116b28]
Event: 4.993 Thread 0x000001abe189b000 nmethod 3009 0x000001abd21fb590 code [0x000001abd21fb780, 0x000001abd21fbe58]
Event: 4.993 Thread 0x000001abe189b000 3031   !   4       jdk.internal.loader.URLClassPath$JarLoader::getResource (353 bytes)

GC Heap History (14 events):
Event: 0.524 GC heap before
{Heap before GC invocations=0 (full 0):
 garbage-first heap   total 129024K, used 30720K [0x0000000080000000, 0x0000000100000000)
  region size 1024K, 24 young (24576K), 0 survivors (0K)
 Metaspace       used 10220K, capacity 10427K, committed 10624K, reserved 1058816K
  class space    used 1071K, capacity 1141K, committed 1152K, reserved 1048576K
}
Event: 0.528 GC heap after
{Heap after GC invocations=1 (full 0):
 garbage-first heap   total 129024K, used 9521K [0x0000000080000000, 0x0000000100000000)
  region size 1024K, 3 young (3072K), 3 survivors (3072K)
 Metaspace       used 10220K, capacity 10427K, committed 10624K, reserved 1058816K
  class space    used 1071K, capacity 1141K, committed 1152K, reserved 1048576K
}
Event: 0.740 GC heap before
{Heap before GC invocations=1 (full 0):
 garbage-first heap   total 129024K, used 32049K [0x0000000080000000, 0x0000000100000000)
  region size 1024K, 25 young (25600K), 3 survivors (3072K)
 Metaspace       used 11186K, capacity 11382K, committed 11520K, reserved 1058816K
  class space    used 1173K, capacity 1246K, committed 1280K, reserved 1048576K
}
Event: 0.744 GC heap after
{Heap after GC invocations=2 (full 0):
 garbage-first heap   total 129024K, used 10109K [0x0000000080000000, 0x0000000100000000)
  region size 1024K, 1 young (1024K), 1 survivors (1024K)
 Metaspace       used 11186K, capacity 11382K, committed 11520K, reserved 1058816K
  class space    used 1173K, capacity 1246K, committed 1280K, reserved 1048576K
}
Event: 1.591 GC heap before
{Heap before GC invocations=2 (full 0):
 garbage-first heap   total 129024K, used 62333K [0x0000000080000000, 0x0000000100000000)
  region size 1024K, 52 young (53248K), 1 survivors (1024K)
 Metaspace       used 17634K, capacity 17973K, committed 18176K, reserved 1064960K
  class space    used 2087K, capacity 2211K, committed 2304K, reserved 1048576K
}
Event: 1.621 GC heap after
{Heap after GC invocations=3 (full 0):
 garbage-first heap   total 129024K, used 16359K [0x0000000080000000, 0x0000000100000000)
  region size 1024K, 7 young (7168K), 7 survivors (7168K)
 Metaspace       used 17634K, capacity 17973K, committed 18176K, reserved 1064960K
  class space    used 2087K, capacity 2211K, committed 2304K, reserved 1048576K
}
Event: 2.090 GC heap before
{Heap before GC invocations=3 (full 0):
 garbage-first heap   total 129024K, used 44007K [0x0000000080000000, 0x0000000100000000)
  region size 1024K, 35 young (35840K), 7 survivors (7168K)
 Metaspace       used 20741K, capacity 21137K, committed 21248K, reserved 1067008K
  class space    used 2553K, capacity 2712K, committed 2816K, reserved 1048576K
}
Event: 2.099 GC heap after
{Heap after GC invocations=4 (full 0):
 garbage-first heap   total 129024K, used 17824K [0x0000000080000000, 0x0000000100000000)
  region size 1024K, 2 young (2048K), 2 survivors (2048K)
 Metaspace       used 20741K, capacity 21137K, committed 21248K, reserved 1067008K
  class space    used 2553K, capacity 2712K, committed 2816K, reserved 1048576K
}
Event: 3.316 GC heap before
{Heap before GC invocations=5 (full 0):
 garbage-first heap   total 129024K, used 71072K [0x0000000080000000, 0x0000000100000000)
  region size 1024K, 54 young (55296K), 2 survivors (2048K)
 Metaspace       used 26481K, capacity 27075K, committed 27264K, reserved 1073152K
  class space    used 3448K, capacity 3659K, committed 3712K, reserved 1048576K
}
Event: 3.320 GC heap after
{Heap after GC invocations=6 (full 0):
 garbage-first heap   total 163840K, used 19591K [0x0000000080000000, 0x0000000100000000)
  region size 1024K, 3 young (3072K), 3 survivors (3072K)
 Metaspace       used 26481K, capacity 27075K, committed 27264K, reserved 1073152K
  class space    used 3448K, capacity 3659K, committed 3712K, reserved 1048576K
}
Event: 4.656 GC heap before
{Heap before GC invocations=6 (full 0):
 garbage-first heap   total 163840K, used 76935K [0x0000000080000000, 0x0000000100000000)
  region size 1024K, 60 young (61440K), 3 survivors (3072K)
 Metaspace       used 34909K, capacity 35718K, committed 35840K, reserved 1081344K
  class space    used 4534K, capacity 4839K, committed 4864K, reserved 1048576K
}
Event: 4.668 GC heap after
{Heap after GC invocations=7 (full 0):
 garbage-first heap   total 163840K, used 22802K [0x0000000080000000, 0x0000000100000000)
  region size 1024K, 7 young (7168K), 7 survivors (7168K)
 Metaspace       used 34909K, capacity 35718K, committed 35840K, reserved 1081344K
  class space    used 4534K, capacity 4839K, committed 4864K, reserved 1048576K
}
Event: 4.997 GC heap before
{Heap before GC invocations=8 (full 0):
 garbage-first heap   total 163840K, used 32018K [0x0000000080000000, 0x0000000100000000)
  region size 1024K, 18 young (18432K), 7 survivors (7168K)
 Metaspace       used 36725K, capacity 37548K, committed 37632K, reserved 1093632K
  class space    used 4753K, capacity 5045K, committed 5120K, reserved 1048576K
}
Event: 5.007 GC heap after
{Heap after GC invocations=9 (full 0):
 garbage-first heap   total 163840K, used 24300K [0x0000000080000000, 0x0000000100000000)
  region size 1024K, 5 young (5120K), 5 survivors (5120K)
 Metaspace       used 36725K, capacity 37548K, committed 37632K, reserved 1093632K
  class space    used 4753K, capacity 5045K, committed 5120K, reserved 1048576K
}

Deoptimization events (20 events):
Event: 4.757 Thread 0x000001abe3af4800 Uncommon trap: trap_request=0xffffff5c fr.pc=0x000001abd20f4014 relative=0x0000000000000e54
Event: 4.757 Thread 0x000001abe3af4800 Uncommon trap: reason=speculate_null_assert action=make_not_entrant pc=0x000001abd20f4014 method=jdk.internal.loader.URLClassPath$JarLoader.getResource(Ljava/lang/String;ZLjava/util/Set;)Ljdk/internal/loader/Resource; @ 17 c2
Event: 4.757 Thread 0x000001abe3af4800 DEOPT PACKING pc=0x000001abd20f4014 sp=0x0000005834cf5340
Event: 4.757 Thread 0x000001abe3af4800 DEOPT UNPACKING pc=0x000001abca5885af sp=0x0000005834cf52e8 mode 2
Event: 4.882 Thread 0x000001abe3af4800 Uncommon trap: trap_request=0xffffff4d fr.pc=0x000001abd20ec71c relative=0x000000000000141c
Event: 4.882 Thread 0x000001abe3af4800 Uncommon trap: reason=unstable_if action=reinterpret pc=0x000001abd20ec71c method=sun.nio.fs.WindowsPathParser.isSlash(C)Z @ 9 c2
Event: 4.882 Thread 0x000001abe3af4800 DEOPT PACKING pc=0x000001abd20ec71c sp=0x0000005834cf93f0
Event: 4.882 Thread 0x000001abe3af4800 DEOPT UNPACKING pc=0x000001abca5885af sp=0x0000005834cf9380 mode 2
Event: 4.882 Thread 0x000001abe3af4800 Uncommon trap: trap_request=0xffffff4d fr.pc=0x000001abd20f2974 relative=0x00000000000000b4
Event: 4.882 Thread 0x000001abe3af4800 Uncommon trap: reason=unstable_if action=reinterpret pc=0x000001abd20f2974 method=sun.nio.fs.WindowsPathParser.isSlash(C)Z @ 9 c2
Event: 4.882 Thread 0x000001abe3af4800 DEOPT PACKING pc=0x000001abd20f2974 sp=0x0000005834cf93c0
Event: 4.882 Thread 0x000001abe3af4800 DEOPT UNPACKING pc=0x000001abca5885af sp=0x0000005834cf9308 mode 2
Event: 4.882 Thread 0x000001abe3af4800 Uncommon trap: trap_request=0xffffff4d fr.pc=0x000001abd206a85c relative=0x000000000000003c
Event: 4.882 Thread 0x000001abe3af4800 Uncommon trap: reason=unstable_if action=reinterpret pc=0x000001abd206a85c method=sun.nio.fs.WindowsPathParser.isSlash(C)Z @ 9 c2
Event: 4.882 Thread 0x000001abe3af4800 DEOPT PACKING pc=0x000001abd206a85c sp=0x0000005834cf93f0
Event: 4.882 Thread 0x000001abe3af4800 DEOPT UNPACKING pc=0x000001abca5885af sp=0x0000005834cf9378 mode 2
Event: 4.909 Thread 0x000001abe3af4800 Uncommon trap: trap_request=0xffffffc6 fr.pc=0x000001abd21ab360 relative=0x00000000000051c0
Event: 4.909 Thread 0x000001abe3af4800 Uncommon trap: reason=bimorphic_or_optimized_type_check action=maybe_recompile pc=0x000001abd21ab360 method=java.net.URL.<init>(Ljava/net/URL;Ljava/lang/String;Ljava/net/URLStreamHandler;)V @ 504 c2
Event: 4.909 Thread 0x000001abe3af4800 DEOPT PACKING pc=0x000001abd21ab360 sp=0x0000005834cf7660
Event: 4.909 Thread 0x000001abe3af4800 DEOPT UNPACKING pc=0x000001abca5885af sp=0x0000005834cf7600 mode 2

Classes redefined (0 events):
No events

Internal exceptions (20 events):
Event: 3.441 Thread 0x000001abe3af4800 Exception <a 'java/lang/NoSuchMethodError'{0x000000008925d4c8}: 'java.lang.Object java.lang.invoke.DirectMethodHandle$Holder.invokeStaticInit(java.lang.Object, java.lang.Object, java.lang.Object, java.lang.Object)'> (0x000000008925d4c8) thrown at [./src/hotspot/share/interpreter/linkResolver.cpp, line 773]
Event: 3.520 Thread 0x000001abe3af4800 Implicit null exception at 0x000001abd21469f5 to 0x000001abd2146bbc
Event: 3.520 Thread 0x000001abe3af4800 Implicit null exception at 0x000001abd210d32f to 0x000001abd210d39d
Event: 3.633 Thread 0x000001abe3af4800 Exception <a 'java/lang/NoSuchMethodError'{0x000000008818dff8}: 'java.lang.Object java.lang.invoke.Invokers$Holder.linkToTargetMethod(java.lang.Object, java.lang.Object, java.lang.Object, java.lang.Object, java.lang.Object, java.lang.Object, java.lang.Object, java.lang.Object)'> (0x000000008818dff8) thrown at [./src/hotspot/share/interpreter/linkResolver.cpp, line 773]
Event: 3.636 Thread 0x000001abe3af4800 Exception <a 'java/lang/NoSuchMethodError'{0x00000000881da640}: 'java.lang.Object java.lang.invoke.Invokers$Holder.linkToTargetMethod(java.lang.Object, java.lang.Object, java.lang.Object, java.lang.Object, java.lang.Object, java.lang.Object, java.lang.Object)'> (0x00000000881da640) thrown at [./src/hotspot/share/interpreter/linkResolver.cpp, line 773]
Event: 3.639 Thread 0x000001abe3af4800 Exception <a 'java/lang/IncompatibleClassChangeError'{0x0000000088019e20}: Found class java.lang.Object, but interface was expected> (0x0000000088019e20) thrown at [./src/hotspot/share/interpreter/linkResolver.cpp, line 839]
Event: 4.263 Thread 0x000001abe3af4800 Exception <a 'java/lang/NoSuchMethodError'{0x0000000086db87e8}: 'void java.lang.invoke.DirectMethodHandle$Holder.invokeStaticInit(java.lang.Object, java.lang.Object, java.lang.Object)'> (0x0000000086db87e8) thrown at [./src/hotspot/share/interpreter/linkResolver.cpp, line 773]
Event: 4.264 Thread 0x000001abe3af4800 Exception <a 'java/lang/NoSuchMethodError'{0x0000000086dbfa40}: 'void java.lang.invoke.DirectMethodHandle$Holder.invokeStaticInit(java.lang.Object, java.lang.Object, java.lang.Object, java.lang.Object)'> (0x0000000086dbfa40) thrown at [./src/hotspot/share/interpreter/linkResolver.cpp, line 773]
Event: 4.268 Thread 0x000001abe3af4800 Exception <a 'java/lang/NoSuchMethodError'{0x0000000086de2098}: 'void java.lang.invoke.DirectMethodHandle$Holder.invokeStaticInit(java.lang.Object, java.lang.Object, java.lang.Object, java.lang.Object, java.lang.Object)'> (0x0000000086de2098) thrown at [./src/hotspot/share/interpreter/linkResolver.cpp, line 773]
Event: 4.300 Thread 0x000001abe3af4800 Exception <a 'java/lang/NoSuchMethodError'{0x0000000086c40c70}: 'int java.lang.invoke.DirectMethodHandle$Holder.invokeStaticInit(java.lang.Object, java.lang.Object, java.lang.Object, java.lang.Object)'> (0x0000000086c40c70) thrown at [./src/hotspot/share/interpreter/linkResolver.cpp, line 773]
Event: 4.748 Thread 0x000001abe3af4800 Exception <a 'java/lang/NoSuchMethodError'{0x0000000089efa970}: 'java.lang.Object java.lang.invoke.DirectMethodHandle$Holder.invokeStatic(java.lang.Object, java.lang.Object, java.lang.Object, java.lang.Object, java.lang.Object, java.lang.Object, java.lang.Object, java.lang.Object, java.lang.Object, java.lang.Object, java.lang.Object, int)'> (0x0000000089efa970) thrown at [./src/hotspot/share/interpreter/linkResolver.cpp, line 773]
Event: 4.750 Thread 0x000001abe3af4800 Exception <a 'java/lang/NoSuchMethodError'{0x0000000089d197b8}: 'java.lang.Object java.lang.invoke.DirectMethodHandle$Holder.invokeStatic(java.lang.Object, java.lang.Object, java.lang.Object, java.lang.Object, java.lang.Object, java.lang.Object, java.lang.Object, java.lang.Object, java.lang.Object, java.lang.Object, java.lang.Object, int, int)'> (0x0000000089d197b8) thrown at [./src/hotspot/share/interpreter/linkResolver.cpp, line 773]
Event: 4.752 Thread 0x000001abe3af4800 Exception <a 'java/lang/NoSuchMethodError'{0x0000000089d38fe8}: 'java.lang.Object java.lang.invoke.DirectMethodHandle$Holder.invokeStatic(java.lang.Object, java.lang.Object, java.lang.Object, java.lang.Object, java.lang.Object, java.lang.Object, java.lang.Object, java.lang.Object, java.lang.Object, java.lang.Object, java.lang.Object, int, int, java.lang.Object)'> (0x0000000089d38fe8) thrown at [./src/hotspot/share/interpreter/linkResolver.cpp, line 773]
Event: 4.755 Thread 0x000001abe3af4800 Exception <a 'java/lang/NoSuchMethodError'{0x0000000089d5a0e0}: 'java.lang.Object java.lang.invoke.DirectMethodHandle$Holder.invokeStatic(java.lang.Object, java.lang.Object, java.lang.Object, java.lang.Object, java.lang.Object, java.lang.Object, java.lang.Object, java.lang.Object, java.lang.Object, java.lang.Object, java.lang.Object, int, int, java.lang.Object, java.lang.Object)'> (0x0000000089d5a0e0) thrown at [./src/hotspot/share/interpreter/linkResolver.cpp, line 773]
Event: 4.762 Thread 0x000001abe3af4800 Exception <a 'java/lang/ClassNotFoundException'{0x0000000089d89f38}: groovy/lang/ExpandoMetaClassBeanInfo> (0x0000000089d89f38) thrown at [./src/hotspot/share/classfile/systemDictionary.cpp, line 231]
Event: 4.763 Thread 0x000001abe3af4800 Exception <a 'java/lang/ClassNotFoundException'{0x0000000089da9fa8}: groovy/lang/MetaClassImplBeanInfo> (0x0000000089da9fa8) thrown at [./src/hotspot/share/classfile/systemDictionary.cpp, line 231]
Event: 4.763 Thread 0x000001abe3af4800 Exception <a 'java/lang/ClassNotFoundException'{0x0000000089db3260}: java/lang/ObjectBeanInfo> (0x0000000089db3260) thrown at [./src/hotspot/share/classfile/systemDictionary.cpp, line 231]
Event: 4.765 Thread 0x000001abe3af4800 Exception <a 'java/lang/ClassNotFoundException'{0x0000000089dbe958}: java/lang/ObjectCustomizer> (0x0000000089dbe958) thrown at [./src/hotspot/share/classfile/systemDictionary.cpp, line 231]
Event: 4.780 Thread 0x000001abe3af4800 Exception <a 'java/lang/ClassNotFoundException'{0x0000000089de5a40}: groovy/lang/MetaClassImplCustomizer> (0x0000000089de5a40) thrown at [./src/hotspot/share/classfile/systemDictionary.cpp, line 231]
Event: 4.784 Thread 0x000001abe3af4800 Exception <a 'java/lang/ClassNotFoundException'{0x0000000089c24ed8}: groovy/lang/ExpandoMetaClassCustomizer> (0x0000000089c24ed8) thrown at [./src/hotspot/share/classfile/systemDictionary.cpp, line 231]

Events (20 events):
Event: 4.964 loading class java/time/chrono/IsoChronology done
Event: 4.965 loading class java/nio/file/ClosedDirectoryStreamException
Event: 4.965 loading class java/nio/file/ClosedDirectoryStreamException done
Event: 4.965 loading class java/nio/file/DirectoryIteratorException
Event: 4.965 loading class java/nio/file/DirectoryIteratorException done
Event: 4.965 loading class java/nio/file/FileTreeWalker$DirectoryNode
Event: 4.965 loading class java/nio/file/FileTreeWalker$DirectoryNode done
Event: 4.966 loading class java/nio/file/FileTreeWalker$Event
Event: 4.966 loading class java/nio/file/FileTreeWalker$Event done
Event: 4.966 loading class java/nio/file/FileTreeWalker$EventType
Event: 4.966 loading class java/nio/file/FileTreeWalker$EventType done
Event: 4.966 loading class java/nio/file/Files$3
Event: 4.966 loading class java/nio/file/Files$3 done
Event: 4.966 loading class java/nio/file/FileVisitResult
Event: 4.966 loading class java/nio/file/FileVisitResult done
Event: 4.985 loading class jdk/nio/zipfs/ZipFileSystem
Event: 4.985 loading class jdk/nio/zipfs/ZipFileSystem done
Event: 4.989 loading class groovy/grape/GrapeIvy
Event: 4.989 loading class groovy/grape/GrapeIvy done
Event: 4.997 Executing VM operation: CollectForMetadataAllocation


Dynamic libraries:
