#
# There is insufficient memory for the Java Runtime Environment to continue.
# Native memory allocation (malloc) failed to allocate 2126896 bytes for Chunk::new
# Possible reasons:
#   The system is out of physical RAM or swap space
#   The process is running with CompressedOops enabled, and the Java Heap may be blocking the growth of the native heap
# Possible solutions:
#   Reduce memory load on the system
#   Increase physical memory or swap space
#   Check if swap backing store is full
#   Decrease Java heap size (-Xmx/-Xms)
#   Decrease number of Java threads
#   Decrease Java thread stack sizes (-Xss)
#   Set larger code cache with -XX:ReservedCodeCacheSize=
#   JVM is running with Unscaled Compressed Oops mode in which the Java heap is
#     placed in the first 4GB address space. The Java Heap base address is the
#     maximum limit for the native heap growth. Please use -XX:HeapBaseMinAddress
#     to set the Java Heap base and to place the Java Heap above 4GB virtual address.
# This output file may be truncated or incomplete.
#
#  Out of Memory Error (./src/hotspot/share/memory/arena.cpp:197), pid=7248, tid=4224
#
# JRE version: OpenJDK Runtime Environment (11.0.12+7) (build 11.0.12+7-b1504.28-7817840)
# Java VM: OpenJDK 64-Bit Server VM (11.0.12+7-b1504.28-7817840, mixed mode, tiered, compressed oops, g1 gc, windows-amd64)
# No core dump will be written. Minidumps are not enabled by default on client versions of Windows
#

---------------  S U M M A R Y ------------

Command Line: --add-opens=java.base/java.util=ALL-UNNAMED --add-opens=java.base/java.lang=ALL-UNNAMED --add-opens=java.base/java.lang.invoke=ALL-UNNAMED --add-opens=java.base/java.util=ALL-UNNAMED --add-opens=java.prefs/java.util.prefs=ALL-UNNAMED --add-opens=java.prefs/java.util.prefs=ALL-UNNAMED --add-opens=java.base/java.nio.charset=ALL-UNNAMED --add-opens=java.base/java.net=ALL-UNNAMED --add-opens=java.base/java.util.concurrent.atomic=ALL-UNNAMED -Xmx2048m -Dfile.encoding=UTF-8 -Duser.country=IN -Duser.language=en -Duser.variant org.gradle.launcher.daemon.bootstrap.GradleDaemon 7.3.3

Host: 11th Gen Intel(R) Core(TM) i5-11300H @ 3.10GHz, 8 cores, 7G,  Windows 10 , 64 bit Build 22000 (10.0.22000.708)
Time: Sun Jul 17 20:57:47 2022 India Standard Time elapsed time: 3338.711779 seconds (0d 0h 55m 38s)

---------------  T H R E A D  ---------------

Current thread (0x000001b54a49d800):  JavaThread "C2 CompilerThread0" daemon [_thread_in_native, id=4224, stack(0x0000003647500000,0x0000003647600000)]


Current CompileTask:
C2:3338711 19723   !   4       java.io.ObjectInputStream::readSerialData (563 bytes)

Stack: [0x0000003647500000,0x0000003647600000]
Native frames: (J=compiled Java code, j=interpreted, Vv=VM code, C=native code)
V  [jvm.dll+0x5fbcea]
V  [jvm.dll+0x731905]
V  [jvm.dll+0x732f1d]
V  [jvm.dll+0x7335d3]
V  [jvm.dll+0x247bf8]
V  [jvm.dll+0xc018c]
V  [jvm.dll+0xc06cc]
V  [jvm.dll+0x35b31d]
V  [jvm.dll+0x328803]
V  [jvm.dll+0x327cfa]
V  [jvm.dll+0x200602]
V  [jvm.dll+0x1ff794]
V  [jvm.dll+0x18868c]
V  [jvm.dll+0x20e0d7]
V  [jvm.dll+0x20c901]
V  [jvm.dll+0x6f9b7f]
V  [jvm.dll+0x6f26a5]
V  [jvm.dll+0x5fabf6]
C  [ucrtbase.dll+0x26c0c]
C  [KERNEL32.DLL+0x154e0]
C  [ntdll.dll+0x485b]


---------------  P R O C E S S  ---------------

Threads class SMR info:
_java_thread_list=0x000001b5526b24e0, length=142, elements={
0x000001b52f66c800, 0x000001b549b13800, 0x000001b549b14800, 0x000001b54a496800,
0x000001b54a499800, 0x000001b54a49a800, 0x000001b54a49d800, 0x000001b54a4a0800,
0x000001b54a4a2800, 0x000001b54a5e3800, 0x000001b54a5e4000, 0x000001b54a5e5000,
0x000001b54a5e6000, 0x000001b54d1d1800, 0x000001b54d1d0800, 0x000001b54d1cf000,
0x000001b54d1d2000, 0x000001b54d1d3000, 0x000001b54d1d4000, 0x000001b54d6ef000,
0x000001b54d6f0000, 0x000001b54d6ed800, 0x000001b54d6f1800, 0x000001b54d6f0800,
0x000001b54d6eb800, 0x000001b54d6f2000, 0x000001b54d6ee000, 0x000001b54d6fa800,
0x000001b54aac8800, 0x000001b54aac5000, 0x000001b54aac6000, 0x000001b54aac9800,
0x000001b54aaca000, 0x000001b54aac4800, 0x000001b54aacb800, 0x000001b54aad0800,
0x000001b54aace000, 0x000001b54aad1800, 0x000001b54aacc800, 0x000001b54aacf000,
0x000001b54aad3000, 0x000001b54aacd800, 0x000001b54d6f3000, 0x000001b54d6f5800,
0x000001b54d6f4000, 0x000001b54d6f6800, 0x000001b54d6f8000, 0x000001b54a5e6800,
0x000001b54a5e1000, 0x000001b54a5e7800, 0x000001b54a5e1800, 0x000001b54a5e2800,
0x000001b54d1d4800, 0x000001b54d1d5800, 0x000001b54d1cf800, 0x000001b5501d2000,
0x000001b5501d3000, 0x000001b5501cd000, 0x000001b5501d1000, 0x000001b5501cf800,
0x000001b5501ce800, 0x000001b5501d0800, 0x000001b5501d3800, 0x000001b5501ce000,
0x000001b5501d9800, 0x000001b5501d7000, 0x000001b5501d6000, 0x000001b5501d8800,
0x000001b5501d7800, 0x000001b5501da000, 0x000001b5501d4800, 0x000001b5501d5000,
0x000001b5501db000, 0x000001b5501db800, 0x000001b552ab1800, 0x000001b552aaf000,
0x000001b552aae000, 0x000001b552ab2000, 0x000001b552ab3000, 0x000001b552aad800,
0x000001b552ab5800, 0x000001b552ab4000, 0x000001b552aaf800, 0x000001b552ab4800,
0x000001b552ab6800, 0x000001b552ab0800, 0x000001b552ab7000, 0x000001b552ab8000,
0x000001b552ab8800, 0x000001b552ab9800, 0x000001b552aba800, 0x000001b552abb000,
0x000001b552abc000, 0x000001b552311000, 0x000001b552310000, 0x000001b55230c000,
0x000001b55230b000, 0x000001b55230d800, 0x000001b55230e800, 0x000001b552312800,
0x000001b55230c800, 0x000001b552315000, 0x000001b552311800, 0x000001b55230f000,
0x000001b552318000, 0x000001b552319000, 0x000001b552317800, 0x000001b552313000,
0x000001b552314000, 0x000001b55231a000, 0x000001b552315800, 0x000001b552316800,
0x000001b552042000, 0x000001b552041000, 0x000001b55203c000, 0x000001b552040000,
0x000001b55203e000, 0x000001b55203d000, 0x000001b552042800, 0x000001b552043800,
0x000001b55203f800, 0x000001b552044800, 0x000001b55203e800, 0x000001b55204b000,
0x000001b552045000, 0x000001b552047800, 0x000001b552046000, 0x000001b552048800,
0x000001b552047000, 0x000001b552049000, 0x000001b55204a000, 0x000001b559da0000,
0x000001b559d9a800, 0x000001b559da1000, 0x000001b559d9b000, 0x000001b559da1800,
0x000001b559d9c000, 0x000001b559da2800, 0x000001b559d9c800, 0x000001b559da3000,
0x000001b559d9e800, 0x000001b559d9d800
}

Java Threads: ( => current thread )
  0x000001b52f66c800 JavaThread "main" [_thread_blocked, id=14000, stack(0x0000003646900000,0x0000003646a00000)]
  0x000001b549b13800 JavaThread "Reference Handler" daemon [_thread_blocked, id=6832, stack(0x0000003647000000,0x0000003647100000)]
  0x000001b549b14800 JavaThread "Finalizer" daemon [_thread_blocked, id=6964, stack(0x0000003647100000,0x0000003647200000)]
  0x000001b54a496800 JavaThread "Signal Dispatcher" daemon [_thread_blocked, id=6952, stack(0x0000003647200000,0x0000003647300000)]
  0x000001b54a499800 JavaThread "Attach Listener" daemon [_thread_blocked, id=14924, stack(0x0000003647300000,0x0000003647400000)]
  0x000001b54a49a800 JavaThread "Service Thread" daemon [_thread_blocked, id=1276, stack(0x0000003647400000,0x0000003647500000)]
=>0x000001b54a49d800 JavaThread "C2 CompilerThread0" daemon [_thread_in_native, id=4224, stack(0x0000003647500000,0x0000003647600000)]
  0x000001b54a4a0800 JavaThread "C1 CompilerThread0" daemon [_thread_in_native, id=10084, stack(0x0000003647600000,0x0000003647700000)]
  0x000001b54a4a2800 JavaThread "Sweeper thread" daemon [_thread_blocked, id=11784, stack(0x0000003647700000,0x0000003647800000)]
  0x000001b54a5e3800 JavaThread "Common-Cleaner" daemon [_thread_blocked, id=12932, stack(0x0000003647800000,0x0000003647900000)]
  0x000001b54a5e4000 JavaThread "Daemon health stats" [_thread_blocked, id=5860, stack(0x0000003647e00000,0x0000003647f00000)]
  0x000001b54a5e5000 JavaThread "Incoming local TCP Connector on port 59541" [_thread_in_native, id=17260, stack(0x0000003647a00000,0x0000003647b00000)]
  0x000001b54a5e6000 JavaThread "Daemon periodic checks" [_thread_blocked, id=4796, stack(0x0000003647d00000,0x0000003647e00000)]
  0x000001b54d1d1800 JavaThread "Cache worker for journal cache (C:\Users\UMESH\.gradle\caches\journal-1)" [_thread_blocked, id=16292, stack(0x0000003648b00000,0x0000003648c00000)]
  0x000001b54d1d0800 JavaThread "File lock request listener" [_thread_in_native, id=13776, stack(0x0000003648c00000,0x0000003648d00000)]
  0x000001b54d1cf000 JavaThread "Cache worker for file hash cache (C:\Users\UMESH\.gradle\caches\7.3.3\fileHashes)" [_thread_blocked, id=556, stack(0x0000003648e00000,0x0000003648f00000)]
  0x000001b54d1d2000 JavaThread "File watcher server" daemon [_thread_in_native, id=14984, stack(0x0000003649100000,0x0000003649200000)]
  0x000001b54d1d3000 JavaThread "File watcher consumer" daemon [_thread_blocked, id=16152, stack(0x0000003649200000,0x0000003649300000)]
  0x000001b54d1d4000 JavaThread "jar transforms" [_thread_blocked, id=10152, stack(0x0000003649300000,0x0000003649400000)]
  0x000001b54d6ef000 JavaThread "jar transforms Thread 2" [_thread_blocked, id=6672, stack(0x0000003649400000,0x0000003649500000)]
  0x000001b54d6f0000 JavaThread "jar transforms Thread 3" [_thread_blocked, id=13248, stack(0x0000003649500000,0x0000003649600000)]
  0x000001b54d6ed800 JavaThread "jar transforms Thread 4" [_thread_blocked, id=14948, stack(0x0000003649600000,0x0000003649700000)]
  0x000001b54d6f1800 JavaThread "jar transforms Thread 5" [_thread_blocked, id=11204, stack(0x0000003649700000,0x0000003649800000)]
  0x000001b54d6f0800 JavaThread "jar transforms Thread 6" [_thread_blocked, id=10576, stack(0x0000003649800000,0x0000003649900000)]
  0x000001b54d6eb800 JavaThread "jar transforms Thread 7" [_thread_blocked, id=6408, stack(0x0000003649900000,0x0000003649a00000)]
  0x000001b54d6f2000 JavaThread "jar transforms Thread 8" [_thread_blocked, id=988, stack(0x0000003649a00000,0x0000003649b00000)]
  0x000001b54d6ee000 JavaThread "Cache worker for execution history cache (C:\Users\UMESH\.gradle\caches\7.3.3\executionHistory)" [_thread_blocked, id=14708, stack(0x0000003649e00000,0x0000003649f00000)]
  0x000001b54d6fa800 JavaThread "Cache worker for file content cache (C:\Users\UMESH\.gradle\caches\7.3.3\fileContent)" [_thread_blocked, id=17144, stack(0x000000364a000000,0x000000364a100000)]
  0x000001b54aac8800 JavaThread "Memory manager" [_thread_blocked, id=5796, stack(0x000000364f400000,0x000000364f500000)]
  0x000001b54aac5000 JavaThread "pool-3-thread-1" [_thread_blocked, id=15444, stack(0x000000364f500000,0x000000364f600000)]
  0x000001b54aac6000 JavaThread "Daemon Thread 2" [_thread_blocked, id=2784, stack(0x0000003646600000,0x0000003646700000)]
  0x000001b54aac9800 JavaThread "Handler for socket connection from /127.0.0.1:59541 to /127.0.0.1:60307" [_thread_in_native, id=13380, stack(0x0000003646700000,0x0000003646800000)]
  0x000001b54aaca000 JavaThread "Cancel handler" [_thread_blocked, id=14612, stack(0x0000003646800000,0x0000003646900000)]
  0x000001b54aac4800 JavaThread "Daemon worker Thread 2" [_thread_blocked, id=15596, stack(0x0000003647f00000,0x0000003648000000)]
  0x000001b54aacb800 JavaThread "Asynchronous log dispatcher for DefaultDaemonConnection: socket connection from /127.0.0.1:59541 to /127.0.0.1:60307" [_thread_blocked, id=17268, stack(0x0000003648000000,0x0000003648100000)]
  0x000001b54aad0800 JavaThread "Stdin handler" [_thread_blocked, id=14920, stack(0x0000003648100000,0x0000003648200000)]
  0x000001b54aace000 JavaThread "Daemon client event forwarder" [_thread_blocked, id=15632, stack(0x0000003648200000,0x0000003648300000)]
  0x000001b54aad1800 JavaThread "Cache worker for file hash cache (C:\Users\UMESH\AndroidStudioProjects\Uchat\.gradle\7.3.3\fileHashes)" [_thread_blocked, id=13272, stack(0x0000003648300000,0x0000003648400000)]
  0x000001b54aacc800 JavaThread "Cache worker for checksums cache (C:\Users\UMESH\AndroidStudioProjects\Uchat\.gradle\7.3.3\checksums)" [_thread_blocked, id=2332, stack(0x0000003648500000,0x0000003648600000)]
  0x000001b54aacf000 JavaThread "Cache worker for cache directory md-supplier (C:\Users\UMESH\.gradle\caches\7.3.3\md-supplier)" [_thread_blocked, id=1604, stack(0x0000003648f00000,0x0000003649000000)]
  0x000001b54aad3000 JavaThread "Cache worker for cache directory md-rule (C:\Users\UMESH\.gradle\caches\7.3.3\md-rule)" [_thread_blocked, id=17516, stack(0x0000003649000000,0x0000003649100000)]
  0x000001b54aacd800 JavaThread "Cache worker for dependencies-accessors (C:\Users\UMESH\AndroidStudioProjects\Uchat\.gradle\7.3.3\dependencies-accessors)" [_thread_blocked, id=12828, stack(0x0000003649b00000,0x0000003649c00000)]
  0x000001b54d6f3000 JavaThread "Cache worker for Build Output Cleanup Cache (C:\Users\UMESH\AndroidStudioProjects\Uchat\.gradle\buildOutputCleanup)" [_thread_blocked, id=17056, stack(0x0000003649d00000,0x0000003649e00000)]
  0x000001b54d6f5800 JavaThread "Unconstrained build operations" [_thread_blocked, id=15048, stack(0x0000003649f00000,0x000000364a000000)]
  0x000001b54d6f4000 JavaThread "Unconstrained build operations Thread 2" [_thread_blocked, id=13676, stack(0x000000364a100000,0x000000364a200000)]
  0x000001b54d6f6800 JavaThread "Unconstrained build operations Thread 3" [_thread_blocked, id=15824, stack(0x000000364a200000,0x000000364a300000)]
  0x000001b54d6f8000 JavaThread "Unconstrained build operations Thread 4" [_thread_blocked, id=3180, stack(0x000000364a300000,0x000000364a400000)]
  0x000001b54a5e6800 JavaThread "Unconstrained build operations Thread 5" [_thread_blocked, id=16920, stack(0x000000364a400000,0x000000364a500000)]
  0x000001b54a5e1000 JavaThread "Unconstrained build operations Thread 6" [_thread_blocked, id=7564, stack(0x000000364a500000,0x000000364a600000)]
  0x000001b54a5e7800 JavaThread "Unconstrained build operations Thread 7" [_thread_blocked, id=11084, stack(0x000000364a600000,0x000000364a700000)]
  0x000001b54a5e1800 JavaThread "Unconstrained build operations Thread 8" [_thread_blocked, id=4840, stack(0x000000364a700000,0x000000364a800000)]
  0x000001b54a5e2800 JavaThread "Unconstrained build operations Thread 9" [_thread_blocked, id=9404, stack(0x000000364a800000,0x000000364a900000)]
  0x000001b54d1d4800 JavaThread "Unconstrained build operations Thread 10" [_thread_blocked, id=17460, stack(0x000000364a900000,0x000000364aa00000)]
  0x000001b54d1d5800 JavaThread "Unconstrained build operations Thread 11" [_thread_blocked, id=14424, stack(0x000000364aa00000,0x000000364ab00000)]
  0x000001b54d1cf800 JavaThread "Unconstrained build operations Thread 12" [_thread_blocked, id=14876, stack(0x000000364ab00000,0x000000364ac00000)]
  0x000001b5501d2000 JavaThread "Unconstrained build operations Thread 13" [_thread_blocked, id=4628, stack(0x000000364ac00000,0x000000364ad00000)]
  0x000001b5501d3000 JavaThread "Unconstrained build operations Thread 14" [_thread_blocked, id=3292, stack(0x000000364ad00000,0x000000364ae00000)]
  0x000001b5501cd000 JavaThread "Unconstrained build operations Thread 15" [_thread_blocked, id=8336, stack(0x000000364ae00000,0x000000364af00000)]
  0x000001b5501d1000 JavaThread "Unconstrained build operations Thread 16" [_thread_blocked, id=18220, stack(0x000000364af00000,0x000000364b000000)]
  0x000001b5501cf800 JavaThread "Unconstrained build operations Thread 17" [_thread_blocked, id=16708, stack(0x000000364b000000,0x000000364b100000)]
  0x000001b5501ce800 JavaThread "Unconstrained build operations Thread 18" [_thread_blocked, id=15552, stack(0x000000364b100000,0x000000364b200000)]
  0x000001b5501d0800 JavaThread "Unconstrained build operations Thread 19" [_thread_blocked, id=8596, stack(0x000000364b200000,0x000000364b300000)]
  0x000001b5501d3800 JavaThread "Unconstrained build operations Thread 20" [_thread_blocked, id=12792, stack(0x000000364b300000,0x000000364b400000)]
  0x000001b5501ce000 JavaThread "Unconstrained build operations Thread 21" [_thread_blocked, id=17204, stack(0x000000364b400000,0x000000364b500000)]
  0x000001b5501d9800 JavaThread "Unconstrained build operations Thread 22" [_thread_blocked, id=17780, stack(0x000000364b500000,0x000000364b600000)]
  0x000001b5501d7000 JavaThread "Unconstrained build operations Thread 23" [_thread_blocked, id=1960, stack(0x000000364b600000,0x000000364b700000)]
  0x000001b5501d6000 JavaThread "Unconstrained build operations Thread 24" [_thread_blocked, id=7724, stack(0x000000364b700000,0x000000364b800000)]
  0x000001b5501d8800 JavaThread "Unconstrained build operations Thread 25" [_thread_blocked, id=15996, stack(0x000000364b800000,0x000000364b900000)]
  0x000001b5501d7800 JavaThread "Unconstrained build operations Thread 26" [_thread_blocked, id=3048, stack(0x000000364b900000,0x000000364ba00000)]
  0x000001b5501da000 JavaThread "Unconstrained build operations Thread 27" [_thread_blocked, id=3284, stack(0x000000364ba00000,0x000000364bb00000)]
  0x000001b5501d4800 JavaThread "Unconstrained build operations Thread 28" [_thread_blocked, id=4472, stack(0x000000364bb00000,0x000000364bc00000)]
  0x000001b5501d5000 JavaThread "Unconstrained build operations Thread 29" [_thread_blocked, id=4560, stack(0x000000364bc00000,0x000000364bd00000)]
  0x000001b5501db000 JavaThread "Unconstrained build operations Thread 30" [_thread_blocked, id=1184, stack(0x000000364bd00000,0x000000364be00000)]
  0x000001b5501db800 JavaThread "Unconstrained build operations Thread 31" [_thread_blocked, id=13108, stack(0x000000364be00000,0x000000364bf00000)]
  0x000001b552ab1800 JavaThread "Unconstrained build operations Thread 32" [_thread_blocked, id=6676, stack(0x000000364bf00000,0x000000364c000000)]
  0x000001b552aaf000 JavaThread "Unconstrained build operations Thread 33" [_thread_blocked, id=13336, stack(0x000000364c000000,0x000000364c100000)]
  0x000001b552aae000 JavaThread "Unconstrained build operations Thread 34" [_thread_blocked, id=8444, stack(0x000000364c100000,0x000000364c200000)]
  0x000001b552ab2000 JavaThread "Unconstrained build operations Thread 35" [_thread_blocked, id=16064, stack(0x000000364c200000,0x000000364c300000)]
  0x000001b552ab3000 JavaThread "Unconstrained build operations Thread 36" [_thread_blocked, id=14824, stack(0x000000364c300000,0x000000364c400000)]
  0x000001b552aad800 JavaThread "Unconstrained build operations Thread 37" [_thread_blocked, id=8760, stack(0x000000364c400000,0x000000364c500000)]
  0x000001b552ab5800 JavaThread "Unconstrained build operations Thread 38" [_thread_blocked, id=7004, stack(0x000000364c500000,0x000000364c600000)]
  0x000001b552ab4000 JavaThread "Unconstrained build operations Thread 39" [_thread_blocked, id=7260, stack(0x000000364c600000,0x000000364c700000)]
  0x000001b552aaf800 JavaThread "Unconstrained build operations Thread 40" [_thread_blocked, id=13832, stack(0x000000364c700000,0x000000364c800000)]
  0x000001b552ab4800 JavaThread "Unconstrained build operations Thread 41" [_thread_blocked, id=15712, stack(0x000000364c800000,0x000000364c900000)]
  0x000001b552ab6800 JavaThread "Unconstrained build operations Thread 42" [_thread_blocked, id=13008, stack(0x000000364c900000,0x000000364ca00000)]
  0x000001b552ab0800 JavaThread "Unconstrained build operations Thread 43" [_thread_blocked, id=10264, stack(0x000000364ca00000,0x000000364cb00000)]
  0x000001b552ab7000 JavaThread "Unconstrained build operations Thread 44" [_thread_blocked, id=14552, stack(0x000000364cb00000,0x000000364cc00000)]
  0x000001b552ab8000 JavaThread "Unconstrained build operations Thread 45" [_thread_blocked, id=11392, stack(0x000000364cc00000,0x000000364cd00000)]
  0x000001b552ab8800 JavaThread "Unconstrained build operations Thread 46" [_thread_blocked, id=3604, stack(0x000000364cd00000,0x000000364ce00000)]
  0x000001b552ab9800 JavaThread "Unconstrained build operations Thread 47" [_thread_blocked, id=8720, stack(0x000000364ce00000,0x000000364cf00000)]
  0x000001b552aba800 JavaThread "Unconstrained build operations Thread 48" [_thread_blocked, id=14716, stack(0x000000364cf00000,0x000000364d000000)]
  0x000001b552abb000 JavaThread "Unconstrained build operations Thread 49" [_thread_blocked, id=7160, stack(0x000000364d000000,0x000000364d100000)]
  0x000001b552abc000 JavaThread "Unconstrained build operations Thread 50" [_thread_blocked, id=17536, stack(0x000000364d100000,0x000000364d200000)]
  0x000001b552311000 JavaThread "Unconstrained build operations Thread 51" [_thread_blocked, id=16884, stack(0x000000364d200000,0x000000364d300000)]
  0x000001b552310000 JavaThread "Unconstrained build operations Thread 52" [_thread_blocked, id=9280, stack(0x000000364d300000,0x000000364d400000)]
  0x000001b55230c000 JavaThread "Unconstrained build operations Thread 53" [_thread_blocked, id=14676, stack(0x000000364d400000,0x000000364d500000)]
  0x000001b55230b000 JavaThread "Unconstrained build operations Thread 54" [_thread_blocked, id=16824, stack(0x000000364d500000,0x000000364d600000)]
  0x000001b55230d800 JavaThread "Unconstrained build operations Thread 55" [_thread_blocked, id=16392, stack(0x000000364d600000,0x000000364d700000)]
  0x000001b55230e800 JavaThread "Unconstrained build operations Thread 56" [_thread_blocked, id=14120, stack(0x000000364d700000,0x000000364d800000)]
  0x000001b552312800 JavaThread "Unconstrained build operations Thread 57" [_thread_blocked, id=9980, stack(0x000000364d800000,0x000000364d900000)]
  0x000001b55230c800 JavaThread "Unconstrained build operations Thread 58" [_thread_blocked, id=16196, stack(0x000000364d900000,0x000000364da00000)]
  0x000001b552315000 JavaThread "Unconstrained build operations Thread 59" [_thread_blocked, id=7280, stack(0x000000364da00000,0x000000364db00000)]
  0x000001b552311800 JavaThread "Unconstrained build operations Thread 60" [_thread_blocked, id=17132, stack(0x000000364db00000,0x000000364dc00000)]
  0x000001b55230f000 JavaThread "Unconstrained build operations Thread 61" [_thread_blocked, id=10960, stack(0x000000364dc00000,0x000000364dd00000)]
  0x000001b552318000 JavaThread "Unconstrained build operations Thread 62" [_thread_blocked, id=12472, stack(0x000000364dd00000,0x000000364de00000)]
  0x000001b552319000 JavaThread "Unconstrained build operations Thread 63" [_thread_blocked, id=13188, stack(0x000000364de00000,0x000000364df00000)]
  0x000001b552317800 JavaThread "Unconstrained build operations Thread 64" [_thread_blocked, id=4356, stack(0x000000364df00000,0x000000364e000000)]
  0x000001b552313000 JavaThread "Unconstrained build operations Thread 65" [_thread_blocked, id=17216, stack(0x000000364e000000,0x000000364e100000)]
  0x000001b552314000 JavaThread "Unconstrained build operations Thread 66" [_thread_blocked, id=3668, stack(0x000000364e100000,0x000000364e200000)]
  0x000001b55231a000 JavaThread "Unconstrained build operations Thread 67" [_thread_blocked, id=2724, stack(0x000000364e200000,0x000000364e300000)]
  0x000001b552315800 JavaThread "Unconstrained build operations Thread 68" [_thread_blocked, id=18156, stack(0x000000364e300000,0x000000364e400000)]
  0x000001b552316800 JavaThread "Unconstrained build operations Thread 69" [_thread_blocked, id=15044, stack(0x000000364e400000,0x000000364e500000)]
  0x000001b552042000 JavaThread "Unconstrained build operations Thread 70" [_thread_blocked, id=18316, stack(0x000000364e500000,0x000000364e600000)]
  0x000001b552041000 JavaThread "Unconstrained build operations Thread 71" [_thread_blocked, id=7980, stack(0x000000364e600000,0x000000364e700000)]
  0x000001b55203c000 JavaThread "Unconstrained build operations Thread 72" [_thread_blocked, id=6004, stack(0x000000364e700000,0x000000364e800000)]
  0x000001b552040000 JavaThread "Unconstrained build operations Thread 73" [_thread_blocked, id=16516, stack(0x000000364e800000,0x000000364e900000)]
  0x000001b55203e000 JavaThread "Unconstrained build operations Thread 74" [_thread_blocked, id=10460, stack(0x000000364e900000,0x000000364ea00000)]
  0x000001b55203d000 JavaThread "Unconstrained build operations Thread 75" [_thread_blocked, id=10724, stack(0x000000364ea00000,0x000000364eb00000)]
  0x000001b552042800 JavaThread "Unconstrained build operations Thread 76" [_thread_blocked, id=17016, stack(0x000000364eb00000,0x000000364ec00000)]
  0x000001b552043800 JavaThread "Unconstrained build operations Thread 77" [_thread_blocked, id=13588, stack(0x000000364ec00000,0x000000364ed00000)]
  0x000001b55203f800 JavaThread "Unconstrained build operations Thread 78" [_thread_blocked, id=13860, stack(0x000000364ed00000,0x000000364ee00000)]
  0x000001b552044800 JavaThread "Unconstrained build operations Thread 79" [_thread_blocked, id=10212, stack(0x000000364ee00000,0x000000364ef00000)]
  0x000001b55203e800 JavaThread "Unconstrained build operations Thread 80" [_thread_blocked, id=15620, stack(0x000000364ef00000,0x000000364f000000)]
  0x000001b55204b000 JavaThread "build event listener" [_thread_blocked, id=16616, stack(0x000000364f000000,0x000000364f100000)]
  0x000001b552045000 JavaThread "pool-6-thread-1" [_thread_blocked, id=16704, stack(0x000000364f100000,0x000000364f200000)]
  0x000001b552047800 JavaThread "build event listener" [_thread_blocked, id=16068, stack(0x000000364f200000,0x000000364f300000)]
  0x000001b552046000 JavaThread "Execution worker for ':'" [_thread_blocked, id=9360, stack(0x000000364f300000,0x000000364f400000)]
  0x000001b552048800 JavaThread "Execution worker for ':' Thread 2" [_thread_blocked, id=14548, stack(0x000000364f600000,0x000000364f700000)]
  0x000001b552047000 JavaThread "Execution worker for ':' Thread 3" [_thread_blocked, id=2836, stack(0x000000364f700000,0x000000364f800000)]
  0x000001b552049000 JavaThread "Execution worker for ':' Thread 4" [_thread_blocked, id=17540, stack(0x000000364f800000,0x000000364f900000)]
  0x000001b55204a000 JavaThread "Execution worker for ':' Thread 5" [_thread_blocked, id=13788, stack(0x000000364f900000,0x000000364fa00000)]
  0x000001b559da0000 JavaThread "Execution worker for ':' Thread 6" [_thread_blocked, id=7584, stack(0x000000364fa00000,0x000000364fb00000)]
  0x000001b559d9a800 JavaThread "Execution worker for ':' Thread 7" [_thread_blocked, id=11296, stack(0x000000364fb00000,0x000000364fc00000)]
  0x000001b559da1000 JavaThread "Cache worker for execution history cache (C:\Users\UMESH\AndroidStudioProjects\Uchat\.gradle\7.3.3\executionHistory)" [_thread_blocked, id=14188, stack(0x000000364fc00000,0x000000364fd00000)]
  0x000001b559d9b000 JavaThread "WorkerExecutor Queue" [_thread_in_Java, id=14012, stack(0x000000364fd00000,0x000000364fe00000)]
  0x000001b559da1800 JavaThread "WorkerExecutor Queue Thread 2" [_thread_blocked, id=15356, stack(0x0000003648400000,0x0000003648500000)]
  0x000001b559d9c000 JavaThread "WorkerExecutor Queue Thread 3" [_thread_blocked, id=2084, stack(0x0000003649c00000,0x0000003649d00000)]
  0x000001b559da2800 JavaThread "WorkerExecutor Queue Thread 4" [_thread_in_vm, id=2956, stack(0x000000364fe00000,0x000000364ff00000)]
  0x000001b559d9c800 JavaThread "WorkerExecutor Queue Thread 5" [_thread_blocked, id=7924, stack(0x000000364ff00000,0x0000003650000000)]
  0x000001b559da3000 JavaThread "WorkerExecutor Queue Thread 6" [_thread_blocked, id=10372, stack(0x0000003650000000,0x0000003650100000)]
  0x000001b559d9e800 JavaThread "WorkerExecutor Queue Thread 7" [_thread_blocked, id=5036, stack(0x0000003650100000,0x0000003650200000)]
  0x000001b559d9d800 JavaThread "WorkerExecutor Queue Thread 8" [_thread_blocked, id=11228, stack(0x0000003650200000,0x0000003650300000)]

Other Threads:
  0x000001b549b0e000 VMThread "VM Thread" [stack: 0x0000003646f00000,0x0000003647000000] [id=17176]
  0x000001b54a5fc000 WatcherThread [stack: 0x0000003647900000,0x0000003647a00000] [id=17308]
  0x000001b52f687800 GCTaskThread "GC Thread#0" [stack: 0x0000003646a00000,0x0000003646b00000] [id=10364]
  0x000001b54b4db000 GCTaskThread "GC Thread#1" [stack: 0x0000003647b00000,0x0000003647c00000] [id=13504]
  0x000001b54b3cc000 GCTaskThread "GC Thread#2" [stack: 0x0000003647c00000,0x0000003647d00000] [id=12620]
  0x000001b54d5c3000 GCTaskThread "GC Thread#3" [stack: 0x0000003648600000,0x0000003648700000] [id=17904]
  0x000001b54d4a2000 GCTaskThread "GC Thread#4" [stack: 0x0000003648700000,0x0000003648800000] [id=16204]
  0x000001b54d4a3000 GCTaskThread "GC Thread#5" [stack: 0x0000003648800000,0x0000003648900000] [id=17980]
  0x000001b54b89e000 GCTaskThread "GC Thread#6" [stack: 0x0000003648900000,0x0000003648a00000] [id=16844]
  0x000001b54d4b7800 GCTaskThread "GC Thread#7" [stack: 0x0000003648a00000,0x0000003648b00000] [id=7344]
  0x000001b52f6b7800 ConcurrentGCThread "G1 Main Marker" [stack: 0x0000003646b00000,0x0000003646c00000] [id=5776]
  0x000001b52f6b9000 ConcurrentGCThread "G1 Conc#0" [stack: 0x0000003646c00000,0x0000003646d00000] [id=6128]
  0x000001b54d8ba000 ConcurrentGCThread "G1 Conc#1" [stack: 0x0000003648d00000,0x0000003648e00000] [id=7204]
  0x000001b549960800 ConcurrentGCThread "G1 Refine#0" [stack: 0x0000003646d00000,0x0000003646e00000] [id=3520]
  0x000001b549961800 ConcurrentGCThread "G1 Young RemSet Sampling" [stack: 0x0000003646e00000,0x0000003646f00000] [id=10840]

Threads with active compile tasks:
C2 CompilerThread03338747 19723   !   4       java.io.ObjectInputStream::readSerialData (563 bytes)
C1 CompilerThread03338747 20080       2       java.net.URLClassLoader::isSealed (70 bytes)

VM state:not at safepoint (normal execution)

VM Mutex/Monitor currently owned by a thread: None

Heap address: 0x0000000080000000, size: 2048 MB, Compressed Oops mode: 32-bit
Narrow klass base: 0x0000000000000000, Narrow klass shift: 3
Compressed class space size: 1073741824 Address: 0x0000000100000000

Heap:
 garbage-first heap   total 296960K, used 187739K [0x0000000080000000, 0x0000000100000000)
  region size 1024K, 15 young (15360K), 6 survivors (6144K)
 Metaspace       used 132193K, capacity 135063K, committed 135552K, reserved 1167360K
  class space    used 16131K, capacity 17171K, committed 17280K, reserved 1048576K
Heap Regions: E=young(eden), S=young(survivor), O=old, HS=humongous(starts), HC=humongous(continues), CS=collection set, F=free, A=archive, TAMS=top-at-mark-start (previous, next)
|   0|0x0000000080000000, 0x0000000080100000, 0x0000000080100000|100%| O|  |TAMS 0x0000000080100000, 0x0000000080000000| Untracked 
|   1|0x0000000080100000, 0x0000000080200000, 0x0000000080200000|100%| O|  |TAMS 0x0000000080200000, 0x0000000080100000| Untracked 
|   2|0x0000000080200000, 0x0000000080300000, 0x0000000080300000|100%| O|  |TAMS 0x0000000080300000, 0x0000000080200000| Untracked 
|   3|0x0000000080300000, 0x0000000080400000, 0x0000000080400000|100%|HS|  |TAMS 0x0000000080400000, 0x0000000080300000| Complete 
|   4|0x0000000080400000, 0x0000000080500000, 0x0000000080500000|100%|HC|  |TAMS 0x0000000080500000, 0x0000000080400000| Complete 
|   5|0x0000000080500000, 0x0000000080600000, 0x0000000080600000|100%|HC|  |TAMS 0x0000000080600000, 0x0000000080500000| Complete 
|   6|0x0000000080600000, 0x0000000080700000, 0x0000000080700000|100%| O|  |TAMS 0x0000000080700000, 0x0000000080600000| Untracked 
|   7|0x0000000080700000, 0x0000000080800000, 0x0000000080800000|100%| O|  |TAMS 0x0000000080800000, 0x0000000080700000| Untracked 
|   8|0x0000000080800000, 0x0000000080900000, 0x0000000080900000|100%| O|  |TAMS 0x0000000080900000, 0x0000000080800000| Untracked 
|   9|0x0000000080900000, 0x0000000080a00000, 0x0000000080a00000|100%| O|  |TAMS 0x0000000080a00000, 0x0000000080900000| Untracked 
|  10|0x0000000080a00000, 0x0000000080b00000, 0x0000000080b00000|100%| O|  |TAMS 0x0000000080b00000, 0x0000000080a00000| Untracked 
|  11|0x0000000080b00000, 0x0000000080c00000, 0x0000000080c00000|100%| O|  |TAMS 0x0000000080c00000, 0x0000000080b00000| Untracked 
|  12|0x0000000080c00000, 0x0000000080d00000, 0x0000000080d00000|100%| O|  |TAMS 0x0000000080d00000, 0x0000000080c00000| Untracked 
|  13|0x0000000080d00000, 0x0000000080e00000, 0x0000000080e00000|100%| O|  |TAMS 0x0000000080e00000, 0x0000000080d00000| Untracked 
|  14|0x0000000080e00000, 0x0000000080f00000, 0x0000000080f00000|100%| O|  |TAMS 0x0000000080f00000, 0x0000000080e00000| Untracked 
|  15|0x0000000080f00000, 0x0000000081000000, 0x0000000081000000|100%| O|  |TAMS 0x0000000081000000, 0x0000000080f00000| Untracked 
|  16|0x0000000081000000, 0x0000000081100000, 0x0000000081100000|100%|HS|  |TAMS 0x0000000081100000, 0x0000000081000000| Complete 
|  17|0x0000000081100000, 0x0000000081200000, 0x0000000081200000|100%|HC|  |TAMS 0x0000000081200000, 0x0000000081100000| Complete 
|  18|0x0000000081200000, 0x0000000081300000, 0x0000000081300000|100%|HS|  |TAMS 0x0000000081300000, 0x0000000081200000| Complete 
|  19|0x0000000081300000, 0x0000000081400000, 0x0000000081400000|100%|HC|  |TAMS 0x0000000081400000, 0x0000000081300000| Complete 
|  20|0x0000000081400000, 0x0000000081500000, 0x0000000081500000|100%|HC|  |TAMS 0x0000000081500000, 0x0000000081400000| Complete 
|  21|0x0000000081500000, 0x0000000081600000, 0x0000000081600000|100%|HS|  |TAMS 0x0000000081600000, 0x0000000081500000| Complete 
|  22|0x0000000081600000, 0x0000000081700000, 0x0000000081700000|100%|HS|  |TAMS 0x0000000081700000, 0x0000000081600000| Complete 
|  23|0x0000000081700000, 0x0000000081800000, 0x0000000081800000|100%|HC|  |TAMS 0x0000000081800000, 0x0000000081700000| Complete 
|  24|0x0000000081800000, 0x0000000081900000, 0x0000000081900000|100%|HC|  |TAMS 0x0000000081900000, 0x0000000081800000| Complete 
|  25|0x0000000081900000, 0x0000000081a00000, 0x0000000081a00000|100%|HC|  |TAMS 0x0000000081a00000, 0x0000000081900000| Complete 
|  26|0x0000000081a00000, 0x0000000081b00000, 0x0000000081b00000|100%| O|  |TAMS 0x0000000081b00000, 0x0000000081a00000| Untracked 
|  27|0x0000000081b00000, 0x0000000081c00000, 0x0000000081c00000|100%| O|  |TAMS 0x0000000081c00000, 0x0000000081b00000| Untracked 
|  28|0x0000000081c00000, 0x0000000081d00000, 0x0000000081d00000|100%| O|  |TAMS 0x0000000081d00000, 0x0000000081c00000| Untracked 
|  29|0x0000000081d00000, 0x0000000081e00000, 0x0000000081e00000|100%| O|  |TAMS 0x0000000081e00000, 0x0000000081d00000| Untracked 
|  30|0x0000000081e00000, 0x0000000081f00000, 0x0000000081f00000|100%| O|  |TAMS 0x0000000081f00000, 0x0000000081e00000| Untracked 
|  31|0x0000000081f00000, 0x0000000082000000, 0x0000000082000000|100%| O|  |TAMS 0x0000000082000000, 0x0000000081f00000| Untracked 
|  32|0x0000000082000000, 0x0000000082100000, 0x0000000082100000|100%| O|  |TAMS 0x0000000082100000, 0x0000000082000000| Untracked 
|  33|0x0000000082100000, 0x0000000082200000, 0x0000000082200000|100%| O|  |TAMS 0x0000000082200000, 0x0000000082100000| Untracked 
|  34|0x0000000082200000, 0x0000000082300000, 0x0000000082300000|100%| O|  |TAMS 0x0000000082300000, 0x0000000082200000| Untracked 
|  35|0x0000000082300000, 0x0000000082400000, 0x0000000082400000|100%| O|  |TAMS 0x0000000082400000, 0x0000000082300000| Untracked 
|  36|0x0000000082400000, 0x0000000082500000, 0x0000000082500000|100%| O|  |TAMS 0x0000000082500000, 0x0000000082400000| Untracked 
|  37|0x0000000082500000, 0x0000000082600000, 0x0000000082600000|100%| O|  |TAMS 0x0000000082600000, 0x0000000082500000| Untracked 
|  38|0x0000000082600000, 0x0000000082700000, 0x0000000082700000|100%| O|  |TAMS 0x0000000082700000, 0x0000000082600000| Untracked 
|  39|0x0000000082700000, 0x0000000082800000, 0x0000000082800000|100%|HS|  |TAMS 0x0000000082800000, 0x0000000082700000| Complete 
|  40|0x0000000082800000, 0x0000000082900000, 0x0000000082900000|100%|HS|  |TAMS 0x0000000082900000, 0x0000000082800000| Complete 
|  41|0x0000000082900000, 0x0000000082a00000, 0x0000000082a00000|100%|HC|  |TAMS 0x0000000082a00000, 0x0000000082900000| Complete 
|  42|0x0000000082a00000, 0x0000000082b00000, 0x0000000082b00000|100%|HC|  |TAMS 0x0000000082b00000, 0x0000000082a00000| Complete 
|  43|0x0000000082b00000, 0x0000000082c00000, 0x0000000082c00000|100%| O|  |TAMS 0x0000000082c00000, 0x0000000082b00000| Untracked 
|  44|0x0000000082c00000, 0x0000000082d00000, 0x0000000082d00000|100%| O|  |TAMS 0x0000000082d00000, 0x0000000082c00000| Untracked 
|  45|0x0000000082d00000, 0x0000000082e00000, 0x0000000082e00000|100%| O|  |TAMS 0x0000000082e00000, 0x0000000082d00000| Untracked 
|  46|0x0000000082e00000, 0x0000000082f00000, 0x0000000082f00000|100%| O|  |TAMS 0x0000000082f00000, 0x0000000082e00000| Untracked 
|  47|0x0000000082f00000, 0x0000000083000000, 0x0000000083000000|100%|HS|  |TAMS 0x0000000083000000, 0x0000000082f00000| Complete 
|  48|0x0000000083000000, 0x0000000083100000, 0x0000000083100000|100%|HC|  |TAMS 0x0000000083100000, 0x0000000083000000| Complete 
|  49|0x0000000083100000, 0x0000000083200000, 0x0000000083200000|100%|HC|  |TAMS 0x0000000083200000, 0x0000000083100000| Complete 
|  50|0x0000000083200000, 0x0000000083300000, 0x0000000083300000|100%|HC|  |TAMS 0x0000000083300000, 0x0000000083200000| Complete 
|  51|0x0000000083300000, 0x0000000083400000, 0x0000000083400000|100%| O|  |TAMS 0x0000000083400000, 0x0000000083300000| Untracked 
|  52|0x0000000083400000, 0x0000000083500000, 0x0000000083500000|100%| O|  |TAMS 0x0000000083500000, 0x0000000083400000| Untracked 
|  53|0x0000000083500000, 0x0000000083600000, 0x0000000083600000|100%| O|  |TAMS 0x0000000083600000, 0x0000000083500000| Untracked 
|  54|0x0000000083600000, 0x0000000083700000, 0x0000000083700000|100%| O|  |TAMS 0x0000000083700000, 0x0000000083600000| Untracked 
|  55|0x0000000083700000, 0x0000000083800000, 0x0000000083800000|100%|HS|  |TAMS 0x0000000083800000, 0x0000000083700000| Complete 
|  56|0x0000000083800000, 0x0000000083900000, 0x0000000083900000|100%|HS|  |TAMS 0x0000000083900000, 0x0000000083800000| Complete 
|  57|0x0000000083900000, 0x0000000083a00000, 0x0000000083a00000|100%|HS|  |TAMS 0x0000000083a00000, 0x0000000083900000| Complete 
|  58|0x0000000083a00000, 0x0000000083b00000, 0x0000000083b00000|100%|HS|  |TAMS 0x0000000083b00000, 0x0000000083a00000| Complete 
|  59|0x0000000083b00000, 0x0000000083c00000, 0x0000000083c00000|100%|HC|  |TAMS 0x0000000083c00000, 0x0000000083b00000| Complete 
|  60|0x0000000083c00000, 0x0000000083d00000, 0x0000000083d00000|100%|HC|  |TAMS 0x0000000083d00000, 0x0000000083c00000| Complete 
|  61|0x0000000083d00000, 0x0000000083e00000, 0x0000000083e00000|100%|HS|  |TAMS 0x0000000083e00000, 0x0000000083d00000| Complete 
|  62|0x0000000083e00000, 0x0000000083f00000, 0x0000000083f00000|100%|HC|  |TAMS 0x0000000083f00000, 0x0000000083e00000| Complete 
|  63|0x0000000083f00000, 0x0000000084000000, 0x0000000084000000|100%| O|  |TAMS 0x0000000084000000, 0x0000000083f00000| Untracked 
|  64|0x0000000084000000, 0x0000000084100000, 0x0000000084100000|100%| O|  |TAMS 0x0000000084100000, 0x0000000084000000| Untracked 
|  65|0x0000000084100000, 0x0000000084200000, 0x0000000084200000|100%| O|  |TAMS 0x0000000084200000, 0x0000000084100000| Untracked 
|  66|0x0000000084200000, 0x0000000084300000, 0x0000000084300000|100%| O|  |TAMS 0x0000000084300000, 0x0000000084200000| Untracked 
|  67|0x0000000084300000, 0x0000000084400000, 0x0000000084400000|100%| O|  |TAMS 0x0000000084400000, 0x0000000084300000| Untracked 
|  68|0x0000000084400000, 0x0000000084500000, 0x0000000084500000|100%| O|  |TAMS 0x0000000084500000, 0x0000000084400000| Untracked 
|  69|0x0000000084500000, 0x0000000084600000, 0x0000000084600000|100%| O|  |TAMS 0x0000000084600000, 0x0000000084500000| Untracked 
|  70|0x0000000084600000, 0x0000000084700000, 0x0000000084700000|100%| O|  |TAMS 0x0000000084700000, 0x0000000084600000| Untracked 
|  71|0x0000000084700000, 0x0000000084800000, 0x0000000084800000|100%| O|  |TAMS 0x0000000084800000, 0x0000000084700000| Untracked 
|  72|0x0000000084800000, 0x0000000084900000, 0x0000000084900000|100%| O|  |TAMS 0x0000000084900000, 0x0000000084800000| Untracked 
|  73|0x0000000084900000, 0x0000000084a00000, 0x0000000084a00000|100%| O|  |TAMS 0x0000000084a00000, 0x0000000084900000| Untracked 
|  74|0x0000000084a00000, 0x0000000084b00000, 0x0000000084b00000|100%| O|  |TAMS 0x0000000084b00000, 0x0000000084a00000| Untracked 
|  75|0x0000000084b00000, 0x0000000084c00000, 0x0000000084c00000|100%| O|  |TAMS 0x0000000084c00000, 0x0000000084b00000| Untracked 
|  76|0x0000000084c00000, 0x0000000084d00000, 0x0000000084d00000|100%| O|  |TAMS 0x0000000084d00000, 0x0000000084c00000| Untracked 
|  77|0x0000000084d00000, 0x0000000084e00000, 0x0000000084e00000|100%| O|  |TAMS 0x0000000084e00000, 0x0000000084d00000| Untracked 
|  78|0x0000000084e00000, 0x0000000084f00000, 0x0000000084f00000|100%| O|  |TAMS 0x0000000084f00000, 0x0000000084e00000| Untracked 
|  79|0x0000000084f00000, 0x0000000085000000, 0x0000000085000000|100%| O|  |TAMS 0x0000000085000000, 0x0000000084f00000| Untracked 
|  80|0x0000000085000000, 0x0000000085100000, 0x0000000085100000|100%| O|  |TAMS 0x0000000085100000, 0x0000000085000000| Untracked 
|  81|0x0000000085100000, 0x0000000085200000, 0x0000000085200000|100%| O|  |TAMS 0x0000000085200000, 0x0000000085100000| Untracked 
|  82|0x0000000085200000, 0x0000000085300000, 0x0000000085300000|100%| O|  |TAMS 0x0000000085300000, 0x0000000085200000| Untracked 
|  83|0x0000000085300000, 0x0000000085400000, 0x0000000085400000|100%| O|  |TAMS 0x0000000085400000, 0x0000000085300000| Untracked 
|  84|0x0000000085400000, 0x0000000085500000, 0x0000000085500000|100%| O|  |TAMS 0x0000000085500000, 0x0000000085400000| Untracked 
|  85|0x0000000085500000, 0x0000000085600000, 0x0000000085600000|100%| O|  |TAMS 0x0000000085600000, 0x0000000085500000| Untracked 
|  86|0x0000000085600000, 0x0000000085700000, 0x0000000085700000|100%| O|  |TAMS 0x0000000085700000, 0x0000000085600000| Untracked 
|  87|0x0000000085700000, 0x0000000085800000, 0x0000000085800000|100%| O|  |TAMS 0x0000000085800000, 0x0000000085700000| Untracked 
|  88|0x0000000085800000, 0x0000000085900000, 0x0000000085900000|100%| O|  |TAMS 0x0000000085900000, 0x0000000085800000| Untracked 
|  89|0x0000000085900000, 0x0000000085a00000, 0x0000000085a00000|100%| O|  |TAMS 0x0000000085a00000, 0x0000000085900000| Untracked 
|  90|0x0000000085a00000, 0x0000000085b00000, 0x0000000085b00000|100%| O|  |TAMS 0x0000000085b00000, 0x0000000085a00000| Untracked 
|  91|0x0000000085b00000, 0x0000000085c00000, 0x0000000085c00000|100%| O|  |TAMS 0x0000000085c00000, 0x0000000085b00000| Untracked 
|  92|0x0000000085c00000, 0x0000000085d00000, 0x0000000085d00000|100%| O|  |TAMS 0x0000000085d00000, 0x0000000085c00000| Untracked 
|  93|0x0000000085d00000, 0x0000000085e00000, 0x0000000085e00000|100%| O|  |TAMS 0x0000000085e00000, 0x0000000085d00000| Untracked 
|  94|0x0000000085e00000, 0x0000000085f00000, 0x0000000085f00000|100%| O|  |TAMS 0x0000000085f00000, 0x0000000085e00000| Untracked 
|  95|0x0000000085f00000, 0x0000000086000000, 0x0000000086000000|100%|HS|  |TAMS 0x0000000086000000, 0x0000000085f00000| Complete 
|  96|0x0000000086000000, 0x0000000086100000, 0x0000000086100000|100%|HC|  |TAMS 0x0000000086100000, 0x0000000086000000| Complete 
|  97|0x0000000086100000, 0x0000000086200000, 0x0000000086200000|100%|HS|  |TAMS 0x0000000086200000, 0x0000000086100000| Complete 
|  98|0x0000000086200000, 0x0000000086300000, 0x0000000086300000|100%|HC|  |TAMS 0x0000000086300000, 0x0000000086200000| Complete 
|  99|0x0000000086300000, 0x0000000086400000, 0x0000000086400000|100%|HC|  |TAMS 0x0000000086400000, 0x0000000086300000| Complete 
| 100|0x0000000086400000, 0x0000000086500000, 0x0000000086500000|100%|HS|  |TAMS 0x0000000086500000, 0x0000000086400000| Complete 
| 101|0x0000000086500000, 0x0000000086600000, 0x0000000086600000|100%|HS|  |TAMS 0x0000000086600000, 0x0000000086500000| Complete 
| 102|0x0000000086600000, 0x0000000086700000, 0x0000000086700000|100%|HC|  |TAMS 0x0000000086700000, 0x0000000086600000| Complete 
| 103|0x0000000086700000, 0x0000000086800000, 0x0000000086800000|100%|HC|  |TAMS 0x0000000086800000, 0x0000000086700000| Complete 
| 104|0x0000000086800000, 0x0000000086900000, 0x0000000086900000|100%|HC|  |TAMS 0x0000000086900000, 0x0000000086800000| Complete 
| 105|0x0000000086900000, 0x0000000086a00000, 0x0000000086a00000|100%| O|  |TAMS 0x0000000086a00000, 0x0000000086900000| Untracked 
| 106|0x0000000086a00000, 0x0000000086b00000, 0x0000000086b00000|100%| O|  |TAMS 0x0000000086b00000, 0x0000000086a00000| Untracked 
| 107|0x0000000086b00000, 0x0000000086c00000, 0x0000000086c00000|100%| O|  |TAMS 0x0000000086c00000, 0x0000000086b00000| Untracked 
| 108|0x0000000086c00000, 0x0000000086d00000, 0x0000000086d00000|100%| O|  |TAMS 0x0000000086d00000, 0x0000000086c00000| Untracked 
| 109|0x0000000086d00000, 0x0000000086e00000, 0x0000000086e00000|100%| O|  |TAMS 0x0000000086e00000, 0x0000000086d00000| Untracked 
| 110|0x0000000086e00000, 0x0000000086f00000, 0x0000000086f00000|100%| O|  |TAMS 0x0000000086f00000, 0x0000000086e00000| Untracked 
| 111|0x0000000086f00000, 0x0000000087000000, 0x0000000087000000|100%| O|  |TAMS 0x0000000087000000, 0x0000000086f00000| Untracked 
| 112|0x0000000087000000, 0x0000000087100000, 0x0000000087100000|100%| O|  |TAMS 0x0000000087100000, 0x0000000087000000| Untracked 
| 113|0x0000000087100000, 0x0000000087200000, 0x0000000087200000|100%| O|  |TAMS 0x0000000087200000, 0x0000000087100000| Untracked 
| 114|0x0000000087200000, 0x0000000087300000, 0x0000000087300000|100%| O|  |TAMS 0x0000000087300000, 0x0000000087200000| Untracked 
| 115|0x0000000087300000, 0x0000000087400000, 0x0000000087400000|100%| O|  |TAMS 0x0000000087400000, 0x0000000087300000| Untracked 
| 116|0x0000000087400000, 0x0000000087500000, 0x0000000087500000|100%| O|  |TAMS 0x0000000087500000, 0x0000000087400000| Untracked 
| 117|0x0000000087500000, 0x0000000087600000, 0x0000000087600000|100%| O|  |TAMS 0x0000000087600000, 0x0000000087500000| Untracked 
| 118|0x0000000087600000, 0x0000000087700000, 0x0000000087700000|100%| O|  |TAMS 0x0000000087700000, 0x0000000087600000| Untracked 
| 119|0x0000000087700000, 0x0000000087800000, 0x0000000087800000|100%| O|  |TAMS 0x0000000087800000, 0x0000000087700000| Untracked 
| 120|0x0000000087800000, 0x0000000087900000, 0x0000000087900000|100%| O|  |TAMS 0x0000000087900000, 0x0000000087800000| Untracked 
| 121|0x0000000087900000, 0x0000000087a00000, 0x0000000087a00000|100%| O|  |TAMS 0x0000000087a00000, 0x0000000087900000| Untracked 
| 122|0x0000000087a00000, 0x0000000087b00000, 0x0000000087b00000|100%| O|  |TAMS 0x0000000087b00000, 0x0000000087a00000| Untracked 
| 123|0x0000000087b00000, 0x0000000087c00000, 0x0000000087c00000|100%| O|  |TAMS 0x0000000087c00000, 0x0000000087b00000| Untracked 
| 124|0x0000000087c00000, 0x0000000087d00000, 0x0000000087d00000|100%| O|  |TAMS 0x0000000087d00000, 0x0000000087c00000| Untracked 
| 125|0x0000000087d00000, 0x0000000087e00000, 0x0000000087e00000|100%|HS|  |TAMS 0x0000000087e00000, 0x0000000087d00000| Complete 
| 126|0x0000000087e00000, 0x0000000087f00000, 0x0000000087f00000|100%| O|  |TAMS 0x0000000087f00000, 0x0000000087e00000| Untracked 
| 127|0x0000000087f00000, 0x0000000088000000, 0x0000000088000000|100%| O|  |TAMS 0x0000000088000000, 0x0000000087f00000| Untracked 
| 128|0x0000000088000000, 0x0000000088100000, 0x0000000088100000|100%| O|  |TAMS 0x0000000088100000, 0x0000000088000000| Untracked 
| 129|0x0000000088100000, 0x0000000088200000, 0x0000000088200000|100%| O|  |TAMS 0x0000000088200000, 0x0000000088100000| Untracked 
| 130|0x0000000088200000, 0x0000000088300000, 0x0000000088300000|100%| O|  |TAMS 0x0000000088300000, 0x0000000088200000| Untracked 
| 131|0x0000000088300000, 0x0000000088400000, 0x0000000088400000|100%| O|  |TAMS 0x0000000088400000, 0x0000000088300000| Untracked 
| 132|0x0000000088400000, 0x0000000088500000, 0x0000000088500000|100%| O|  |TAMS 0x0000000088500000, 0x0000000088400000| Untracked 
| 133|0x0000000088500000, 0x0000000088600000, 0x0000000088600000|100%| O|  |TAMS 0x0000000088600000, 0x0000000088500000| Untracked 
| 134|0x0000000088600000, 0x0000000088700000, 0x0000000088700000|100%| O|  |TAMS 0x0000000088700000, 0x0000000088600000| Untracked 
| 135|0x0000000088700000, 0x0000000088800000, 0x0000000088800000|100%| O|  |TAMS 0x0000000088800000, 0x0000000088700000| Untracked 
| 136|0x0000000088800000, 0x0000000088900000, 0x0000000088900000|100%| O|  |TAMS 0x0000000088900000, 0x0000000088800000| Untracked 
| 137|0x0000000088900000, 0x0000000088a00000, 0x0000000088a00000|100%| O|  |TAMS 0x0000000088a00000, 0x0000000088900000| Untracked 
| 138|0x0000000088a00000, 0x0000000088b00000, 0x0000000088b00000|100%| O|  |TAMS 0x0000000088b00000, 0x0000000088a00000| Untracked 
| 139|0x0000000088b00000, 0x0000000088c00000, 0x0000000088c00000|100%| O|  |TAMS 0x0000000088c00000, 0x0000000088b00000| Untracked 
| 140|0x0000000088c00000, 0x0000000088d00000, 0x0000000088d00000|100%| O|  |TAMS 0x0000000088d00000, 0x0000000088c00000| Untracked 
| 141|0x0000000088d00000, 0x0000000088e00000, 0x0000000088e00000|100%| O|  |TAMS 0x0000000088e00000, 0x0000000088d00000| Untracked 
| 142|0x0000000088e00000, 0x0000000088f00000, 0x0000000088f00000|100%| O|  |TAMS 0x0000000088f00000, 0x0000000088e00000| Untracked 
| 143|0x0000000088f00000, 0x0000000089000000, 0x0000000089000000|100%| O|  |TAMS 0x0000000089000000, 0x0000000088f00000| Untracked 
| 144|0x0000000089000000, 0x0000000089100000, 0x0000000089100000|100%| O|  |TAMS 0x0000000089100000, 0x0000000089000000| Untracked 
| 145|0x0000000089100000, 0x0000000089200000, 0x0000000089200000|100%| O|  |TAMS 0x0000000089200000, 0x0000000089100000| Untracked 
| 146|0x0000000089200000, 0x0000000089300000, 0x0000000089300000|100%| O|  |TAMS 0x0000000089300000, 0x0000000089200000| Untracked 
| 147|0x0000000089300000, 0x0000000089400000, 0x0000000089400000|100%| O|  |TAMS 0x0000000089400000, 0x0000000089300000| Untracked 
| 148|0x0000000089400000, 0x0000000089500000, 0x0000000089500000|100%| O|  |TAMS 0x0000000089500000, 0x0000000089400000| Untracked 
| 149|0x0000000089500000, 0x0000000089600000, 0x0000000089600000|100%| O|  |TAMS 0x0000000089600000, 0x0000000089500000| Untracked 
| 150|0x0000000089600000, 0x0000000089700000, 0x0000000089700000|100%| O|  |TAMS 0x0000000089700000, 0x0000000089600000| Untracked 
| 151|0x0000000089700000, 0x0000000089800000, 0x0000000089800000|100%| O|  |TAMS 0x0000000089800000, 0x0000000089700000| Untracked 
| 152|0x0000000089800000, 0x0000000089900000, 0x0000000089900000|100%| O|  |TAMS 0x0000000089900000, 0x0000000089800000| Untracked 
| 153|0x0000000089900000, 0x0000000089a00000, 0x0000000089a00000|100%| O|  |TAMS 0x0000000089a00000, 0x0000000089900000| Untracked 
| 154|0x0000000089a00000, 0x0000000089b00000, 0x0000000089b00000|100%| O|  |TAMS 0x0000000089b00000, 0x0000000089a00000| Untracked 
| 155|0x0000000089b00000, 0x0000000089c00000, 0x0000000089c00000|100%| O|  |TAMS 0x0000000089c00000, 0x0000000089b00000| Untracked 
| 156|0x0000000089c00000, 0x0000000089d00000, 0x0000000089d00000|100%| O|  |TAMS 0x0000000089d00000, 0x0000000089c00000| Untracked 
| 157|0x0000000089d00000, 0x0000000089e00000, 0x0000000089e00000|100%| O|  |TAMS 0x0000000089e00000, 0x0000000089d00000| Untracked 
| 158|0x0000000089e00000, 0x0000000089f00000, 0x0000000089f00000|100%| O|  |TAMS 0x0000000089f00000, 0x0000000089e00000| Untracked 
| 159|0x0000000089f00000, 0x000000008a000000, 0x000000008a000000|100%| O|  |TAMS 0x000000008a000000, 0x0000000089f00000| Untracked 
| 160|0x000000008a000000, 0x000000008a100000, 0x000000008a100000|100%| O|  |TAMS 0x000000008a040e00, 0x000000008a000000| Untracked 
| 161|0x000000008a100000, 0x000000008a100000, 0x000000008a200000|  0%| F|  |TAMS 0x000000008a100000, 0x000000008a100000| Untracked 
| 162|0x000000008a200000, 0x000000008a200000, 0x000000008a300000|  0%| F|  |TAMS 0x000000008a200000, 0x000000008a200000| Untracked 
| 163|0x000000008a300000, 0x000000008a300000, 0x000000008a400000|  0%| F|  |TAMS 0x000000008a300000, 0x000000008a300000| Untracked 
| 164|0x000000008a400000, 0x000000008a400000, 0x000000008a500000|  0%| F|  |TAMS 0x000000008a400000, 0x000000008a400000| Untracked 
| 165|0x000000008a500000, 0x000000008a500000, 0x000000008a600000|  0%| F|  |TAMS 0x000000008a500000, 0x000000008a500000| Untracked 
| 166|0x000000008a600000, 0x000000008a700000, 0x000000008a700000|100%| O|  |TAMS 0x000000008a700000, 0x000000008a600000| Untracked 
| 167|0x000000008a700000, 0x000000008a800000, 0x000000008a800000|100%| O|  |TAMS 0x000000008a800000, 0x000000008a700000| Untracked 
| 168|0x000000008a800000, 0x000000008a900000, 0x000000008a900000|100%| O|  |TAMS 0x000000008a900000, 0x000000008a800000| Untracked 
| 169|0x000000008a900000, 0x000000008a900000, 0x000000008aa00000|  0%| F|  |TAMS 0x000000008a900000, 0x000000008a900000| Untracked 
| 170|0x000000008aa00000, 0x000000008aa00000, 0x000000008ab00000|  0%| F|  |TAMS 0x000000008aa00000, 0x000000008aa00000| Untracked 
| 171|0x000000008ab00000, 0x000000008ab00000, 0x000000008ac00000|  0%| F|  |TAMS 0x000000008ab00000, 0x000000008ab00000| Untracked 
| 172|0x000000008ac00000, 0x000000008ac00000, 0x000000008ad00000|  0%| F|  |TAMS 0x000000008ac00000, 0x000000008ac00000| Untracked 
| 173|0x000000008ad00000, 0x000000008ad00000, 0x000000008ae00000|  0%| F|  |TAMS 0x000000008ad00000, 0x000000008ad00000| Untracked 
| 174|0x000000008ae00000, 0x000000008ae00000, 0x000000008af00000|  0%| F|  |TAMS 0x000000008ae00000, 0x000000008ae00000| Untracked 
| 175|0x000000008af00000, 0x000000008af00000, 0x000000008b000000|  0%| F|  |TAMS 0x000000008af00000, 0x000000008af00000| Untracked 
| 176|0x000000008b000000, 0x000000008b000000, 0x000000008b100000|  0%| F|  |TAMS 0x000000008b000000, 0x000000008b000000| Untracked 
| 177|0x000000008b100000, 0x000000008b100000, 0x000000008b200000|  0%| F|  |TAMS 0x000000008b100000, 0x000000008b100000| Untracked 
| 178|0x000000008b200000, 0x000000008b200000, 0x000000008b300000|  0%| F|  |TAMS 0x000000008b200000, 0x000000008b200000| Untracked 
| 179|0x000000008b300000, 0x000000008b300000, 0x000000008b400000|  0%| F|  |TAMS 0x000000008b300000, 0x000000008b300000| Untracked 
| 180|0x000000008b400000, 0x000000008b400000, 0x000000008b500000|  0%| F|  |TAMS 0x000000008b400000, 0x000000008b400000| Untracked 
| 181|0x000000008b500000, 0x000000008b600000, 0x000000008b600000|100%| O|  |TAMS 0x000000008b500000, 0x000000008b500000| Untracked 
| 182|0x000000008b600000, 0x000000008b700000, 0x000000008b700000|100%| O|  |TAMS 0x000000008b600000, 0x000000008b600000| Untracked 
| 183|0x000000008b700000, 0x000000008b800000, 0x000000008b800000|100%| O|  |TAMS 0x000000008b700000, 0x000000008b700000| Untracked 
| 184|0x000000008b800000, 0x000000008b900000, 0x000000008b900000|100%| O|  |TAMS 0x000000008b800000, 0x000000008b800000| Untracked 
| 185|0x000000008b900000, 0x000000008ba00000, 0x000000008ba00000|100%| O|  |TAMS 0x000000008b900000, 0x000000008b900000| Untracked 
| 186|0x000000008ba00000, 0x000000008ba56c00, 0x000000008bb00000| 33%| O|  |TAMS 0x000000008ba00000, 0x000000008ba00000| Untracked 
| 187|0x000000008bb00000, 0x000000008bb00000, 0x000000008bc00000|  0%| F|  |TAMS 0x000000008bb00000, 0x000000008bb00000| Untracked 
| 188|0x000000008bc00000, 0x000000008bc00000, 0x000000008bd00000|  0%| F|  |TAMS 0x000000008bc00000, 0x000000008bc00000| Untracked 
| 189|0x000000008bd00000, 0x000000008bd00000, 0x000000008be00000|  0%| F|  |TAMS 0x000000008bd00000, 0x000000008bd00000| Untracked 
| 190|0x000000008be00000, 0x000000008be00000, 0x000000008bf00000|  0%| F|  |TAMS 0x000000008be00000, 0x000000008be00000| Untracked 
| 191|0x000000008bf00000, 0x000000008bf00000, 0x000000008c000000|  0%| F|  |TAMS 0x000000008bf00000, 0x000000008bf00000| Untracked 
| 192|0x000000008c000000, 0x000000008c000000, 0x000000008c100000|  0%| F|  |TAMS 0x000000008c000000, 0x000000008c000000| Untracked 
| 193|0x000000008c100000, 0x000000008c100000, 0x000000008c200000|  0%| F|  |TAMS 0x000000008c100000, 0x000000008c100000| Untracked 
| 194|0x000000008c200000, 0x000000008c200000, 0x000000008c300000|  0%| F|  |TAMS 0x000000008c200000, 0x000000008c200000| Untracked 
| 195|0x000000008c300000, 0x000000008c300000, 0x000000008c400000|  0%| F|  |TAMS 0x000000008c300000, 0x000000008c300000| Untracked 
| 196|0x000000008c400000, 0x000000008c400000, 0x000000008c500000|  0%| F|  |TAMS 0x000000008c400000, 0x000000008c400000| Untracked 
| 197|0x000000008c500000, 0x000000008c500000, 0x000000008c600000|  0%| F|  |TAMS 0x000000008c500000, 0x000000008c500000| Untracked 
| 198|0x000000008c600000, 0x000000008c600000, 0x000000008c700000|  0%| F|  |TAMS 0x000000008c600000, 0x000000008c600000| Untracked 
| 199|0x000000008c700000, 0x000000008c700000, 0x000000008c800000|  0%| F|  |TAMS 0x000000008c700000, 0x000000008c700000| Untracked 
| 200|0x000000008c800000, 0x000000008c800000, 0x000000008c900000|  0%| F|  |TAMS 0x000000008c800000, 0x000000008c800000| Untracked 
| 201|0x000000008c900000, 0x000000008c900000, 0x000000008ca00000|  0%| F|  |TAMS 0x000000008c900000, 0x000000008c900000| Untracked 
| 202|0x000000008ca00000, 0x000000008ca00000, 0x000000008cb00000|  0%| F|  |TAMS 0x000000008ca00000, 0x000000008ca00000| Untracked 
| 203|0x000000008cb00000, 0x000000008cb00000, 0x000000008cc00000|  0%| F|  |TAMS 0x000000008cb00000, 0x000000008cb00000| Untracked 
| 204|0x000000008cc00000, 0x000000008cc00000, 0x000000008cd00000|  0%| F|  |TAMS 0x000000008cc00000, 0x000000008cc00000| Untracked 
| 205|0x000000008cd00000, 0x000000008cd00000, 0x000000008ce00000|  0%| F|  |TAMS 0x000000008cd00000, 0x000000008cd00000| Untracked 
| 206|0x000000008ce00000, 0x000000008ce00000, 0x000000008cf00000|  0%| F|  |TAMS 0x000000008ce00000, 0x000000008ce00000| Untracked 
| 207|0x000000008cf00000, 0x000000008cf00000, 0x000000008d000000|  0%| F|  |TAMS 0x000000008cf00000, 0x000000008cf00000| Untracked 
| 208|0x000000008d000000, 0x000000008d000000, 0x000000008d100000|  0%| F|  |TAMS 0x000000008d000000, 0x000000008d000000| Untracked 
| 209|0x000000008d100000, 0x000000008d100000, 0x000000008d200000|  0%| F|  |TAMS 0x000000008d100000, 0x000000008d100000| Untracked 
| 210|0x000000008d200000, 0x000000008d200000, 0x000000008d300000|  0%| F|  |TAMS 0x000000008d200000, 0x000000008d200000| Untracked 
| 211|0x000000008d300000, 0x000000008d300000, 0x000000008d400000|  0%| F|  |TAMS 0x000000008d300000, 0x000000008d300000| Untracked 
| 212|0x000000008d400000, 0x000000008d400000, 0x000000008d500000|  0%| F|  |TAMS 0x000000008d400000, 0x000000008d400000| Untracked 
| 213|0x000000008d500000, 0x000000008d500000, 0x000000008d600000|  0%| F|  |TAMS 0x000000008d500000, 0x000000008d500000| Untracked 
| 214|0x000000008d600000, 0x000000008d600000, 0x000000008d700000|  0%| F|  |TAMS 0x000000008d600000, 0x000000008d600000| Untracked 
| 215|0x000000008d700000, 0x000000008d700000, 0x000000008d800000|  0%| F|  |TAMS 0x000000008d700000, 0x000000008d700000| Untracked 
| 216|0x000000008d800000, 0x000000008d800000, 0x000000008d900000|  0%| F|  |TAMS 0x000000008d800000, 0x000000008d800000| Untracked 
| 217|0x000000008d900000, 0x000000008d900000, 0x000000008da00000|  0%| F|  |TAMS 0x000000008d900000, 0x000000008d900000| Untracked 
| 218|0x000000008da00000, 0x000000008da00000, 0x000000008db00000|  0%| F|  |TAMS 0x000000008da00000, 0x000000008da00000| Untracked 
| 219|0x000000008db00000, 0x000000008db00000, 0x000000008dc00000|  0%| F|  |TAMS 0x000000008db00000, 0x000000008db00000| Untracked 
| 220|0x000000008dc00000, 0x000000008dc00000, 0x000000008dd00000|  0%| F|  |TAMS 0x000000008dc00000, 0x000000008dc00000| Untracked 
| 221|0x000000008dd00000, 0x000000008dd00000, 0x000000008de00000|  0%| F|  |TAMS 0x000000008dd00000, 0x000000008dd00000| Untracked 
| 222|0x000000008de00000, 0x000000008de00000, 0x000000008df00000|  0%| F|  |TAMS 0x000000008de00000, 0x000000008de00000| Untracked 
| 223|0x000000008df00000, 0x000000008df00000, 0x000000008e000000|  0%| F|  |TAMS 0x000000008df00000, 0x000000008df00000| Untracked 
| 224|0x000000008e000000, 0x000000008e000000, 0x000000008e100000|  0%| F|  |TAMS 0x000000008e000000, 0x000000008e000000| Untracked 
| 225|0x000000008e100000, 0x000000008e100000, 0x000000008e200000|  0%| F|  |TAMS 0x000000008e100000, 0x000000008e100000| Untracked 
| 226|0x000000008e200000, 0x000000008e200000, 0x000000008e300000|  0%| F|  |TAMS 0x000000008e200000, 0x000000008e200000| Untracked 
| 227|0x000000008e300000, 0x000000008e300000, 0x000000008e400000|  0%| F|  |TAMS 0x000000008e300000, 0x000000008e300000| Untracked 
| 228|0x000000008e400000, 0x000000008e400000, 0x000000008e500000|  0%| F|  |TAMS 0x000000008e400000, 0x000000008e400000| Untracked 
| 229|0x000000008e500000, 0x000000008e500000, 0x000000008e600000|  0%| F|  |TAMS 0x000000008e500000, 0x000000008e500000| Untracked 
| 230|0x000000008e600000, 0x000000008e600000, 0x000000008e700000|  0%| F|  |TAMS 0x000000008e600000, 0x000000008e600000| Untracked 
| 231|0x000000008e700000, 0x000000008e700000, 0x000000008e800000|  0%| F|  |TAMS 0x000000008e700000, 0x000000008e700000| Untracked 
| 232|0x000000008e800000, 0x000000008e800000, 0x000000008e900000|  0%| F|  |TAMS 0x000000008e800000, 0x000000008e800000| Untracked 
| 233|0x000000008e900000, 0x000000008e900000, 0x000000008ea00000|  0%| F|  |TAMS 0x000000008e900000, 0x000000008e900000| Untracked 
| 234|0x000000008ea00000, 0x000000008ea00000, 0x000000008eb00000|  0%| F|  |TAMS 0x000000008ea00000, 0x000000008ea00000| Untracked 
| 235|0x000000008eb00000, 0x000000008eb00000, 0x000000008ec00000|  0%| F|  |TAMS 0x000000008eb00000, 0x000000008eb00000| Untracked 
| 236|0x000000008ec00000, 0x000000008ec00000, 0x000000008ed00000|  0%| F|  |TAMS 0x000000008ec00000, 0x000000008ec00000| Untracked 
| 237|0x000000008ed00000, 0x000000008ed00000, 0x000000008ee00000|  0%| F|  |TAMS 0x000000008ed00000, 0x000000008ed00000| Untracked 
| 238|0x000000008ee00000, 0x000000008ef00000, 0x000000008ef00000|100%| S|CS|TAMS 0x000000008ee00000, 0x000000008ee00000| Complete 
| 239|0x000000008ef00000, 0x000000008f000000, 0x000000008f000000|100%| S|CS|TAMS 0x000000008ef00000, 0x000000008ef00000| Complete 
| 240|0x000000008f000000, 0x000000008f100000, 0x000000008f100000|100%| S|CS|TAMS 0x000000008f000000, 0x000000008f000000| Complete 
| 241|0x000000008f100000, 0x000000008f200000, 0x000000008f200000|100%| S|CS|TAMS 0x000000008f100000, 0x000000008f100000| Complete 
| 242|0x000000008f200000, 0x000000008f300000, 0x000000008f300000|100%| S|CS|TAMS 0x000000008f200000, 0x000000008f200000| Complete 
| 243|0x000000008f300000, 0x000000008f400000, 0x000000008f400000|100%| S|CS|TAMS 0x000000008f300000, 0x000000008f300000| Complete 
| 244|0x000000008f400000, 0x000000008f400000, 0x000000008f500000|  0%| F|  |TAMS 0x000000008f400000, 0x000000008f400000| Untracked 
| 245|0x000000008f500000, 0x000000008f500000, 0x000000008f600000|  0%| F|  |TAMS 0x000000008f500000, 0x000000008f500000| Untracked 
| 246|0x000000008f600000, 0x000000008f600000, 0x000000008f700000|  0%| F|  |TAMS 0x000000008f600000, 0x000000008f600000| Untracked 
| 247|0x000000008f700000, 0x000000008f700000, 0x000000008f800000|  0%| F|  |TAMS 0x000000008f700000, 0x000000008f700000| Untracked 
| 248|0x000000008f800000, 0x000000008f800000, 0x000000008f900000|  0%| F|  |TAMS 0x000000008f800000, 0x000000008f800000| Untracked 
| 249|0x000000008f900000, 0x000000008f900000, 0x000000008fa00000|  0%| F|  |TAMS 0x000000008f900000, 0x000000008f900000| Untracked 
| 250|0x000000008fa00000, 0x000000008fa00000, 0x000000008fb00000|  0%| F|  |TAMS 0x000000008fa00000, 0x000000008fa00000| Untracked 
| 251|0x000000008fb00000, 0x000000008fb00000, 0x000000008fc00000|  0%| F|  |TAMS 0x000000008fb00000, 0x000000008fb00000| Untracked 
| 252|0x000000008fc00000, 0x000000008fc00000, 0x000000008fd00000|  0%| F|  |TAMS 0x000000008fc00000, 0x000000008fc00000| Untracked 
| 253|0x000000008fd00000, 0x000000008fd00000, 0x000000008fe00000|  0%| F|  |TAMS 0x000000008fd00000, 0x000000008fd00000| Untracked 
| 254|0x000000008fe00000, 0x000000008fe00000, 0x000000008ff00000|  0%| F|  |TAMS 0x000000008fe00000, 0x000000008fe00000| Untracked 
| 255|0x000000008ff00000, 0x000000008ff00000, 0x0000000090000000|  0%| F|  |TAMS 0x000000008ff00000, 0x000000008ff00000| Untracked 
| 256|0x0000000090000000, 0x0000000090000000, 0x0000000090100000|  0%| F|  |TAMS 0x0000000090000000, 0x0000000090000000| Untracked 
| 257|0x0000000090100000, 0x0000000090100000, 0x0000000090200000|  0%| F|  |TAMS 0x0000000090100000, 0x0000000090100000| Untracked 
| 258|0x0000000090200000, 0x0000000090200000, 0x0000000090300000|  0%| F|  |TAMS 0x0000000090200000, 0x0000000090200000| Untracked 
| 259|0x0000000090300000, 0x0000000090300000, 0x0000000090400000|  0%| F|  |TAMS 0x0000000090300000, 0x0000000090300000| Untracked 
| 260|0x0000000090400000, 0x0000000090400000, 0x0000000090500000|  0%| F|  |TAMS 0x0000000090400000, 0x0000000090400000| Untracked 
| 261|0x0000000090500000, 0x0000000090500000, 0x0000000090600000|  0%| F|  |TAMS 0x0000000090500000, 0x0000000090500000| Untracked 
| 262|0x0000000090600000, 0x0000000090600000, 0x0000000090700000|  0%| F|  |TAMS 0x0000000090600000, 0x0000000090600000| Untracked 
| 263|0x0000000090700000, 0x0000000090700000, 0x0000000090800000|  0%| F|  |TAMS 0x0000000090700000, 0x0000000090700000| Untracked 
| 264|0x0000000090800000, 0x0000000090800000, 0x0000000090900000|  0%| F|  |TAMS 0x0000000090800000, 0x0000000090800000| Untracked 
| 265|0x0000000090900000, 0x0000000090900000, 0x0000000090a00000|  0%| F|  |TAMS 0x0000000090900000, 0x0000000090900000| Untracked 
| 266|0x0000000090a00000, 0x0000000090a00000, 0x0000000090b00000|  0%| F|  |TAMS 0x0000000090a00000, 0x0000000090a00000| Untracked 
| 267|0x0000000090b00000, 0x0000000090b00000, 0x0000000090c00000|  0%| F|  |TAMS 0x0000000090b00000, 0x0000000090b00000| Untracked 
| 268|0x0000000090c00000, 0x0000000090c00000, 0x0000000090d00000|  0%| F|  |TAMS 0x0000000090c00000, 0x0000000090c00000| Untracked 
| 269|0x0000000090d00000, 0x0000000090d00000, 0x0000000090e00000|  0%| F|  |TAMS 0x0000000090d00000, 0x0000000090d00000| Untracked 
| 270|0x0000000090e00000, 0x0000000090e00000, 0x0000000090f00000|  0%| F|  |TAMS 0x0000000090e00000, 0x0000000090e00000| Untracked 
| 271|0x0000000090f00000, 0x0000000090f00000, 0x0000000091000000|  0%| F|  |TAMS 0x0000000090f00000, 0x0000000090f00000| Untracked 
| 272|0x0000000091000000, 0x0000000091000000, 0x0000000091100000|  0%| F|  |TAMS 0x0000000091000000, 0x0000000091000000| Untracked 
| 273|0x0000000091100000, 0x0000000091100000, 0x0000000091200000|  0%| F|  |TAMS 0x0000000091100000, 0x0000000091100000| Untracked 
| 274|0x0000000091200000, 0x0000000091200000, 0x0000000091300000|  0%| F|  |TAMS 0x0000000091200000, 0x0000000091200000| Untracked 
| 275|0x0000000091300000, 0x0000000091300000, 0x0000000091400000|  0%| F|  |TAMS 0x0000000091300000, 0x0000000091300000| Untracked 
| 276|0x0000000091400000, 0x0000000091400000, 0x0000000091500000|  0%| F|  |TAMS 0x0000000091400000, 0x0000000091400000| Untracked 
| 277|0x0000000091500000, 0x0000000091500000, 0x0000000091600000|  0%| F|  |TAMS 0x0000000091500000, 0x0000000091500000| Untracked 
| 278|0x0000000091600000, 0x0000000091600000, 0x0000000091700000|  0%| F|  |TAMS 0x0000000091600000, 0x0000000091600000| Untracked 
| 279|0x0000000091700000, 0x0000000091700000, 0x0000000091800000|  0%| F|  |TAMS 0x0000000091700000, 0x0000000091700000| Untracked 
| 280|0x0000000091800000, 0x00000000918b5510, 0x0000000091900000| 70%| E|  |TAMS 0x0000000091800000, 0x0000000091800000| Complete 
| 281|0x0000000091900000, 0x0000000091a00000, 0x0000000091a00000|100%| E|CS|TAMS 0x0000000091900000, 0x0000000091900000| Complete 
| 282|0x0000000091a00000, 0x0000000091b00000, 0x0000000091b00000|100%| E|CS|TAMS 0x0000000091a00000, 0x0000000091a00000| Complete 
| 283|0x0000000091b00000, 0x0000000091c00000, 0x0000000091c00000|100%| E|CS|TAMS 0x0000000091b00000, 0x0000000091b00000| Complete 
| 284|0x0000000091c00000, 0x0000000091d00000, 0x0000000091d00000|100%| E|CS|TAMS 0x0000000091c00000, 0x0000000091c00000| Complete 
| 285|0x0000000091d00000, 0x0000000091e00000, 0x0000000091e00000|100%| E|CS|TAMS 0x0000000091d00000, 0x0000000091d00000| Complete 
| 286|0x0000000091e00000, 0x0000000091f00000, 0x0000000091f00000|100%| E|CS|TAMS 0x0000000091e00000, 0x0000000091e00000| Complete 
| 287|0x0000000091f00000, 0x0000000092000000, 0x0000000092000000|100%| E|CS|TAMS 0x0000000091f00000, 0x0000000091f00000| Complete 
| 288|0x0000000092000000, 0x0000000092100000, 0x0000000092100000|100%| E|CS|TAMS 0x0000000092000000, 0x0000000092000000| Complete 
| 289|0x0000000092100000, 0x0000000092200000, 0x0000000092200000|100%| E|CS|TAMS 0x0000000092100000, 0x0000000092100000| Complete 

Card table byte_map: [0x000001b5428b0000,0x000001b542cb0000] _byte_map_base: 0x000001b5424b0000

Marking Bits (Prev, Next): (CMBitMap*) 0x000001b52f6ae948, (CMBitMap*) 0x000001b52f6ae980
 Prev Bits: [0x000001b5430b0000, 0x000001b5450b0000)
 Next Bits: [0x000001b5450b0000, 0x000001b5470b0000)

Polling page: 0x000001b52d820000

Metaspace:

Usage:
  Non-class:    115.13 MB capacity,   113.36 MB ( 98%) used,     1.43 MB (  1%) free+waste,   341.00 KB ( <1%) overhead. 
      Class:     16.77 MB capacity,    15.76 MB ( 94%) used,   889.67 KB (  5%) free+waste,   144.50 KB ( <1%) overhead. 
       Both:    131.90 MB capacity,   129.12 MB ( 98%) used,     2.30 MB (  2%) free+waste,   485.50 KB ( <1%) overhead. 

Virtual space:
  Non-class space:      116.00 MB reserved,     115.50 MB (>99%) committed 
      Class space:        1.00 GB reserved,      16.88 MB (  2%) committed 
             Both:        1.11 GB reserved,     132.38 MB ( 12%) committed 

Chunk freelists:
   Non-Class:  188.00 KB
       Class:  77.00 KB
        Both:  265.00 KB

MaxMetaspaceSize: 17179869184.00 GB
CompressedClassSpaceSize: 1.00 GB
Initial GC threshold: 20.80 MB
Current GC threshold: 215.63 MB
CDS: off

CodeHeap 'non-profiled nmethods': size=120000Kb used=13738Kb max_used=13813Kb free=106261Kb
 bounds [0x000001b53ac50000, 0x000001b53b9e0000, 0x000001b542180000]
CodeHeap 'profiled nmethods': size=120000Kb used=42154Kb max_used=42154Kb free=77846Kb
 bounds [0x000001b533720000, 0x000001b536050000, 0x000001b53ac50000]
CodeHeap 'non-nmethods': size=5760Kb used=2496Kb max_used=2570Kb free=3263Kb
 bounds [0x000001b533180000, 0x000001b533410000, 0x000001b533720000]
 total_blobs=19345 nmethods=18325 adapters=931
 compilation: enabled
              stopped_count=0, restarted_count=0
 full_count=0

Compilation events (20 events):
Event: 3338.695 Thread 0x000001b54a4a0800 nmethod 19998 0x000001b5343d0c90 code [0x000001b5343d0e40, 0x000001b5343d0f38]
Event: 3338.695 Thread 0x000001b54a4a0800 19999       2       com.android.aaptcompiler.android.ResourceTypesKt::parseHex (103 bytes)
Event: 3338.696 Thread 0x000001b54a4a0800 nmethod 19999 0x000001b5343d0890 code [0x000001b5343d0a40, 0x000001b5343d0bd8]
Event: 3338.696 Thread 0x000001b54a4a0800 20000       2       com.android.aaptcompiler.android.ResValue::<init> (17 bytes)
Event: 3338.696 Thread 0x000001b54a4a0800 nmethod 20000 0x000001b5343d0190 code [0x000001b5343d0380, 0x000001b5343d06b8]
Event: 3338.696 Thread 0x000001b54a4a0800 20008       2       com.android.aaptcompiler.ResourceTable::addResourceImpl (987 bytes)
Event: 3338.702 Thread 0x000001b54a4a0800 nmethod 20008 0x000001b53436e510 code [0x000001b53436eda0, 0x000001b5343714d8]
Event: 3338.702 Thread 0x000001b54a4a0800 20016       2       sun.net.www.protocol.jar.Handler::parseURL (212 bytes)
Event: 3338.703 Thread 0x000001b54a4a0800 nmethod 20016 0x000001b5343cf090 code [0x000001b5343cf340, 0x000001b5343cfb68]
Event: 3338.703 Thread 0x000001b54a4a0800 20002       2       java.util.stream.IntPipeline::spliterator (8 bytes)
Event: 3338.703 Thread 0x000001b54a4a0800 nmethod 20002 0x000001b5343ce990 code [0x000001b5343ceb80, 0x000001b5343cef08]
Event: 3338.703 Thread 0x000001b54a4a0800 20003       2       java.util.Spliterators$2Adapter::<init> (15 bytes)
Event: 3338.703 Thread 0x000001b54a4a0800 nmethod 20003 0x000001b5343ce610 code [0x000001b5343ce7c0, 0x000001b5343ce918]
Event: 3338.703 Thread 0x000001b54a4a0800 20004       2       java.util.stream.IntPipeline::iterator (8 bytes)
Event: 3338.703 Thread 0x000001b54a4a0800 nmethod 20004 0x000001b5343ce010 code [0x000001b5343ce1e0, 0x000001b5343ce488]
Event: 3338.704 Thread 0x000001b54a4a0800 20005       2       java.util.Spliterators::iterator (14 bytes)
Event: 3338.704 Thread 0x000001b54a4a0800 nmethod 20005 0x000001b5343cdb10 code [0x000001b5343cdce0, 0x000001b5343cdf28]
Event: 3338.704 Thread 0x000001b54a4a0800 20007       2       com.android.aaptcompiler.TableExtractor::parseXml (564 bytes)
Event: 3338.707 Thread 0x000001b54a4a0800 nmethod 20007 0x000001b533f6dd10 code [0x000001b533f6e2c0, 0x000001b533f70438]
Event: 3338.707 Thread 0x000001b54a4a0800 20017       2       kotlin.text.StringsKt__StringsJVMKt::regionMatches (43 bytes)

GC Heap History (20 events):
Event: 3334.973 GC heap before
{Heap before GC invocations=92 (full 0):
 garbage-first heap   total 187392K, used 144999K [0x0000000080000000, 0x0000000100000000)
  region size 1024K, 9 young (9216K), 2 survivors (2048K)
 Metaspace       used 128477K, capacity 131197K, committed 131712K, reserved 1163264K
  class space    used 15858K, capacity 16864K, committed 17024K, reserved 1048576K
}
Event: 3334.979 GC heap after
{Heap after GC invocations=93 (full 0):
 garbage-first heap   total 187392K, used 138214K [0x0000000080000000, 0x0000000100000000)
  region size 1024K, 2 young (2048K), 2 survivors (2048K)
 Metaspace       used 128477K, capacity 131197K, committed 131712K, reserved 1163264K
  class space    used 15858K, capacity 16864K, committed 17024K, reserved 1048576K
}
Event: 3335.154 GC heap before
{Heap before GC invocations=93 (full 0):
 garbage-first heap   total 187392K, used 158694K [0x0000000080000000, 0x0000000100000000)
  region size 1024K, 22 young (22528K), 2 survivors (2048K)
 Metaspace       used 128620K, capacity 131325K, committed 131712K, reserved 1163264K
  class space    used 15858K, capacity 16864K, committed 17024K, reserved 1048576K
}
Event: 3335.160 GC heap after
{Heap after GC invocations=94 (full 0):
 garbage-first heap   total 187392K, used 140581K [0x0000000080000000, 0x0000000100000000)
  region size 1024K, 3 young (3072K), 3 survivors (3072K)
 Metaspace       used 128620K, capacity 131325K, committed 131712K, reserved 1163264K
  class space    used 15858K, capacity 16864K, committed 17024K, reserved 1048576K
}
Event: 3335.401 GC heap before
{Heap before GC invocations=95 (full 0):
 garbage-first heap   total 187392K, used 159013K [0x0000000080000000, 0x0000000100000000)
  region size 1024K, 22 young (22528K), 3 survivors (3072K)
 Metaspace       used 128663K, capacity 131389K, committed 131968K, reserved 1165312K
  class space    used 15858K, capacity 16864K, committed 17024K, reserved 1048576K
}
Event: 3335.409 GC heap after
{Heap after GC invocations=96 (full 0):
 garbage-first heap   total 187392K, used 146104K [0x0000000080000000, 0x0000000100000000)
  region size 1024K, 3 young (3072K), 3 survivors (3072K)
 Metaspace       used 128663K, capacity 131389K, committed 131968K, reserved 1165312K
  class space    used 15858K, capacity 16864K, committed 17024K, reserved 1048576K
}
Event: 3335.486 GC heap before
{Heap before GC invocations=96 (full 0):
 garbage-first heap   total 187392K, used 152248K [0x0000000080000000, 0x0000000100000000)
  region size 1024K, 9 young (9216K), 3 survivors (3072K)
 Metaspace       used 128667K, capacity 131389K, committed 131968K, reserved 1165312K
  class space    used 15858K, capacity 16864K, committed 17024K, reserved 1048576K
}
Event: 3335.494 GC heap after
{Heap after GC invocations=97 (full 0):
 garbage-first heap   total 225280K, used 147960K [0x0000000080000000, 0x0000000100000000)
  region size 1024K, 2 young (2048K), 2 survivors (2048K)
 Metaspace       used 128667K, capacity 131389K, committed 131968K, reserved 1165312K
  class space    used 15858K, capacity 16864K, committed 17024K, reserved 1048576K
}
Event: 3335.554 GC heap before
{Heap before GC invocations=97 (full 0):
 garbage-first heap   total 225280K, used 151032K [0x0000000080000000, 0x0000000100000000)
  region size 1024K, 6 young (6144K), 2 survivors (2048K)
 Metaspace       used 128668K, capacity 131389K, committed 131968K, reserved 1165312K
  class space    used 15858K, capacity 16864K, committed 17024K, reserved 1048576K
}
Event: 3335.562 GC heap after
{Heap after GC invocations=98 (full 0):
 garbage-first heap   total 225280K, used 149115K [0x0000000080000000, 0x0000000100000000)
  region size 1024K, 3 young (3072K), 3 survivors (3072K)
 Metaspace       used 128668K, capacity 131389K, committed 131968K, reserved 1165312K
  class space    used 15858K, capacity 16864K, committed 17024K, reserved 1048576K
}
Event: 3335.994 GC heap before
{Heap before GC invocations=99 (full 0):
 garbage-first heap   total 225280K, used 177787K [0x0000000080000000, 0x0000000100000000)
  region size 1024K, 29 young (29696K), 3 survivors (3072K)
 Metaspace       used 128746K, capacity 131453K, committed 131968K, reserved 1165312K
  class space    used 15858K, capacity 16864K, committed 17024K, reserved 1048576K
}
Event: 3336.006 GC heap after
{Heap after GC invocations=100 (full 0):
 garbage-first heap   total 225280K, used 160766K [0x0000000080000000, 0x0000000100000000)
  region size 1024K, 4 young (4096K), 4 survivors (4096K)
 Metaspace       used 128746K, capacity 131453K, committed 131968K, reserved 1165312K
  class space    used 15858K, capacity 16864K, committed 17024K, reserved 1048576K
}
Event: 3336.504 GC heap before
{Heap before GC invocations=100 (full 0):
 garbage-first heap   total 225280K, used 175102K [0x0000000080000000, 0x0000000100000000)
  region size 1024K, 20 young (20480K), 4 survivors (4096K)
 Metaspace       used 129072K, capacity 131872K, committed 132224K, reserved 1165312K
  class space    used 15887K, capacity 16897K, committed 17024K, reserved 1048576K
}
Event: 3336.519 GC heap after
{Heap after GC invocations=101 (full 0):
 garbage-first heap   total 225280K, used 164313K [0x0000000080000000, 0x0000000100000000)
  region size 1024K, 3 young (3072K), 3 survivors (3072K)
 Metaspace       used 129072K, capacity 131872K, committed 132224K, reserved 1165312K
  class space    used 15887K, capacity 16897K, committed 17024K, reserved 1048576K
}
Event: 3337.135 GC heap before
{Heap before GC invocations=102 (full 0):
 garbage-first heap   total 225280K, used 191961K [0x0000000080000000, 0x0000000100000000)
  region size 1024K, 22 young (22528K), 3 survivors (3072K)
 Metaspace       used 129132K, capacity 131873K, committed 132224K, reserved 1165312K
  class space    used 15889K, capacity 16897K, committed 17024K, reserved 1048576K
}
Event: 3337.146 GC heap after
{Heap after GC invocations=103 (full 0):
 garbage-first heap   total 296960K, used 167031K [0x0000000080000000, 0x0000000100000000)
  region size 1024K, 3 young (3072K), 3 survivors (3072K)
 Metaspace       used 129132K, capacity 131873K, committed 132224K, reserved 1165312K
  class space    used 15889K, capacity 16897K, committed 17024K, reserved 1048576K
}
Event: 3337.658 GC heap before
{Heap before GC invocations=103 (full 0):
 garbage-first heap   total 296960K, used 189559K [0x0000000080000000, 0x0000000100000000)
  region size 1024K, 26 young (26624K), 3 survivors (3072K)
 Metaspace       used 129194K, capacity 131947K, committed 132480K, reserved 1165312K
  class space    used 15894K, capacity 16900K, committed 17024K, reserved 1048576K
}
Event: 3337.674 GC heap after
{Heap after GC invocations=104 (full 0):
 garbage-first heap   total 296960K, used 173315K [0x0000000080000000, 0x0000000100000000)
  region size 1024K, 6 young (6144K), 6 survivors (6144K)
 Metaspace       used 129194K, capacity 131947K, committed 132480K, reserved 1165312K
  class space    used 15894K, capacity 16900K, committed 17024K, reserved 1048576K
}
Event: 3338.542 GC heap before
{Heap before GC invocations=105 (full 0):
 garbage-first heap   total 296960K, used 231683K [0x0000000080000000, 0x0000000100000000)
  region size 1024K, 46 young (47104K), 6 survivors (6144K)
 Metaspace       used 131033K, capacity 133783K, committed 134144K, reserved 1167360K
  class space    used 16052K, capacity 17043K, committed 17152K, reserved 1048576K
}
Event: 3338.563 GC heap after
{Heap after GC invocations=106 (full 0):
 garbage-first heap   total 296960K, used 179547K [0x0000000080000000, 0x0000000100000000)
  region size 1024K, 6 young (6144K), 6 survivors (6144K)
 Metaspace       used 131033K, capacity 133783K, committed 134144K, reserved 1167360K
  class space    used 16052K, capacity 17043K, committed 17152K, reserved 1048576K
}

Deoptimization events (20 events):
Event: 3338.473 Thread 0x000001b559d9c000 DEOPT PACKING pc=0x000001b53ac5d764 sp=0x0000003649cfd6d0
Event: 3338.473 Thread 0x000001b559d9c000 DEOPT UNPACKING pc=0x000001b5331885af sp=0x0000003649cfd668 mode 2
Event: 3338.473 Thread 0x000001b559d9d800 DEOPT PACKING pc=0x000001b53ac5d764 sp=0x00000036502fd840
Event: 3338.473 Thread 0x000001b559d9d800 DEOPT UNPACKING pc=0x000001b5331885af sp=0x00000036502fd7d8 mode 2
Event: 3338.481 Thread 0x000001b559d9c000 Uncommon trap: trap_request=0xffffff4d fr.pc=0x000001b53af2f6a8 relative=0x0000000000000188
Event: 3338.481 Thread 0x000001b559d9c000 Uncommon trap: reason=unstable_if action=reinterpret pc=0x000001b53af2f6a8 method=java.lang.String.equals(Ljava/lang/Object;)Z @ 27 c2
Event: 3338.481 Thread 0x000001b559d9c000 DEOPT PACKING pc=0x000001b53af2f6a8 sp=0x0000003649cfd710
Event: 3338.481 Thread 0x000001b559d9c000 DEOPT UNPACKING pc=0x000001b5331885af sp=0x0000003649cfd6a0 mode 2
Event: 3338.482 Thread 0x000001b559da3000 Uncommon trap: trap_request=0xffffff4d fr.pc=0x000001b53ae991c8 relative=0x0000000000001108
Event: 3338.482 Thread 0x000001b559da3000 Uncommon trap: reason=unstable_if action=reinterpret pc=0x000001b53ae991c8 method=java.util.WeakHashMap.remove(Ljava/lang/Object;)Ljava/lang/Object; @ 94 c2
Event: 3338.482 Thread 0x000001b559da3000 DEOPT PACKING pc=0x000001b53ae991c8 sp=0x00000036500fb120
Event: 3338.482 Thread 0x000001b559da3000 DEOPT UNPACKING pc=0x000001b5331885af sp=0x00000036500faff8 mode 2
Event: 3338.506 Thread 0x000001b559d9d800 Uncommon trap: trap_request=0xffffff4d fr.pc=0x000001b53ae24448 relative=0x0000000000000408
Event: 3338.506 Thread 0x000001b559d9d800 Uncommon trap: reason=unstable_if action=reinterpret pc=0x000001b53ae24448 method=java.lang.String.substring(I)Ljava/lang/String; @ 43 c2
Event: 3338.506 Thread 0x000001b559d9d800 DEOPT PACKING pc=0x000001b53ae24448 sp=0x00000036502fdae0
Event: 3338.506 Thread 0x000001b559d9d800 DEOPT UNPACKING pc=0x000001b5331885af sp=0x00000036502fdab8 mode 2
Event: 3338.684 Thread 0x000001b559d9b000 DEOPT PACKING pc=0x000001b533e400ff sp=0x000000364fdfd5b0
Event: 3338.684 Thread 0x000001b559d9b000 DEOPT UNPACKING pc=0x000001b5331c9d0e sp=0x000000364fdfcaa0 mode 0
Event: 3338.708 Thread 0x000001b559d9b000 DEOPT PACKING pc=0x000001b5343a7bf5 sp=0x000000364fdfd1e0
Event: 3338.708 Thread 0x000001b559d9b000 DEOPT UNPACKING pc=0x000001b5331c9d0e sp=0x000000364fdfc6a8 mode 0

Classes redefined (0 events):
No events

Internal exceptions (20 events):
Event: 3333.023 Thread 0x000001b54aace000 Exception <a 'java/lang/NoSuchMethodError'{0x000000008ae7c6f0}: <clinit>> (0x000000008ae7c6f0) thrown at [./src/hotspot/share/prims/jni.cpp, line 1365]
Event: 3333.025 Thread 0x000001b54aace000 Exception <a 'java/lang/NoSuchMethodError'{0x000000008ae8f160}: <clinit>> (0x000000008ae8f160) thrown at [./src/hotspot/share/prims/jni.cpp, line 1365]
Event: 3333.025 Thread 0x000001b54aace000 Exception <a 'java/lang/NoSuchMethodError'{0x000000008ae90678}: <clinit>> (0x000000008ae90678) thrown at [./src/hotspot/share/prims/jni.cpp, line 1365]
Event: 3333.065 Thread 0x000001b55204b000 Exception <a 'java/lang/NoSuchMethodError'{0x000000008aac7210}: <clinit>> (0x000000008aac7210) thrown at [./src/hotspot/share/prims/jni.cpp, line 1365]
Event: 3333.071 Thread 0x000001b55204b000 Exception <a 'java/lang/NoSuchMethodError'{0x000000008aadca18}: <clinit>> (0x000000008aadca18) thrown at [./src/hotspot/share/prims/jni.cpp, line 1365]
Event: 3333.087 Thread 0x000001b55204b000 Exception <a 'java/lang/NoSuchMethodError'{0x000000008a959b68}: <clinit>> (0x000000008a959b68) thrown at [./src/hotspot/share/prims/jni.cpp, line 1365]
Event: 3333.142 Thread 0x000001b54aace000 Exception <a 'java/lang/NoSuchMethodError'{0x000000008a712fd0}: <clinit>> (0x000000008a712fd0) thrown at [./src/hotspot/share/prims/jni.cpp, line 1365]
Event: 3333.143 Thread 0x000001b54aac4800 Exception <a 'java/lang/NoSuchMethodError'{0x000000008a8cd1e0}: 'java.lang.Object java.lang.invoke.DirectMethodHandle$Holder.invokeInterface(java.lang.Object, java.lang.Object, int)'> (0x000000008a8cd1e0) thrown at [./src/hotspot/share/interpreter/linkResolver.cpp, line 773]
Event: 3333.148 Thread 0x000001b54aac4800 Exception <a 'java/lang/NoSuchMethodError'{0x000000008a8e2710}: 'void java.lang.invoke.DirectMethodHandle$Holder.invokeStatic(java.lang.Object, java.lang.Object, java.lang.Object, int)'> (0x000000008a8e2710) thrown at [./src/hotspot/share/interpreter/linkResolver.cpp, line 773]
Event: 3333.199 Thread 0x000001b54aac4800 Implicit null exception at 0x000001b53b157677 to 0x000001b53b157810
Event: 3333.206 Thread 0x000001b54d1d2000 Implicit null exception at 0x000001b53b173066 to 0x000001b53b1737f4
Event: 3333.250 Thread 0x000001b54aac4800 Exception <a 'java/lang/NoSuchMethodError'{0x000000008a563070}: 'int java.lang.invoke.DirectMethodHandle$Holder.invokeStaticInit(java.lang.Object, java.lang.Object, java.lang.Object, java.lang.Object, java.lang.Object)'> (0x000000008a563070) thrown at [./src/hotspot/share/interpreter/linkResolver.cpp, line 773]
Event: 3333.315 Thread 0x000001b54aace000 Exception <a 'java/lang/NoSuchMethodError'{0x000000008a33a9c8}: <clinit>> (0x000000008a33a9c8) thrown at [./src/hotspot/share/prims/jni.cpp, line 1365]
Event: 3333.903 Thread 0x000001b54aac4800 Exception <a 'java/lang/NoSuchMethodError'{0x000000008b6b0e58}: <clinit>> (0x000000008b6b0e58) thrown at [./src/hotspot/share/prims/jni.cpp, line 1365]
Event: 3333.956 Thread 0x000001b552049000 Exception <a 'java/lang/NoSuchMethodError'{0x000000008b467ef8}: 'long java.lang.invoke.DirectMethodHandle$Holder.invokeStatic(java.lang.Object, java.lang.Object)'> (0x000000008b467ef8) thrown at [./src/hotspot/share/interpreter/linkResolver.cpp, line 773]
Event: 3336.125 Thread 0x000001b552049000 Implicit null exception at 0x000001b53b9c1093 to 0x000001b53b9c4ce8
Event: 3336.219 Thread 0x000001b552049000 Implicit null exception at 0x000001b53b9c8420 to 0x000001b53b9c923c
Event: 3337.714 Thread 0x000001b552049000 Implicit null exception at 0x000001b53b1e01c2 to 0x000001b53b1e5868
Event: 3337.952 Thread 0x000001b552049000 Exception <a 'java/lang/NoSuchMethodError'{0x0000000091fa1390}: <clinit>> (0x0000000091fa1390) thrown at [./src/hotspot/share/prims/jni.cpp, line 1365]
Event: 3337.982 Thread 0x000001b552049000 Exception <a 'java/lang/NoSuchMethodError'{0x0000000091d7a568}: <clinit>> (0x0000000091d7a568) thrown at [./src/hotspot/share/prims/jni.cpp, line 1365]

Events (20 events):
Event: 3338.703 loading class kotlin/jvm/internal/FloatCompanionObject
Event: 3338.703 loading class kotlin/jvm/internal/FloatCompanionObject done
Event: 3338.703 loading class kotlin/jvm/internal/FloatCompanionObject
Event: 3338.703 loading class kotlin/jvm/internal/FloatCompanionObject done
Event: 3338.703 loading class com/android/aapt/Resources$TypeId
Event: 3338.703 loading class com/android/aapt/Resources$TypeId done
Event: 3338.703 loading class com/android/aaptcompiler/ResourceUtilsKt$WhenMappings
Event: 3338.703 loading class com/android/aaptcompiler/ResourceUtilsKt$WhenMappings done
Event: 3338.705 loading class com/android/aapt/Resources$StagedIdOrBuilder
Event: 3338.705 loading class com/android/aapt/Resources$StagedIdOrBuilder done
Event: 3338.706 loading class com/android/aapt/Resources$AllowNewOrBuilder
Event: 3338.706 loading class com/android/aapt/Resources$AllowNewOrBuilder done
Event: 3338.706 loading class com/android/aapt/Resources$VisibilityOrBuilder
Event: 3338.706 loading class com/android/aapt/Resources$VisibilityOrBuilder done
Event: 3338.706 loading class com/android/aapt/Resources$EntryIdOrBuilder
Event: 3338.706 loading class com/android/aapt/Resources$EntryIdOrBuilder done
Event: 3338.707 loading class com/android/aapt/Resources$OverlayableItemOrBuilder
Event: 3338.707 loading class com/android/aapt/Resources$OverlayableItemOrBuilder done
Event: 3338.707 loading class com/android/aapt/Resources$Entry$1
Event: 3338.707 loading class com/android/aapt/Resources$Entry$1 done


Dynamic libraries:
0x00007ff62da20000 - 0x00007ff62da2a000 	C:\Program Files\Android\Android Studio\jre\bin\java.exe
0x00007ff9f3b60000 - 0x00007ff9f3d69000 	C:\WINDOWS\SYSTEM32\ntdll.dll
0x00007ff9f2d90000 - 0x00007ff9f2e4d000 	C:\WINDOWS\System32\KERNEL32.DLL
0x00007ff9f1040000 - 0x00007ff9f13b9000 	C:\WINDOWS\System32\KERNELBASE.dll
0x00007ff9f1610000 - 0x00007ff9f1721000 	C:\WINDOWS\System32\ucrtbase.dll
0x00007ff9d9800000 - 0x00007ff9d9817000 	C:\Program Files\Android\Android Studio\jre\bin\VCRUNTIME140.dll
0x00007ff9ebff0000 - 0x00007ff9ec009000 	C:\Program Files\Android\Android Studio\jre\bin\jli.dll
0x00007ff9f1a60000 - 0x00007ff9f1c0c000 	C:\WINDOWS\System32\USER32.dll
0x00007ff9f1730000 - 0x00007ff9f1756000 	C:\WINDOWS\System32\win32u.dll
0x00007ff9d7850000 - 0x00007ff9d7af5000 	C:\WINDOWS\WinSxS\amd64_microsoft.windows.common-controls_6595b64144ccf1df_6.0.22000.120_none_9d947278b86cc467\COMCTL32.dll
0x00007ff9f36c0000 - 0x00007ff9f36e9000 	C:\WINDOWS\System32\GDI32.dll
0x00007ff9f23b0000 - 0x00007ff9f2453000 	C:\WINDOWS\System32\msvcrt.dll
0x00007ff9f14f0000 - 0x00007ff9f1602000 	C:\WINDOWS\System32\gdi32full.dll
0x00007ff9f1950000 - 0x00007ff9f19ed000 	C:\WINDOWS\System32\msvcp_win.dll
0x00007ff9f36f0000 - 0x00007ff9f3721000 	C:\WINDOWS\System32\IMM32.DLL
0x00007ff9aa440000 - 0x00007ff9aa4dd000 	C:\Program Files\Android\Android Studio\jre\bin\msvcp140.dll
0x00007ff998610000 - 0x00007ff9990f5000 	C:\Program Files\Android\Android Studio\jre\bin\server\jvm.dll
0x00007ff9f3610000 - 0x00007ff9f36be000 	C:\WINDOWS\System32\ADVAPI32.dll
0x00007ff9f2ab0000 - 0x00007ff9f2b4e000 	C:\WINDOWS\System32\sechost.dll
0x00007ff9f2930000 - 0x00007ff9f2a50000 	C:\WINDOWS\System32\RPCRT4.dll
0x00007ff9f3730000 - 0x00007ff9f3738000 	C:\WINDOWS\System32\PSAPI.DLL
0x00007ff9ecc00000 - 0x00007ff9ecc09000 	C:\WINDOWS\SYSTEM32\WSOCK32.dll
0x00007ff9e7e10000 - 0x00007ff9e7e43000 	C:\WINDOWS\SYSTEM32\WINMM.dll
0x00007ff9e7b60000 - 0x00007ff9e7b6a000 	C:\WINDOWS\SYSTEM32\VERSION.dll
0x00007ff9f19f0000 - 0x00007ff9f1a5f000 	C:\WINDOWS\System32\WS2_32.dll
0x00007ff9f01b0000 - 0x00007ff9f01c8000 	C:\WINDOWS\SYSTEM32\kernel.appcore.dll
0x00007ff9d9ee0000 - 0x00007ff9d9ef1000 	C:\Program Files\Android\Android Studio\jre\bin\verify.dll
0x00007ff9ee990000 - 0x00007ff9eebb1000 	C:\WINDOWS\SYSTEM32\DBGHELP.DLL
0x00007ff9d4f80000 - 0x00007ff9d4fb1000 	C:\WINDOWS\SYSTEM32\dbgcore.DLL
0x00007ff9f18d0000 - 0x00007ff9f194f000 	C:\WINDOWS\System32\bcryptPrimitives.dll
0x00007ff9d9e80000 - 0x00007ff9d9ea9000 	C:\Program Files\Android\Android Studio\jre\bin\java.dll
0x00007ff9ecbf0000 - 0x00007ff9ecbfb000 	C:\Program Files\Android\Android Studio\jre\bin\jimage.dll
0x00007ff9d9cf0000 - 0x00007ff9d9d08000 	C:\Program Files\Android\Android Studio\jre\bin\zip.dll
0x00007ff9f2e50000 - 0x00007ff9f3608000 	C:\WINDOWS\System32\SHELL32.dll
0x00007ff9ef1a0000 - 0x00007ff9efa07000 	C:\WINDOWS\SYSTEM32\windows.storage.dll
0x00007ff9f1e90000 - 0x00007ff9f2209000 	C:\WINDOWS\System32\combase.dll
0x00007ff9ef030000 - 0x00007ff9ef196000 	C:\WINDOWS\SYSTEM32\wintypes.dll
0x00007ff9f22c0000 - 0x00007ff9f23aa000 	C:\WINDOWS\System32\SHCORE.dll
0x00007ff9f1db0000 - 0x00007ff9f1e0d000 	C:\WINDOWS\System32\shlwapi.dll
0x00007ff9f0f70000 - 0x00007ff9f0f91000 	C:\WINDOWS\SYSTEM32\profapi.dll
0x00007ff9d9850000 - 0x00007ff9d986a000 	C:\Program Files\Android\Android Studio\jre\bin\net.dll
0x00007ff9ec1d0000 - 0x00007ff9ec2dc000 	C:\WINDOWS\SYSTEM32\WINHTTP.dll
0x00007ff9f0660000 - 0x00007ff9f06c7000 	C:\WINDOWS\system32\mswsock.dll
0x00007ff9d0610000 - 0x00007ff9d0624000 	C:\Program Files\Android\Android Studio\jre\bin\nio.dll
0x00007ff9cb840000 - 0x00007ff9cb867000 	C:\Users\UMESH\.gradle\native\e1d6ef7f7dcc3fd88c89a11ec53ec762bb8ba0a96d01ffa2cd45eb1d1d8dd5c5\windows-amd64\native-platform.dll
0x00007ff9a03a0000 - 0x00007ff9a04e4000 	C:\Users\UMESH\.gradle\native\5664cfc778a61ccfe75a443a1ab52a65af34e5dc3c78e0209fed803814484fcb\windows-amd64\native-platform-file-events.dll
0x00007ff9e04d0000 - 0x00007ff9e04da000 	C:\Program Files\Android\Android Studio\jre\bin\management.dll
0x00007ff9da260000 - 0x00007ff9da26d000 	C:\Program Files\Android\Android Studio\jre\bin\management_ext.dll
0x00007ff9f08a0000 - 0x00007ff9f08b8000 	C:\WINDOWS\SYSTEM32\CRYPTSP.dll
0x00007ff9f0110000 - 0x00007ff9f0145000 	C:\WINDOWS\system32\rsaenh.dll
0x00007ff9f0750000 - 0x00007ff9f0779000 	C:\WINDOWS\SYSTEM32\USERENV.dll
0x00007ff9f0a20000 - 0x00007ff9f0a47000 	C:\WINDOWS\SYSTEM32\bcrypt.dll
0x00007ff9f08c0000 - 0x00007ff9f08cc000 	C:\WINDOWS\SYSTEM32\CRYPTBASE.dll
0x00007ff9efc60000 - 0x00007ff9efc8d000 	C:\WINDOWS\SYSTEM32\IPHLPAPI.DLL
0x00007ff9f2d80000 - 0x00007ff9f2d89000 	C:\WINDOWS\System32\NSI.dll
0x00007ff9e7b70000 - 0x00007ff9e7b89000 	C:\WINDOWS\SYSTEM32\dhcpcsvc6.DLL
0x00007ff9e7d50000 - 0x00007ff9e7d6e000 	C:\WINDOWS\SYSTEM32\dhcpcsvc.DLL
0x00007ff9efc90000 - 0x00007ff9efd78000 	C:\WINDOWS\SYSTEM32\DNSAPI.dll
0x00007ff9bbe50000 - 0x00007ff9bbe77000 	C:\Program Files\Android\Android Studio\jre\bin\sunec.dll
0x00007ff9e7480000 - 0x00007ff9e748a000 	C:\Windows\System32\rasadhlp.dll
0x00007ff9e2a00000 - 0x00007ff9e2a81000 	C:\WINDOWS\System32\fwpuclnt.dll

dbghelp: loaded successfully - version: 4.0.5 - missing functions: none
symbol engine: initialized successfully - sym options: 0x614 - pdb path: .;C:\Program Files\Android\Android Studio\jre\bin;C:\WINDOWS\SYSTEM32;C:\WINDOWS\WinSxS\amd64_microsoft.windows.common-controls_6595b64144ccf1df_6.0.22000.120_none_9d947278b86cc467;C:\Program Files\Android\Android Studio\jre\bin\server;C:\Users\UMESH\.gradle\native\e1d6ef7f7dcc3fd88c89a11ec53ec762bb8ba0a96d01ffa2cd45eb1d1d8dd5c5\windows-amd64;C:\Users\UMESH\.gradle\native\5664cfc778a61ccfe75a443a1ab52a65af34e5dc3c78e0209fed803814484fcb\windows-amd64

VM Arguments:
jvm_args: --add-opens=java.base/java.util=ALL-UNNAMED --add-opens=java.base/java.lang=ALL-UNNAMED --add-opens=java.base/java.lang.invoke=ALL-UNNAMED --add-opens=java.base/java.util=ALL-UNNAMED --add-opens=java.prefs/java.util.prefs=ALL-UNNAMED --add-opens=java.prefs/java.util.prefs=ALL-UNNAMED --add-opens=java.base/java.nio.charset=ALL-UNNAMED --add-opens=java.base/java.net=ALL-UNNAMED --add-opens=java.base/java.util.concurrent.atomic=ALL-UNNAMED -Xmx2048m -Dfile.encoding=UTF-8 -Duser.country=IN -Duser.language=en -Duser.variant 
java_command: org.gradle.launcher.daemon.bootstrap.GradleDaemon 7.3.3
java_class_path (initial): C:\Users\UMESH\.gradle\wrapper\dists\gradle-7.3.3-bin\6a41zxkdtcxs8rphpq6y0069z\gradle-7.3.3\lib\gradle-launcher-7.3.3.jar
Launcher Type: SUN_STANDARD

[Global flags]
     intx CICompilerCount                          = 4                                         {product} {ergonomic}
     uint ConcGCThreads                            = 2                                         {product} {ergonomic}
     uint G1ConcRefinementThreads                  = 8                                         {product} {ergonomic}
   size_t G1HeapRegionSize                         = 1048576                                   {product} {ergonomic}
    uintx GCDrainStackTargetSize                   = 64                                        {product} {ergonomic}
   size_t InitialHeapSize                          = 132120576                                 {product} {ergonomic}
   size_t MarkStackSize                            = 4194304                                   {product} {ergonomic}
   size_t MaxHeapSize                              = 2147483648                                {product} {command line}
   size_t MaxNewSize                               = 1287651328                                {product} {ergonomic}
   size_t MinHeapDeltaBytes                        = 1048576                                   {product} {ergonomic}
    uintx NonNMethodCodeHeapSize                   = 5836300                                {pd product} {ergonomic}
    uintx NonProfiledCodeHeapSize                  = 122910970                              {pd product} {ergonomic}
    uintx ProfiledCodeHeapSize                     = 122910970                              {pd product} {ergonomic}
    uintx ReservedCodeCacheSize                    = 251658240                              {pd product} {ergonomic}
     bool SegmentedCodeCache                       = true                                      {product} {ergonomic}
     bool UseCompressedClassPointers               = true                                 {lp64_product} {ergonomic}
     bool UseCompressedOops                        = true                                 {lp64_product} {ergonomic}
     bool UseG1GC                                  = true                                      {product} {ergonomic}
     bool UseLargePagesIndividualAllocation        = false                                  {pd product} {ergonomic}

Logging:
Log output configuration:
 #0: stdout all=warning uptime,level,tags
 #1: stderr all=off uptime,level,tags

Environment Variables:
PATH=C:\Program Files\Common Files\Oracle\Java\javapath;C:\WINDOWS\system32;C:\WINDOWS;C:\WINDOWS\System32\Wbem;C:\WINDOWS\System32\WindowsPowerShell\v1.0\;C:\WINDOWS\System32\OpenSSH\;C:\Program Files\Git\cmd;C:\Users\UMESH\AppData\Local\Microsoft\WindowsApps;C:\Program Files\JetBrains\IntelliJ IDEA Community Edition 2021.3.1\bin;C:\msys64\mingw64\bin;C:\kotlinc\bin;;C:\Users\UMESH\AppData\Local\Programs\Microsoft VS Code\bin;C:\kotlinc\bin;
USERNAME=UMESH
OS=Windows_NT
PROCESSOR_IDENTIFIER=Intel64 Family 6 Model 140 Stepping 1, GenuineIntel



---------------  S Y S T E M  ---------------

OS: Windows 10 , 64 bit Build 22000 (10.0.22000.708)
OS uptime: 0 days 10:12 hours

CPU:total 8 (initial active 8) (4 cores per cpu, 2 threads per core) family 6 model 140 stepping 1 microcode 0x86, cmov, cx8, fxsr, mmx, sse, sse2, sse3, ssse3, sse4.1, sse4.2, popcnt, avx, avx2, aes, clmul, erms, 3dnowpref, lzcnt, ht, tsc, tscinvbit, bmi1, bmi2, adx, evex, sha, fma

Memory: 4k page, system-wide physical 7975M (86M free)
TotalPageFile size 12071M (AvailPageFile size 4M)
current process WorkingSet (physical memory assigned to process): 510M, peak: 616M
current process commit charge ("private bytes"): 696M, peak: 725M

vm_info: OpenJDK 64-Bit Server VM (11.0.12+7-b1504.28-7817840) for windows-amd64 JRE (11.0.12+7-b1504.28-7817840), built on Oct 13 2021 22:12:33 by "builder" with MS VC++ 14.0 (VS2015)

END.
