#
# There is insufficient memory for the Java Runtime Environment to continue.
# Native memory allocation (malloc) failed to allocate 32744 bytes for ChunkPool::allocate
# Possible reasons:
#   The system is out of physical RAM or swap space
#   The process is running with CompressedOops enabled, and the Java Heap may be blocking the growth of the native heap
# Possible solutions:
#   Reduce memory load on the system
#   Increase physical memory or swap space
#   Check if swap backing store is full
#   Decrease Java heap size (-Xmx/-Xms)
#   Decrease number of Java threads
#   Decrease Java thread stack sizes (-Xss)
#   Set larger code cache with -XX:ReservedCodeCacheSize=
#   JVM is running with Unscaled Compressed Oops mode in which the Java heap is
#     placed in the first 4GB address space. The Java Heap base address is the
#     maximum limit for the native heap growth. Please use -XX:HeapBaseMinAddress
#     to set the Java Heap base and to place the Java Heap above 4GB virtual address.
# This output file may be truncated or incomplete.
#
#  Out of Memory Error (./src/hotspot/share/memory/arena.cpp:81), pid=1592, tid=18160
#
# JRE version: OpenJDK Runtime Environment (11.0.12+7) (build 11.0.12+7-b1504.28-7817840)
# Java VM: OpenJDK 64-Bit Server VM (11.0.12+7-b1504.28-7817840, mixed mode, tiered, compressed oops, g1 gc, windows-amd64)
# No core dump will be written. Minidumps are not enabled by default on client versions of Windows
#

---------------  S U M M A R Y ------------

Command Line: --add-opens=java.base/java.util=ALL-UNNAMED --add-opens=java.base/java.lang=ALL-UNNAMED --add-opens=java.base/java.lang.invoke=ALL-UNNAMED --add-opens=java.base/java.util=ALL-UNNAMED --add-opens=java.prefs/java.util.prefs=ALL-UNNAMED --add-opens=java.prefs/java.util.prefs=ALL-UNNAMED --add-opens=java.base/java.nio.charset=ALL-UNNAMED --add-opens=java.base/java.net=ALL-UNNAMED --add-opens=java.base/java.util.concurrent.atomic=ALL-UNNAMED -Xmx2048m -Dfile.encoding=UTF-8 -Duser.country=IN -Duser.language=en -Duser.variant org.gradle.launcher.daemon.bootstrap.GradleDaemon 7.3.3

Host: 11th Gen Intel(R) Core(TM) i5-11300H @ 3.10GHz, 8 cores, 7G,  Windows 10 , 64 bit Build 22000 (10.0.22000.708)
Time: Sat Jul 23 02:08:29 2022 India Standard Time elapsed time: 10041.723255 seconds (0d 2h 47m 21s)

---------------  T H R E A D  ---------------

Current thread (0x0000016b7d6ec800):  JavaThread "C2 CompilerThread0" daemon [_thread_in_native, id=18160, stack(0x00000063b8000000,0x00000063b8100000)]


Current CompileTask:
C2:10041723 21176   !   4       com.android.tools.r8.internal.Y9::b (116 bytes)

Stack: [0x00000063b8000000,0x00000063b8100000]
Native frames: (J=compiled Java code, j=interpreted, Vv=VM code, C=native code)
V  [jvm.dll+0x5fbcea]
V  [jvm.dll+0x731905]
V  [jvm.dll+0x732f1d]
V  [jvm.dll+0x7335d3]
V  [jvm.dll+0x247bf8]
V  [jvm.dll+0xc041b]
V  [jvm.dll+0xc06cc]
V  [jvm.dll+0x51b07a]
V  [jvm.dll+0x507405]
V  [jvm.dll+0x50a18c]
V  [jvm.dll+0x509ebb]
V  [jvm.dll+0x509e36]
V  [jvm.dll+0x509f07]
V  [jvm.dll+0x511978]
V  [jvm.dll+0x208303]
V  [jvm.dll+0x201fe0]
V  [jvm.dll+0x1ff71f]
V  [jvm.dll+0x18868c]
V  [jvm.dll+0x20e0d7]
V  [jvm.dll+0x20c901]
V  [jvm.dll+0x6f9b7f]
V  [jvm.dll+0x6f26a5]
V  [jvm.dll+0x5fabf6]
C  [ucrtbase.dll+0x26c0c]
C  [KERNEL32.DLL+0x154e0]
C  [ntdll.dll+0x485b]


---------------  P R O C E S S  ---------------

Threads class SMR info:
_java_thread_list=0x0000016b0f42ae00, length=166, elements={
0x0000016b718ad000, 0x0000016b7cd64000, 0x0000016b7cd68000, 0x0000016b7d6e6800,
0x0000016b7d6e7800, 0x0000016b7d6e8800, 0x0000016b7d6ec800, 0x0000016b7cd7d000,
0x0000016b7cd7e000, 0x0000016b7d82e000, 0x0000016b7edf2800, 0x0000016b7f019000,
0x0000016b0f95e000, 0x0000016b102ce000, 0x0000016b102cc800, 0x0000016b102cb800,
0x0000016b10c30000, 0x0000016b10c2c000, 0x0000016b10c2f000, 0x0000016b10c34000,
0x0000016b10c36000, 0x0000016b10c38000, 0x0000016b10c39000, 0x0000016b141e0000,
0x0000016b141e2000, 0x0000016b141de800, 0x0000016b141dd800, 0x0000016b141e2800,
0x0000016b141e3800, 0x0000016b141e9000, 0x0000016b15483800, 0x0000016b1547f800,
0x0000016b15486000, 0x0000016b17aed000, 0x0000016b145a6000, 0x0000016b10c2d800,
0x0000016b7dafe000, 0x0000016b7dafb000, 0x0000016b15621000, 0x0000016b15623800,
0x0000016b15624800, 0x0000016b1561e800, 0x0000016b1561f800, 0x0000016b15627800,
0x0000016b15627000, 0x0000016b15625800, 0x0000016b15622000, 0x0000016b15623000,
0x0000016b1562b000, 0x0000016b15628800, 0x0000016b15626000, 0x0000016b1562c800,
0x0000016b1562d800, 0x0000016b15629800, 0x0000016b1562c000, 0x0000016b17ae9800,
0x0000016b17aed800, 0x0000016b17aea800, 0x0000016b17ae8000, 0x0000016b17aee800,
0x0000016b17ae9000, 0x0000016b17aef800, 0x0000016b17af0000, 0x0000016b17aec000,
0x0000016b17af1000, 0x0000016b17aeb000, 0x0000016b17af6800, 0x0000016b17af2000,
0x0000016b17af2800, 0x0000016b17af3800, 0x0000016b17af4000, 0x0000016b17af5000,
0x0000016b17af6000, 0x0000016b145a9000, 0x0000016b145a5000, 0x0000016b145a7000,
0x0000016b145a8800, 0x0000016b145a7800, 0x0000016b145a3800, 0x0000016b145aa000,
0x0000016b145a4800, 0x0000016b145af000, 0x0000016b145af800, 0x0000016b145ab000,
0x0000016b145ac800, 0x0000016b145b1800, 0x0000016b145ad800, 0x0000016b145ae000,
0x0000016b145b0800, 0x0000016b145ab800, 0x0000016b145b2000, 0x0000016b7db02000,
0x0000016b7daff800, 0x0000016b7db00800, 0x0000016b7db01800, 0x0000016b7dafc800,
0x0000016b7db03000, 0x0000016b7dafd800, 0x0000016b7db05800, 0x0000016b7db04800,
0x0000016b7db06000, 0x0000016b7db09800, 0x0000016b7db08800, 0x0000016b7db07000,
0x0000016b7db08000, 0x0000016b7db04000, 0x0000016b1547e000, 0x0000016b1547f000,
0x0000016b1547d000, 0x0000016b15480800, 0x0000016b15487000, 0x0000016b15481000,
0x0000016b15484800, 0x0000016b15488000, 0x0000016b15483000, 0x0000016b15482000,
0x0000016b15488800, 0x0000016b15489800, 0x0000016b1548a000, 0x0000016b1548b000,
0x0000016b1548c000, 0x0000016b141df800, 0x0000016b141e1000, 0x0000016b141db800,
0x0000016b141dc000, 0x0000016b141dd000, 0x0000016b141e8800, 0x0000016b141e4800,
0x0000016b141e6000, 0x0000016b141e6800, 0x0000016b141e7800, 0x0000016b10c2e800,
0x0000016b10c31000, 0x0000016b10c2b000, 0x0000016b10c33800, 0x0000016b10c37800,
0x0000016b10c31800, 0x0000016b10c3a000, 0x0000016b7dafb800, 0x0000016b7daff000,
0x0000016b102cd800, 0x0000016b109cc000, 0x0000016b109cd800, 0x0000016b109c8800,
0x0000016b109ca000, 0x0000016b109cf000, 0x0000016b109c9800, 0x0000016b109d0000,
0x0000016b109d1800, 0x0000016b109d2800, 0x0000016b109cb000, 0x0000016b109cc800,
0x0000016b109d3000, 0x0000016b109d4000, 0x0000016b109ce000, 0x0000016b109d4800,
0x0000016b109d5800, 0x0000016b109d6800, 0x0000016b109d7000, 0x0000016b109d0800,
0x0000016b141ea000, 0x0000016b1562a000, 0x0000016b18ae2800, 0x0000016b18ae1000,
0x0000016b18ade800, 0x0000016b18add000
}

Java Threads: ( => current thread )
  0x0000016b718ad000 JavaThread "main" [_thread_blocked, id=15496, stack(0x00000063b7400000,0x00000063b7500000)]
  0x0000016b7cd64000 JavaThread "Reference Handler" daemon [_thread_blocked, id=16892, stack(0x00000063b7b00000,0x00000063b7c00000)]
  0x0000016b7cd68000 JavaThread "Finalizer" daemon [_thread_blocked, id=13136, stack(0x00000063b7c00000,0x00000063b7d00000)]
  0x0000016b7d6e6800 JavaThread "Signal Dispatcher" daemon [_thread_blocked, id=17084, stack(0x00000063b7d00000,0x00000063b7e00000)]
  0x0000016b7d6e7800 JavaThread "Attach Listener" daemon [_thread_blocked, id=17804, stack(0x00000063b7e00000,0x00000063b7f00000)]
  0x0000016b7d6e8800 JavaThread "Service Thread" daemon [_thread_blocked, id=17008, stack(0x00000063b7f00000,0x00000063b8000000)]
=>0x0000016b7d6ec800 JavaThread "C2 CompilerThread0" daemon [_thread_in_native, id=18160, stack(0x00000063b8000000,0x00000063b8100000)]
  0x0000016b7cd7d000 JavaThread "C1 CompilerThread0" daemon [_thread_blocked, id=1532, stack(0x00000063b8100000,0x00000063b8200000)]
  0x0000016b7cd7e000 JavaThread "Sweeper thread" daemon [_thread_blocked, id=12424, stack(0x00000063b8200000,0x00000063b8300000)]
  0x0000016b7d82e000 JavaThread "Common-Cleaner" daemon [_thread_blocked, id=16700, stack(0x00000063b8300000,0x00000063b8400000)]
  0x0000016b7edf2800 JavaThread "Daemon health stats" [_thread_blocked, id=16600, stack(0x00000063b8900000,0x00000063b8a00000)]
  0x0000016b7f019000 JavaThread "Incoming local TCP Connector on port 53791" [_thread_in_native, id=17388, stack(0x00000063b8500000,0x00000063b8600000)]
  0x0000016b0f95e000 JavaThread "Daemon periodic checks" [_thread_blocked, id=10636, stack(0x00000063b8800000,0x00000063b8900000)]
  0x0000016b102ce000 JavaThread "Cache worker for journal cache (C:\Users\UMESH\.gradle\caches\journal-1)" [_thread_blocked, id=17652, stack(0x00000063b9700000,0x00000063b9800000)]
  0x0000016b102cc800 JavaThread "File lock request listener" [_thread_in_native, id=16768, stack(0x00000063b9800000,0x00000063b9900000)]
  0x0000016b102cb800 JavaThread "Cache worker for file hash cache (C:\Users\UMESH\.gradle\caches\7.3.3\fileHashes)" [_thread_blocked, id=17440, stack(0x00000063b9900000,0x00000063b9a00000)]
  0x0000016b10c30000 JavaThread "File watcher server" daemon [_thread_blocked, id=13128, stack(0x00000063b9c00000,0x00000063b9d00000)]
  0x0000016b10c2c000 JavaThread "File watcher consumer" daemon [_thread_blocked, id=12976, stack(0x00000063b9d00000,0x00000063b9e00000)]
  0x0000016b10c2f000 JavaThread "Cache worker for execution history cache (C:\Users\UMESH\.gradle\caches\7.3.3\executionHistory)" [_thread_blocked, id=8312, stack(0x00000063ba100000,0x00000063ba200000)]
  0x0000016b10c34000 JavaThread "jar transforms" [_thread_blocked, id=18424, stack(0x00000063ba300000,0x00000063ba400000)]
  0x0000016b10c36000 JavaThread "Cache worker for file content cache (C:\Users\UMESH\.gradle\caches\7.3.3\fileContent)" [_thread_blocked, id=6580, stack(0x00000063ba400000,0x00000063ba500000)]
  0x0000016b10c38000 JavaThread "jar transforms Thread 2" [_thread_blocked, id=11452, stack(0x00000063ba500000,0x00000063ba600000)]
  0x0000016b10c39000 JavaThread "jar transforms Thread 3" [_thread_blocked, id=14984, stack(0x00000063ba700000,0x00000063ba800000)]
  0x0000016b141e0000 JavaThread "jar transforms Thread 4" [_thread_blocked, id=1076, stack(0x00000063bf900000,0x00000063bfa00000)]
  0x0000016b141e2000 JavaThread "jar transforms Thread 5" [_thread_blocked, id=16496, stack(0x00000063bfa00000,0x00000063bfb00000)]
  0x0000016b141de800 JavaThread "jar transforms Thread 6" [_thread_blocked, id=18464, stack(0x00000063bfb00000,0x00000063bfc00000)]
  0x0000016b141dd800 JavaThread "jar transforms Thread 7" [_thread_blocked, id=3304, stack(0x00000063bfc00000,0x00000063bfd00000)]
  0x0000016b141e2800 JavaThread "jar transforms Thread 8" [_thread_blocked, id=9644, stack(0x00000063bfd00000,0x00000063bfe00000)]
  0x0000016b141e3800 JavaThread "Memory manager" [_thread_blocked, id=15488, stack(0x00000063bfe00000,0x00000063bff00000)]
  0x0000016b141e9000 JavaThread "pool-3-thread-1" [_thread_blocked, id=9880, stack(0x00000063c0000000,0x00000063c0100000)]
  0x0000016b15483800 JavaThread "RMI Scheduler(0)" daemon [_thread_blocked, id=18968, stack(0x00000063ba200000,0x00000063ba300000)]
  0x0000016b1547f800 JavaThread "RMI TCP Accept-0" daemon [_thread_in_native, id=13904, stack(0x00000063c0d00000,0x00000063c0e00000)]
  0x0000016b15486000 JavaThread "Cache worker for Java compile cache (C:\Users\UMESH\.gradle\caches\7.3.3\javaCompile)" [_thread_blocked, id=18816, stack(0x00000063c1000000,0x00000063c1100000)]
  0x0000016b17aed000 JavaThread "pool-7-thread-1" [_thread_blocked, id=11188, stack(0x00000063c0200000,0x00000063c0300000)]
  0x0000016b145a6000 JavaThread "pool-10-thread-1" [_thread_blocked, id=8608, stack(0x00000063bff00000,0x00000063c0000000)]
  0x0000016b10c2d800 JavaThread "pool-14-thread-1" [_thread_blocked, id=9612, stack(0x00000063bf800000,0x00000063bf900000)]
  0x0000016b7dafe000 JavaThread "ForkJoinPool.commonPool-worker-13" daemon [_thread_blocked, id=3196, stack(0x00000063c1b00000,0x00000063c1c00000)]
  0x0000016b7dafb000 JavaThread "pool-18-thread-1" [_thread_blocked, id=14192, stack(0x00000063c0100000,0x00000063c0200000)]
  0x0000016b15621000 JavaThread "Daemon Thread 4" [_thread_blocked, id=17068, stack(0x00000063b7100000,0x00000063b7200000)]
  0x0000016b15623800 JavaThread "Handler for socket connection from /127.0.0.1:53791 to /127.0.0.1:55697" [_thread_in_native, id=15520, stack(0x00000063b7200000,0x00000063b7300000)]
  0x0000016b15624800 JavaThread "Cancel handler" [_thread_blocked, id=18376, stack(0x00000063b7300000,0x00000063b7400000)]
  0x0000016b1561e800 JavaThread "Daemon worker Thread 4" [_thread_blocked, id=1360, stack(0x00000063b8a00000,0x00000063b8b00000)]
  0x0000016b1561f800 JavaThread "Asynchronous log dispatcher for DefaultDaemonConnection: socket connection from /127.0.0.1:53791 to /127.0.0.1:55697" [_thread_blocked, id=19024, stack(0x00000063b8b00000,0x00000063b8c00000)]
  0x0000016b15627800 JavaThread "Stdin handler" [_thread_blocked, id=18536, stack(0x00000063b8c00000,0x00000063b8d00000)]
  0x0000016b15627000 JavaThread "Daemon client event forwarder" [_thread_blocked, id=18612, stack(0x00000063b8d00000,0x00000063b8e00000)]
  0x0000016b15625800 JavaThread "Cache worker for file hash cache (C:\Users\UMESH\AndroidStudioProjects\Uchat\.gradle\7.3.3\fileHashes)" [_thread_blocked, id=17096, stack(0x00000063b8e00000,0x00000063b8f00000)]
  0x0000016b15622000 JavaThread "Cache worker for checksums cache (C:\Users\UMESH\AndroidStudioProjects\Uchat\.gradle\7.3.3\checksums)" [_thread_blocked, id=5164, stack(0x00000063b8f00000,0x00000063b9000000)]
  0x0000016b15623000 JavaThread "Cache worker for cache directory md-supplier (C:\Users\UMESH\.gradle\caches\7.3.3\md-supplier)" [_thread_blocked, id=9220, stack(0x00000063b9000000,0x00000063b9100000)]
  0x0000016b1562b000 JavaThread "Cache worker for cache directory md-rule (C:\Users\UMESH\.gradle\caches\7.3.3\md-rule)" [_thread_blocked, id=10524, stack(0x00000063b9100000,0x00000063b9200000)]
  0x0000016b15628800 JavaThread "Cache worker for dependencies-accessors (C:\Users\UMESH\AndroidStudioProjects\Uchat\.gradle\7.3.3\dependencies-accessors)" [_thread_blocked, id=12184, stack(0x00000063b9b00000,0x00000063b9c00000)]
  0x0000016b15626000 JavaThread "Cache worker for Build Output Cleanup Cache (C:\Users\UMESH\AndroidStudioProjects\Uchat\.gradle\buildOutputCleanup)" [_thread_blocked, id=17732, stack(0x00000063b9e00000,0x00000063b9f00000)]
  0x0000016b1562c800 JavaThread "Unconstrained build operations" [_thread_blocked, id=9756, stack(0x00000063ba000000,0x00000063ba100000)]
  0x0000016b1562d800 JavaThread "Unconstrained build operations Thread 2" [_thread_blocked, id=10832, stack(0x00000063ba600000,0x00000063ba700000)]
  0x0000016b15629800 JavaThread "Unconstrained build operations Thread 3" [_thread_blocked, id=16776, stack(0x00000063ba800000,0x00000063ba900000)]
  0x0000016b1562c000 JavaThread "Unconstrained build operations Thread 4" [_thread_blocked, id=10336, stack(0x00000063ba900000,0x00000063baa00000)]
  0x0000016b17ae9800 JavaThread "Unconstrained build operations Thread 5" [_thread_blocked, id=16368, stack(0x00000063baa00000,0x00000063bab00000)]
  0x0000016b17aed800 JavaThread "Unconstrained build operations Thread 6" [_thread_blocked, id=10516, stack(0x00000063bab00000,0x00000063bac00000)]
  0x0000016b17aea800 JavaThread "Unconstrained build operations Thread 7" [_thread_blocked, id=2192, stack(0x00000063bac00000,0x00000063bad00000)]
  0x0000016b17ae8000 JavaThread "Unconstrained build operations Thread 8" [_thread_blocked, id=3036, stack(0x00000063bad00000,0x00000063bae00000)]
  0x0000016b17aee800 JavaThread "Unconstrained build operations Thread 9" [_thread_blocked, id=6964, stack(0x00000063bae00000,0x00000063baf00000)]
  0x0000016b17ae9000 JavaThread "Unconstrained build operations Thread 10" [_thread_blocked, id=9384, stack(0x00000063baf00000,0x00000063bb000000)]
  0x0000016b17aef800 JavaThread "Unconstrained build operations Thread 11" [_thread_blocked, id=3876, stack(0x00000063bb000000,0x00000063bb100000)]
  0x0000016b17af0000 JavaThread "Unconstrained build operations Thread 12" [_thread_blocked, id=10632, stack(0x00000063bb100000,0x00000063bb200000)]
  0x0000016b17aec000 JavaThread "Unconstrained build operations Thread 13" [_thread_blocked, id=15452, stack(0x00000063bb200000,0x00000063bb300000)]
  0x0000016b17af1000 JavaThread "Unconstrained build operations Thread 14" [_thread_blocked, id=12372, stack(0x00000063bb300000,0x00000063bb400000)]
  0x0000016b17aeb000 JavaThread "Unconstrained build operations Thread 15" [_thread_blocked, id=19168, stack(0x00000063bb400000,0x00000063bb500000)]
  0x0000016b17af6800 JavaThread "Unconstrained build operations Thread 16" [_thread_blocked, id=16564, stack(0x00000063bb500000,0x00000063bb600000)]
  0x0000016b17af2000 JavaThread "Unconstrained build operations Thread 17" [_thread_blocked, id=10432, stack(0x00000063bb600000,0x00000063bb700000)]
  0x0000016b17af2800 JavaThread "Unconstrained build operations Thread 18" [_thread_blocked, id=16688, stack(0x00000063bb700000,0x00000063bb800000)]
  0x0000016b17af3800 JavaThread "Unconstrained build operations Thread 19" [_thread_blocked, id=332, stack(0x00000063bb800000,0x00000063bb900000)]
  0x0000016b17af4000 JavaThread "Unconstrained build operations Thread 20" [_thread_blocked, id=18932, stack(0x00000063bb900000,0x00000063bba00000)]
  0x0000016b17af5000 JavaThread "Unconstrained build operations Thread 21" [_thread_blocked, id=17216, stack(0x00000063bba00000,0x00000063bbb00000)]
  0x0000016b17af6000 JavaThread "Unconstrained build operations Thread 22" [_thread_blocked, id=18228, stack(0x00000063bbb00000,0x00000063bbc00000)]
  0x0000016b145a9000 JavaThread "Unconstrained build operations Thread 23" [_thread_blocked, id=6920, stack(0x00000063bbc00000,0x00000063bbd00000)]
  0x0000016b145a5000 JavaThread "Unconstrained build operations Thread 24" [_thread_blocked, id=11356, stack(0x00000063bbd00000,0x00000063bbe00000)]
  0x0000016b145a7000 JavaThread "Unconstrained build operations Thread 25" [_thread_blocked, id=16284, stack(0x00000063bbe00000,0x00000063bbf00000)]
  0x0000016b145a8800 JavaThread "Unconstrained build operations Thread 26" [_thread_blocked, id=17304, stack(0x00000063bbf00000,0x00000063bc000000)]
  0x0000016b145a7800 JavaThread "Unconstrained build operations Thread 27" [_thread_blocked, id=15344, stack(0x00000063bc000000,0x00000063bc100000)]
  0x0000016b145a3800 JavaThread "Unconstrained build operations Thread 28" [_thread_blocked, id=1660, stack(0x00000063bc100000,0x00000063bc200000)]
  0x0000016b145aa000 JavaThread "Unconstrained build operations Thread 29" [_thread_blocked, id=12692, stack(0x00000063bc200000,0x00000063bc300000)]
  0x0000016b145a4800 JavaThread "Unconstrained build operations Thread 30" [_thread_blocked, id=9180, stack(0x00000063bc300000,0x00000063bc400000)]
  0x0000016b145af000 JavaThread "Unconstrained build operations Thread 31" [_thread_blocked, id=4960, stack(0x00000063bc400000,0x00000063bc500000)]
  0x0000016b145af800 JavaThread "Unconstrained build operations Thread 32" [_thread_blocked, id=7868, stack(0x00000063bc500000,0x00000063bc600000)]
  0x0000016b145ab000 JavaThread "Unconstrained build operations Thread 33" [_thread_blocked, id=12856, stack(0x00000063bc600000,0x00000063bc700000)]
  0x0000016b145ac800 JavaThread "Unconstrained build operations Thread 34" [_thread_blocked, id=14852, stack(0x00000063bc700000,0x00000063bc800000)]
  0x0000016b145b1800 JavaThread "Unconstrained build operations Thread 35" [_thread_blocked, id=18188, stack(0x00000063bc800000,0x00000063bc900000)]
  0x0000016b145ad800 JavaThread "Unconstrained build operations Thread 36" [_thread_blocked, id=6836, stack(0x00000063bc900000,0x00000063bca00000)]
  0x0000016b145ae000 JavaThread "Unconstrained build operations Thread 37" [_thread_blocked, id=14928, stack(0x00000063bca00000,0x00000063bcb00000)]
  0x0000016b145b0800 JavaThread "Unconstrained build operations Thread 38" [_thread_blocked, id=3680, stack(0x00000063bcb00000,0x00000063bcc00000)]
  0x0000016b145ab800 JavaThread "Unconstrained build operations Thread 39" [_thread_blocked, id=14568, stack(0x00000063bcc00000,0x00000063bcd00000)]
  0x0000016b145b2000 JavaThread "Unconstrained build operations Thread 40" [_thread_blocked, id=9088, stack(0x00000063bcd00000,0x00000063bce00000)]
  0x0000016b7db02000 JavaThread "Unconstrained build operations Thread 41" [_thread_blocked, id=10720, stack(0x00000063bce00000,0x00000063bcf00000)]
  0x0000016b7daff800 JavaThread "Unconstrained build operations Thread 42" [_thread_blocked, id=9796, stack(0x00000063bcf00000,0x00000063bd000000)]
  0x0000016b7db00800 JavaThread "Unconstrained build operations Thread 43" [_thread_blocked, id=13264, stack(0x00000063bd000000,0x00000063bd100000)]
  0x0000016b7db01800 JavaThread "Unconstrained build operations Thread 44" [_thread_blocked, id=5056, stack(0x00000063bd100000,0x00000063bd200000)]
  0x0000016b7dafc800 JavaThread "Unconstrained build operations Thread 45" [_thread_blocked, id=18856, stack(0x00000063bd200000,0x00000063bd300000)]
  0x0000016b7db03000 JavaThread "Unconstrained build operations Thread 46" [_thread_blocked, id=5444, stack(0x00000063bd300000,0x00000063bd400000)]
  0x0000016b7dafd800 JavaThread "Unconstrained build operations Thread 47" [_thread_blocked, id=6236, stack(0x00000063bd400000,0x00000063bd500000)]
  0x0000016b7db05800 JavaThread "Unconstrained build operations Thread 48" [_thread_blocked, id=3076, stack(0x00000063bd500000,0x00000063bd600000)]
  0x0000016b7db04800 JavaThread "Unconstrained build operations Thread 49" [_thread_blocked, id=11048, stack(0x00000063bd600000,0x00000063bd700000)]
  0x0000016b7db06000 JavaThread "Unconstrained build operations Thread 50" [_thread_blocked, id=15180, stack(0x00000063bd700000,0x00000063bd800000)]
  0x0000016b7db09800 JavaThread "Unconstrained build operations Thread 51" [_thread_blocked, id=18088, stack(0x00000063bd800000,0x00000063bd900000)]
  0x0000016b7db08800 JavaThread "Unconstrained build operations Thread 52" [_thread_blocked, id=7764, stack(0x00000063bd900000,0x00000063bda00000)]
  0x0000016b7db07000 JavaThread "Unconstrained build operations Thread 53" [_thread_blocked, id=19080, stack(0x00000063bda00000,0x00000063bdb00000)]
  0x0000016b7db08000 JavaThread "Unconstrained build operations Thread 54" [_thread_blocked, id=1696, stack(0x00000063bdb00000,0x00000063bdc00000)]
  0x0000016b7db04000 JavaThread "Unconstrained build operations Thread 55" [_thread_blocked, id=9868, stack(0x00000063bdc00000,0x00000063bdd00000)]
  0x0000016b1547e000 JavaThread "Unconstrained build operations Thread 56" [_thread_blocked, id=16432, stack(0x00000063bdd00000,0x00000063bde00000)]
  0x0000016b1547f000 JavaThread "Unconstrained build operations Thread 57" [_thread_blocked, id=19436, stack(0x00000063bde00000,0x00000063bdf00000)]
  0x0000016b1547d000 JavaThread "Unconstrained build operations Thread 58" [_thread_blocked, id=18440, stack(0x00000063bdf00000,0x00000063be000000)]
  0x0000016b15480800 JavaThread "Unconstrained build operations Thread 59" [_thread_blocked, id=13952, stack(0x00000063be000000,0x00000063be100000)]
  0x0000016b15487000 JavaThread "Unconstrained build operations Thread 60" [_thread_blocked, id=17580, stack(0x00000063be100000,0x00000063be200000)]
  0x0000016b15481000 JavaThread "Unconstrained build operations Thread 61" [_thread_blocked, id=16380, stack(0x00000063be200000,0x00000063be300000)]
  0x0000016b15484800 JavaThread "Unconstrained build operations Thread 62" [_thread_blocked, id=3024, stack(0x00000063be300000,0x00000063be400000)]
  0x0000016b15488000 JavaThread "Unconstrained build operations Thread 63" [_thread_blocked, id=14952, stack(0x00000063be400000,0x00000063be500000)]
  0x0000016b15483000 JavaThread "Unconstrained build operations Thread 64" [_thread_blocked, id=944, stack(0x00000063be500000,0x00000063be600000)]
  0x0000016b15482000 JavaThread "Unconstrained build operations Thread 65" [_thread_blocked, id=18324, stack(0x00000063be600000,0x00000063be700000)]
  0x0000016b15488800 JavaThread "Unconstrained build operations Thread 66" [_thread_blocked, id=7368, stack(0x00000063be700000,0x00000063be800000)]
  0x0000016b15489800 JavaThread "Unconstrained build operations Thread 67" [_thread_blocked, id=2600, stack(0x00000063be800000,0x00000063be900000)]
  0x0000016b1548a000 JavaThread "Unconstrained build operations Thread 68" [_thread_blocked, id=16864, stack(0x00000063be900000,0x00000063bea00000)]
  0x0000016b1548b000 JavaThread "Unconstrained build operations Thread 69" [_thread_blocked, id=5804, stack(0x00000063bea00000,0x00000063beb00000)]
  0x0000016b1548c000 JavaThread "Unconstrained build operations Thread 70" [_thread_blocked, id=6688, stack(0x00000063beb00000,0x00000063bec00000)]
  0x0000016b141df800 JavaThread "Unconstrained build operations Thread 71" [_thread_blocked, id=18504, stack(0x00000063bec00000,0x00000063bed00000)]
  0x0000016b141e1000 JavaThread "Unconstrained build operations Thread 72" [_thread_blocked, id=10116, stack(0x00000063bed00000,0x00000063bee00000)]
  0x0000016b141db800 JavaThread "Unconstrained build operations Thread 73" [_thread_blocked, id=3768, stack(0x00000063bee00000,0x00000063bef00000)]
  0x0000016b141dc000 JavaThread "Unconstrained build operations Thread 74" [_thread_blocked, id=2176, stack(0x00000063bef00000,0x00000063bf000000)]
  0x0000016b141dd000 JavaThread "Unconstrained build operations Thread 75" [_thread_blocked, id=17640, stack(0x00000063bf000000,0x00000063bf100000)]
  0x0000016b141e8800 JavaThread "Unconstrained build operations Thread 76" [_thread_blocked, id=8744, stack(0x00000063bf100000,0x00000063bf200000)]
  0x0000016b141e4800 JavaThread "Unconstrained build operations Thread 77" [_thread_blocked, id=19372, stack(0x00000063bf200000,0x00000063bf300000)]
  0x0000016b141e6000 JavaThread "Unconstrained build operations Thread 78" [_thread_blocked, id=12920, stack(0x00000063bf300000,0x00000063bf400000)]
  0x0000016b141e6800 JavaThread "Unconstrained build operations Thread 79" [_thread_blocked, id=9380, stack(0x00000063bf400000,0x00000063bf500000)]
  0x0000016b141e7800 JavaThread "Unconstrained build operations Thread 80" [_thread_blocked, id=9156, stack(0x00000063bf500000,0x00000063bf600000)]
  0x0000016b10c2e800 JavaThread "build event listener" [_thread_blocked, id=17284, stack(0x00000063bf700000,0x00000063bf800000)]
  0x0000016b10c31000 JavaThread "pool-21-thread-1" [_thread_blocked, id=3960, stack(0x00000063c0300000,0x00000063c0400000)]
  0x0000016b10c2b000 JavaThread "build event listener" [_thread_blocked, id=17708, stack(0x00000063c0400000,0x00000063c0500000)]
  0x0000016b10c33800 JavaThread "Execution worker for ':'" [_thread_blocked, id=8972, stack(0x00000063c0500000,0x00000063c0600000)]
  0x0000016b10c37800 JavaThread "Execution worker for ':' Thread 2" [_thread_blocked, id=316, stack(0x00000063c0600000,0x00000063c0700000)]
  0x0000016b10c31800 JavaThread "Execution worker for ':' Thread 3" [_thread_blocked, id=17140, stack(0x00000063c0700000,0x00000063c0800000)]
  0x0000016b10c3a000 JavaThread "Execution worker for ':' Thread 4" [_thread_blocked, id=16560, stack(0x00000063c0800000,0x00000063c0900000)]
  0x0000016b7dafb800 JavaThread "Execution worker for ':' Thread 5" [_thread_blocked, id=16056, stack(0x00000063c0900000,0x00000063c0a00000)]
  0x0000016b7daff000 JavaThread "Execution worker for ':' Thread 6" [_thread_blocked, id=14412, stack(0x00000063c0a00000,0x00000063c0b00000)]
  0x0000016b102cd800 JavaThread "Execution worker for ':' Thread 7" [_thread_blocked, id=13072, stack(0x00000063c0b00000,0x00000063c0c00000)]
  0x0000016b109cc000 JavaThread "Cache worker for execution history cache (C:\Users\UMESH\AndroidStudioProjects\Uchat\.gradle\7.3.3\executionHistory)" [_thread_blocked, id=8864, stack(0x00000063c0e00000,0x00000063c0f00000)]
  0x0000016b109cd800 JavaThread "WorkerExecutor Queue Thread 2" [_thread_blocked, id=13052, stack(0x00000063c1100000,0x00000063c1200000)]
  0x0000016b109c8800 JavaThread "pool-22-thread-1" [_thread_blocked, id=19084, stack(0x00000063c1300000,0x00000063c1400000)]
  0x0000016b109ca000 JavaThread "stderr" [_thread_in_native, id=13572, stack(0x00000063c1400000,0x00000063c1500000)]
  0x0000016b109cf000 JavaThread "stdout" [_thread_in_native, id=13288, stack(0x00000063c1500000,0x00000063c1600000)]
  0x0000016b109c9800 JavaThread "WorkerExecutor Queue Thread 4" [_thread_blocked, id=15640, stack(0x00000063bf600000,0x00000063bf700000)]
  0x0000016b109d0000 JavaThread "RMI GC Daemon" daemon [_thread_blocked, id=11020, stack(0x00000063c1600000,0x00000063c1700000)]
  0x0000016b109d1800 JavaThread "RMI Reaper" [_thread_blocked, id=19332, stack(0x00000063c1700000,0x00000063c1800000)]
  0x0000016b109d2800 JavaThread "RMI TCP Connection(46)-127.0.0.1" daemon [_thread_in_native, id=10260, stack(0x00000063c1800000,0x00000063c1900000)]
  0x0000016b109cb000 JavaThread "Build operations" [_thread_blocked, id=5832, stack(0x00000063b9f00000,0x00000063ba000000)]
  0x0000016b109cc800 JavaThread "Build operations Thread 2" [_thread_blocked, id=16472, stack(0x00000063c1200000,0x00000063c1300000)]
  0x0000016b109d3000 JavaThread "Build operations Thread 3" [_thread_blocked, id=19052, stack(0x00000063c1900000,0x00000063c1a00000)]
  0x0000016b109d4000 JavaThread "Build operations Thread 4" [_thread_blocked, id=9160, stack(0x00000063c1a00000,0x00000063c1b00000)]
  0x0000016b109ce000 JavaThread "Build operations Thread 5" [_thread_blocked, id=12260, stack(0x00000063c1c00000,0x00000063c1d00000)]
  0x0000016b109d4800 JavaThread "Build operations Thread 6" [_thread_blocked, id=17260, stack(0x00000063c1d00000,0x00000063c1e00000)]
  0x0000016b109d5800 JavaThread "Build operations Thread 7" [_thread_blocked, id=10568, stack(0x00000063c1e00000,0x00000063c1f00000)]
  0x0000016b109d6800 JavaThread "Build operations Thread 8" [_thread_blocked, id=7508, stack(0x00000063c1f00000,0x00000063c2000000)]
  0x0000016b109d7000 JavaThread "C2 CompilerThread1" daemon [_thread_in_native, id=13948, stack(0x00000063c2000000,0x00000063c2100000)]
  0x0000016b109d0800 JavaThread "WorkerExecutor Queue Thread 5" [_thread_blocked, id=16584, stack(0x00000063c0f00000,0x00000063c1000000)]
  0x0000016b141ea000 JavaThread "WorkerExecutor Queue Thread 6" [_thread_blocked, id=11296, stack(0x00000063c2100000,0x00000063c2200000)]
  0x0000016b1562a000 JavaThread "WorkerExecutor Queue Thread 7" [_thread_blocked, id=16336, stack(0x00000063c2200000,0x00000063c2300000)]
  0x0000016b18ae2800 JavaThread "WorkerExecutor Queue Thread 8" [_thread_blocked, id=17960, stack(0x00000063c2300000,0x00000063c2400000)]
  0x0000016b18ae1000 JavaThread "WorkerExecutor Queue Thread 9" [_thread_blocked, id=7328, stack(0x00000063c2400000,0x00000063c2500000)]
  0x0000016b18ade800 JavaThread "WorkerExecutor Queue Thread 10" [_thread_blocked, id=6640, stack(0x00000063c2500000,0x00000063c2600000)]
  0x0000016b18add000 JavaThread "WorkerExecutor Queue Thread 11" [_thread_blocked, id=16940, stack(0x00000063c2600000,0x00000063c2700000)]

Other Threads:
  0x0000016b7cd5d800 VMThread "VM Thread" [stack: 0x00000063b7a00000,0x00000063b7b00000] [id=15508] _threads_hazard_ptr=0x0000016b0f42ae00
  0x0000016b7d85f800 WatcherThread [stack: 0x00000063b8400000,0x00000063b8500000] [id=4112]
  0x0000016b718c6800 GCTaskThread "GC Thread#0" [stack: 0x00000063b7500000,0x00000063b7600000] [id=5268]
  0x0000016b7d9fe000 GCTaskThread "GC Thread#1" [stack: 0x00000063b8600000,0x00000063b8700000] [id=1372]
  0x0000016b7e36c800 GCTaskThread "GC Thread#2" [stack: 0x00000063b8700000,0x00000063b8800000] [id=16196]
  0x0000016b0f3d8800 GCTaskThread "GC Thread#3" [stack: 0x00000063b9200000,0x00000063b9300000] [id=6404]
  0x0000016b1055d000 GCTaskThread "GC Thread#4" [stack: 0x00000063b9300000,0x00000063b9400000] [id=17772]
  0x0000016b7f0d7000 GCTaskThread "GC Thread#5" [stack: 0x00000063b9400000,0x00000063b9500000] [id=13644]
  0x0000016b7f0fb800 GCTaskThread "GC Thread#6" [stack: 0x00000063b9500000,0x00000063b9600000] [id=7652]
  0x0000016b7ee78000 GCTaskThread "GC Thread#7" [stack: 0x00000063b9600000,0x00000063b9700000] [id=3008]
  0x0000016b718f7800 ConcurrentGCThread "G1 Main Marker" [stack: 0x00000063b7600000,0x00000063b7700000] [id=19308]
  0x0000016b718f9800 ConcurrentGCThread "G1 Conc#0" [stack: 0x00000063b7700000,0x00000063b7800000] [id=11328]
  0x0000016b0f550800 ConcurrentGCThread "G1 Conc#1" [stack: 0x00000063b9a00000,0x00000063b9b00000] [id=7044]
  0x0000016b7cbb0800 ConcurrentGCThread "G1 Refine#0" [stack: 0x00000063b7800000,0x00000063b7900000] [id=15904]
  0x0000016b11695800 ConcurrentGCThread "G1 Refine#1" [stack: 0x00000063c0c00000,0x00000063c0d00000] [id=6224]
  0x0000016b71989800 ConcurrentGCThread "G1 Young RemSet Sampling" [stack: 0x00000063b7900000,0x00000063b7a00000] [id=17836]

Threads with active compile tasks:
C2 CompilerThread010041750 21176   !   4       com.android.tools.r8.internal.Y9::b (116 bytes)
C1 CompilerThread010041750 21261       3       com.android.tools.r8.internal.MJ::a (128 bytes)
C2 CompilerThread110041750 21019       4       org.gradle.api.internal.tasks.compile.incremental.compilerapi.deps.DependentsSet::merge (230 bytes)

VM state:at safepoint (normal execution)

VM Mutex/Monitor currently owned by a thread:  ([mutex/lock_event])
[0x0000016b718a9520] Threads_lock - owner thread: 0x0000016b7cd5d800

Heap address: 0x0000000080000000, size: 2048 MB, Compressed Oops mode: 32-bit
Narrow klass base: 0x0000000000000000, Narrow klass shift: 3
Compressed class space size: 1073741824 Address: 0x0000000100000000

Heap:
 garbage-first heap   total 225280K, used 123062K [0x0000000080000000, 0x0000000100000000)
  region size 1024K, 23 young (23552K), 8 survivors (8192K)
 Metaspace       used 125274K, capacity 128666K, committed 129476K, reserved 1161216K
  class space    used 15721K, capacity 17008K, committed 17348K, reserved 1048576K
Heap Regions: E=young(eden), S=young(survivor), O=old, HS=humongous(starts), HC=humongous(continues), CS=collection set, F=free, A=archive, TAMS=top-at-mark-start (previous, next)
|   0|0x0000000080000000, 0x0000000080100000, 0x0000000080100000|100%| O|  |TAMS 0x0000000080100000, 0x0000000080000000| Complete 
|   1|0x0000000080100000, 0x0000000080200000, 0x0000000080200000|100%| O|  |TAMS 0x0000000080200000, 0x0000000080100000| Untracked 
|   2|0x0000000080200000, 0x0000000080300000, 0x0000000080300000|100%| O|  |TAMS 0x0000000080300000, 0x0000000080200000| Untracked 
|   3|0x0000000080300000, 0x0000000080400000, 0x0000000080400000|100%|HS|  |TAMS 0x0000000080400000, 0x0000000080300000| Complete 
|   4|0x0000000080400000, 0x0000000080500000, 0x0000000080500000|100%|HC|  |TAMS 0x0000000080500000, 0x0000000080400000| Complete 
|   5|0x0000000080500000, 0x0000000080600000, 0x0000000080600000|100%|HC|  |TAMS 0x0000000080600000, 0x0000000080500000| Complete 
|   6|0x0000000080600000, 0x0000000080700000, 0x0000000080700000|100%| O|  |TAMS 0x0000000080700000, 0x0000000080600000| Untracked 
|   7|0x0000000080700000, 0x0000000080800000, 0x0000000080800000|100%| O|  |TAMS 0x0000000080800000, 0x0000000080700000| Untracked 
|   8|0x0000000080800000, 0x0000000080900000, 0x0000000080900000|100%| O|  |TAMS 0x0000000080900000, 0x0000000080800000| Untracked 
|   9|0x0000000080900000, 0x0000000080a00000, 0x0000000080a00000|100%| O|  |TAMS 0x0000000080a00000, 0x0000000080900000| Complete 
|  10|0x0000000080a00000, 0x0000000080b00000, 0x0000000080b00000|100%| O|  |TAMS 0x0000000080b00000, 0x0000000080a00000| Complete 
|  11|0x0000000080b00000, 0x0000000080c00000, 0x0000000080c00000|100%| O|  |TAMS 0x0000000080c00000, 0x0000000080b00000| Untracked 
|  12|0x0000000080c00000, 0x0000000080d00000, 0x0000000080d00000|100%| O|  |TAMS 0x0000000080d00000, 0x0000000080c00000| Untracked 
|  13|0x0000000080d00000, 0x0000000080e00000, 0x0000000080e00000|100%| O|  |TAMS 0x0000000080e00000, 0x0000000080d00000| Untracked 
|  14|0x0000000080e00000, 0x0000000080f00000, 0x0000000080f00000|100%| O|  |TAMS 0x0000000080f00000, 0x0000000080e00000| Untracked 
|  15|0x0000000080f00000, 0x0000000081000000, 0x0000000081000000|100%| O|  |TAMS 0x0000000081000000, 0x0000000080f00000| Complete 
|  16|0x0000000081000000, 0x0000000081100000, 0x0000000081100000|100%|HS|  |TAMS 0x0000000081100000, 0x0000000081000000| Complete 
|  17|0x0000000081100000, 0x0000000081200000, 0x0000000081200000|100%| O|  |TAMS 0x0000000081200000, 0x0000000081100000| Complete 
|  18|0x0000000081200000, 0x0000000081300000, 0x0000000081300000|100%| O|  |TAMS 0x0000000081300000, 0x0000000081200000| Complete 
|  19|0x0000000081300000, 0x0000000081400000, 0x0000000081400000|100%| O|  |TAMS 0x0000000081400000, 0x0000000081300000| Complete 
|  20|0x0000000081400000, 0x0000000081500000, 0x0000000081500000|100%| O|  |TAMS 0x0000000081500000, 0x0000000081400000| Complete 
|  21|0x0000000081500000, 0x0000000081600000, 0x0000000081600000|100%| O|  |TAMS 0x0000000081600000, 0x0000000081500000| Complete 
|  22|0x0000000081600000, 0x0000000081700000, 0x0000000081700000|100%| O|  |TAMS 0x0000000081700000, 0x0000000081600000| Complete 
|  23|0x0000000081700000, 0x0000000081800000, 0x0000000081800000|100%|HS|  |TAMS 0x0000000081800000, 0x0000000081700000| Complete 
|  24|0x0000000081800000, 0x0000000081900000, 0x0000000081900000|100%|HS|  |TAMS 0x0000000081900000, 0x0000000081800000| Complete 
|  25|0x0000000081900000, 0x0000000081a00000, 0x0000000081a00000|100%|HS|  |TAMS 0x0000000081a00000, 0x0000000081900000| Complete 
|  26|0x0000000081a00000, 0x0000000081b00000, 0x0000000081b00000|100%|HC|  |TAMS 0x0000000081b00000, 0x0000000081a00000| Complete 
|  27|0x0000000081b00000, 0x0000000081c00000, 0x0000000081c00000|100%|HC|  |TAMS 0x0000000081c00000, 0x0000000081b00000| Complete 
|  28|0x0000000081c00000, 0x0000000081d00000, 0x0000000081d00000|100%|HS|  |TAMS 0x0000000081d00000, 0x0000000081c00000| Complete 
|  29|0x0000000081d00000, 0x0000000081e00000, 0x0000000081e00000|100%|HC|  |TAMS 0x0000000081e00000, 0x0000000081d00000| Complete 
|  30|0x0000000081e00000, 0x0000000081f00000, 0x0000000081f00000|100%| O|  |TAMS 0x0000000081f00000, 0x0000000081e00000| Complete 
|  31|0x0000000081f00000, 0x0000000082000000, 0x0000000082000000|100%| O|  |TAMS 0x0000000082000000, 0x0000000081f00000| Complete 
|  32|0x0000000082000000, 0x0000000082100000, 0x0000000082100000|100%| O|  |TAMS 0x0000000082100000, 0x0000000082000000| Untracked 
|  33|0x0000000082100000, 0x0000000082200000, 0x0000000082200000|100%| O|  |TAMS 0x0000000082200000, 0x0000000082100000| Complete 
|  34|0x0000000082200000, 0x0000000082300000, 0x0000000082300000|100%| O|  |TAMS 0x0000000082300000, 0x0000000082200000| Untracked 
|  35|0x0000000082300000, 0x0000000082400000, 0x0000000082400000|100%| O|  |TAMS 0x0000000082400000, 0x0000000082300000| Untracked 
|  36|0x0000000082400000, 0x0000000082500000, 0x0000000082500000|100%| O|  |TAMS 0x0000000082500000, 0x0000000082400000| Complete 
|  37|0x0000000082500000, 0x0000000082600000, 0x0000000082600000|100%| O|  |TAMS 0x0000000082600000, 0x0000000082500000| Complete 
|  38|0x0000000082600000, 0x0000000082700000, 0x0000000082700000|100%| O|  |TAMS 0x0000000082700000, 0x0000000082600000| Untracked 
|  39|0x0000000082700000, 0x0000000082800000, 0x0000000082800000|100%| O|  |TAMS 0x0000000082800000, 0x0000000082700000| Untracked 
|  40|0x0000000082800000, 0x0000000082900000, 0x0000000082900000|100%| O|  |TAMS 0x0000000082900000, 0x0000000082800000| Untracked 
|  41|0x0000000082900000, 0x0000000082a00000, 0x0000000082a00000|100%| O|  |TAMS 0x0000000082a00000, 0x0000000082900000| Untracked 
|  42|0x0000000082a00000, 0x0000000082b00000, 0x0000000082b00000|100%| O|  |TAMS 0x0000000082b00000, 0x0000000082a00000| Untracked 
|  43|0x0000000082b00000, 0x0000000082c00000, 0x0000000082c00000|100%| O|  |TAMS 0x0000000082c00000, 0x0000000082b00000| Complete 
|  44|0x0000000082c00000, 0x0000000082c00000, 0x0000000082d00000|  0%| F|  |TAMS 0x0000000082c00000, 0x0000000082c00000| Untracked 
|  45|0x0000000082d00000, 0x0000000082e00000, 0x0000000082e00000|100%| O|  |TAMS 0x0000000082e00000, 0x0000000082d00000| Complete 
|  46|0x0000000082e00000, 0x0000000082f00000, 0x0000000082f00000|100%| O|  |TAMS 0x0000000082f00000, 0x0000000082e00000| Complete 
|  47|0x0000000082f00000, 0x0000000083000000, 0x0000000083000000|100%| O|  |TAMS 0x0000000083000000, 0x0000000082f00000| Untracked 
|  48|0x0000000083000000, 0x0000000083100000, 0x0000000083100000|100%| O|  |TAMS 0x0000000083100000, 0x0000000083000000| Complete 
|  49|0x0000000083100000, 0x0000000083200000, 0x0000000083200000|100%| O|  |TAMS 0x0000000083200000, 0x0000000083100000| Untracked 
|  50|0x0000000083200000, 0x0000000083300000, 0x0000000083300000|100%| O|  |TAMS 0x0000000083300000, 0x0000000083200000| Complete 
|  51|0x0000000083300000, 0x0000000083400000, 0x0000000083400000|100%| O|  |TAMS 0x0000000083400000, 0x0000000083300000| Complete 
|  52|0x0000000083400000, 0x0000000083400000, 0x0000000083500000|  0%| F|  |TAMS 0x0000000083400000, 0x0000000083400000| Untracked 
|  53|0x0000000083500000, 0x0000000083600000, 0x0000000083600000|100%| O|  |TAMS 0x0000000083600000, 0x0000000083500000| Untracked 
|  54|0x0000000083600000, 0x0000000083700000, 0x0000000083700000|100%| O|  |TAMS 0x0000000083700000, 0x0000000083600000| Untracked 
|  55|0x0000000083700000, 0x0000000083800000, 0x0000000083800000|100%| O|  |TAMS 0x0000000083800000, 0x0000000083700000| Complete 
|  56|0x0000000083800000, 0x0000000083900000, 0x0000000083900000|100%| O|  |TAMS 0x0000000083900000, 0x0000000083800000| Untracked 
|  57|0x0000000083900000, 0x0000000083a00000, 0x0000000083a00000|100%| O|  |TAMS 0x0000000083a00000, 0x0000000083900000| Untracked 
|  58|0x0000000083a00000, 0x0000000083a00000, 0x0000000083b00000|  0%| F|  |TAMS 0x0000000083a00000, 0x0000000083a00000| Untracked 
|  59|0x0000000083b00000, 0x0000000083b00000, 0x0000000083c00000|  0%| F|  |TAMS 0x0000000083b00000, 0x0000000083b00000| Untracked 
|  60|0x0000000083c00000, 0x0000000083d00000, 0x0000000083d00000|100%| O|  |TAMS 0x0000000083d00000, 0x0000000083c00000| Complete 
|  61|0x0000000083d00000, 0x0000000083e00000, 0x0000000083e00000|100%| O|  |TAMS 0x0000000083e00000, 0x0000000083d00000| Untracked 
|  62|0x0000000083e00000, 0x0000000083f00000, 0x0000000083f00000|100%| O|  |TAMS 0x0000000083f00000, 0x0000000083e00000| Untracked 
|  63|0x0000000083f00000, 0x0000000084000000, 0x0000000084000000|100%| O|  |TAMS 0x0000000084000000, 0x0000000083f00000| Complete 
|  64|0x0000000084000000, 0x0000000084100000, 0x0000000084100000|100%| O|  |TAMS 0x0000000084100000, 0x0000000084000000| Untracked 
|  65|0x0000000084100000, 0x0000000084100000, 0x0000000084200000|  0%| F|  |TAMS 0x0000000084100000, 0x0000000084100000| Untracked 
|  66|0x0000000084200000, 0x0000000084300000, 0x0000000084300000|100%| O|  |TAMS 0x0000000084300000, 0x0000000084200000| Complete 
|  67|0x0000000084300000, 0x0000000084400000, 0x0000000084400000|100%| O|  |TAMS 0x0000000084400000, 0x0000000084300000| Complete 
|  68|0x0000000084400000, 0x0000000084400000, 0x0000000084500000|  0%| F|  |TAMS 0x0000000084400000, 0x0000000084400000| Untracked 
|  69|0x0000000084500000, 0x0000000084600000, 0x0000000084600000|100%| O|  |TAMS 0x0000000084600000, 0x0000000084500000| Untracked 
|  70|0x0000000084600000, 0x0000000084700000, 0x0000000084700000|100%| O|  |TAMS 0x0000000084700000, 0x0000000084600000| Untracked 
|  71|0x0000000084700000, 0x0000000084800000, 0x0000000084800000|100%| O|  |TAMS 0x0000000084800000, 0x0000000084700000| Untracked 
|  72|0x0000000084800000, 0x0000000084900000, 0x0000000084900000|100%| O|  |TAMS 0x0000000084900000, 0x0000000084800000| Untracked 
|  73|0x0000000084900000, 0x0000000084a00000, 0x0000000084a00000|100%| O|  |TAMS 0x0000000084a00000, 0x0000000084900000| Untracked 
|  74|0x0000000084a00000, 0x0000000084a00000, 0x0000000084b00000|  0%| F|  |TAMS 0x0000000084a00000, 0x0000000084a00000| Untracked 
|  75|0x0000000084b00000, 0x0000000084c00000, 0x0000000084c00000|100%| O|  |TAMS 0x0000000084c00000, 0x0000000084b00000| Untracked 
|  76|0x0000000084c00000, 0x0000000084d00000, 0x0000000084d00000|100%| O|  |TAMS 0x0000000084d00000, 0x0000000084c00000| Complete 
|  77|0x0000000084d00000, 0x0000000084e00000, 0x0000000084e00000|100%| O|  |TAMS 0x0000000084e00000, 0x0000000084d00000| Complete 
|  78|0x0000000084e00000, 0x0000000084f00000, 0x0000000084f00000|100%| O|  |TAMS 0x0000000084f00000, 0x0000000084e00000| Untracked 
|  79|0x0000000084f00000, 0x0000000085000000, 0x0000000085000000|100%| O|  |TAMS 0x0000000085000000, 0x0000000084f00000| Untracked 
|  80|0x0000000085000000, 0x0000000085100000, 0x0000000085100000|100%| O|  |TAMS 0x0000000085100000, 0x0000000085000000| Untracked 
|  81|0x0000000085100000, 0x00000000851ed000, 0x0000000085200000| 92%| O|  |TAMS 0x00000000851ed000, 0x0000000085100000| Untracked 
|  82|0x0000000085200000, 0x0000000085300000, 0x0000000085300000|100%| O|  |TAMS 0x0000000085300000, 0x0000000085200000| Complete 
|  83|0x0000000085300000, 0x0000000085400000, 0x0000000085400000|100%| O|  |TAMS 0x0000000085400000, 0x0000000085300000| Untracked 
|  84|0x0000000085400000, 0x0000000085500000, 0x0000000085500000|100%| O|  |TAMS 0x0000000085500000, 0x0000000085400000| Complete 
|  85|0x0000000085500000, 0x0000000085600000, 0x0000000085600000|100%| O|  |TAMS 0x0000000085600000, 0x0000000085500000| Complete 
|  86|0x0000000085600000, 0x0000000085600000, 0x0000000085700000|  0%| F|  |TAMS 0x0000000085600000, 0x0000000085600000| Untracked 
|  87|0x0000000085700000, 0x0000000085700000, 0x0000000085800000|  0%| F|  |TAMS 0x0000000085700000, 0x0000000085700000| Untracked 
|  88|0x0000000085800000, 0x0000000085900000, 0x0000000085900000|100%| O|  |TAMS 0x0000000085900000, 0x0000000085800000| Untracked 
|  89|0x0000000085900000, 0x0000000085a00000, 0x0000000085a00000|100%| O|  |TAMS 0x0000000085a00000, 0x0000000085900000| Complete 
|  90|0x0000000085a00000, 0x0000000085b00000, 0x0000000085b00000|100%| O|  |TAMS 0x0000000085b00000, 0x0000000085a00000| Complete 
|  91|0x0000000085b00000, 0x0000000085b00000, 0x0000000085c00000|  0%| F|  |TAMS 0x0000000085b00000, 0x0000000085b00000| Untracked 
|  92|0x0000000085c00000, 0x0000000085c00000, 0x0000000085d00000|  0%| F|  |TAMS 0x0000000085c00000, 0x0000000085c00000| Untracked 
|  93|0x0000000085d00000, 0x0000000085d00000, 0x0000000085e00000|  0%| F|  |TAMS 0x0000000085d00000, 0x0000000085d00000| Untracked 
|  94|0x0000000085e00000, 0x0000000085e00000, 0x0000000085f00000|  0%| F|  |TAMS 0x0000000085e00000, 0x0000000085e00000| Untracked 
|  95|0x0000000085f00000, 0x0000000085f00000, 0x0000000086000000|  0%| F|  |TAMS 0x0000000085f00000, 0x0000000085f00000| Untracked 
|  96|0x0000000086000000, 0x0000000086000000, 0x0000000086100000|  0%| F|  |TAMS 0x0000000086000000, 0x0000000086000000| Untracked 
|  97|0x0000000086100000, 0x0000000086100000, 0x0000000086200000|  0%| F|  |TAMS 0x0000000086100000, 0x0000000086100000| Untracked 
|  98|0x0000000086200000, 0x0000000086300000, 0x0000000086300000|100%| O|  |TAMS 0x0000000086300000, 0x0000000086200000| Complete 
|  99|0x0000000086300000, 0x0000000086400000, 0x0000000086400000|100%| O|  |TAMS 0x0000000086400000, 0x0000000086300000| Complete 
| 100|0x0000000086400000, 0x0000000086500000, 0x0000000086500000|100%| O|  |TAMS 0x0000000086500000, 0x0000000086400000| Complete 
| 101|0x0000000086500000, 0x0000000086600000, 0x0000000086600000|100%| O|  |TAMS 0x0000000086600000, 0x0000000086500000| Complete 
| 102|0x0000000086600000, 0x0000000086700000, 0x0000000086700000|100%| O|  |TAMS 0x0000000086700000, 0x0000000086600000| Untracked 
| 103|0x0000000086700000, 0x0000000086800000, 0x0000000086800000|100%| O|  |TAMS 0x0000000086800000, 0x0000000086700000| Complete 
| 104|0x0000000086800000, 0x0000000086900000, 0x0000000086900000|100%| O|  |TAMS 0x0000000086900000, 0x0000000086800000| Untracked 
| 105|0x0000000086900000, 0x0000000086a00000, 0x0000000086a00000|100%| O|  |TAMS 0x0000000086a00000, 0x0000000086900000| Untracked 
| 106|0x0000000086a00000, 0x0000000086a00000, 0x0000000086b00000|  0%| F|  |TAMS 0x0000000086a00000, 0x0000000086a00000| Untracked 
| 107|0x0000000086b00000, 0x0000000086b00000, 0x0000000086c00000|  0%| F|  |TAMS 0x0000000086b00000, 0x0000000086b00000| Untracked 
| 108|0x0000000086c00000, 0x0000000086d00000, 0x0000000086d00000|100%| O|  |TAMS 0x0000000086d00000, 0x0000000086c00000| Complete 
| 109|0x0000000086d00000, 0x0000000086d00000, 0x0000000086e00000|  0%| F|  |TAMS 0x0000000086d00000, 0x0000000086d00000| Untracked 
| 110|0x0000000086e00000, 0x0000000086e00000, 0x0000000086f00000|  0%| F|  |TAMS 0x0000000086e00000, 0x0000000086e00000| Untracked 
| 111|0x0000000086f00000, 0x0000000087000000, 0x0000000087000000|100%| O|  |TAMS 0x0000000087000000, 0x0000000086f00000| Complete 
| 112|0x0000000087000000, 0x0000000087000000, 0x0000000087100000|  0%| F|  |TAMS 0x0000000087000000, 0x0000000087000000| Untracked 
| 113|0x0000000087100000, 0x0000000087100000, 0x0000000087200000|  0%| F|  |TAMS 0x0000000087100000, 0x0000000087100000| Untracked 
| 114|0x0000000087200000, 0x0000000087200000, 0x0000000087300000|  0%| F|  |TAMS 0x0000000087200000, 0x0000000087200000| Untracked 
| 115|0x0000000087300000, 0x0000000087300000, 0x0000000087400000|  0%| F|  |TAMS 0x0000000087300000, 0x0000000087300000| Untracked 
| 116|0x0000000087400000, 0x0000000087400000, 0x0000000087500000|  0%| F|  |TAMS 0x0000000087400000, 0x0000000087400000| Untracked 
| 117|0x0000000087500000, 0x0000000087500000, 0x0000000087600000|  0%| F|  |TAMS 0x0000000087500000, 0x0000000087500000| Untracked 
| 118|0x0000000087600000, 0x0000000087600000, 0x0000000087700000|  0%| F|  |TAMS 0x0000000087600000, 0x0000000087600000| Untracked 
| 119|0x0000000087700000, 0x0000000087700000, 0x0000000087800000|  0%| F|  |TAMS 0x0000000087700000, 0x0000000087700000| Untracked 
| 120|0x0000000087800000, 0x0000000087800000, 0x0000000087900000|  0%| F|  |TAMS 0x0000000087800000, 0x0000000087800000| Untracked 
| 121|0x0000000087900000, 0x0000000087900000, 0x0000000087a00000|  0%| F|  |TAMS 0x0000000087900000, 0x0000000087900000| Untracked 
| 122|0x0000000087a00000, 0x0000000087a00000, 0x0000000087b00000|  0%| F|  |TAMS 0x0000000087a00000, 0x0000000087a00000| Untracked 
| 123|0x0000000087b00000, 0x0000000087b00000, 0x0000000087c00000|  0%| F|  |TAMS 0x0000000087b00000, 0x0000000087b00000| Untracked 
| 124|0x0000000087c00000, 0x0000000087c00000, 0x0000000087d00000|  0%| F|  |TAMS 0x0000000087c00000, 0x0000000087c00000| Untracked 
| 125|0x0000000087d00000, 0x0000000087e00000, 0x0000000087e00000|100%| O|  |TAMS 0x0000000087e00000, 0x0000000087d00000| Complete 
| 126|0x0000000087e00000, 0x0000000087e00000, 0x0000000087f00000|  0%| F|  |TAMS 0x0000000087e00000, 0x0000000087e00000| Untracked 
| 127|0x0000000087f00000, 0x0000000088000000, 0x0000000088000000|100%| O|  |TAMS 0x0000000088000000, 0x0000000087f00000| Complete 
| 128|0x0000000088000000, 0x0000000088100000, 0x0000000088100000|100%| O|  |TAMS 0x0000000088100000, 0x0000000088000000| Untracked 
| 129|0x0000000088100000, 0x0000000088200000, 0x0000000088200000|100%| O|  |TAMS 0x0000000088200000, 0x0000000088100000| Untracked 
| 130|0x0000000088200000, 0x0000000088300000, 0x0000000088300000|100%| O|  |TAMS 0x0000000088300000, 0x0000000088200000| Untracked 
| 131|0x0000000088300000, 0x0000000088400000, 0x0000000088400000|100%| O|  |TAMS 0x0000000088400000, 0x0000000088300000| Untracked 
| 132|0x0000000088400000, 0x0000000088500000, 0x0000000088500000|100%| O|  |TAMS 0x0000000088500000, 0x0000000088400000| Untracked 
| 133|0x0000000088500000, 0x0000000088600000, 0x0000000088600000|100%| O|  |TAMS 0x0000000088600000, 0x0000000088500000| Complete 
| 134|0x0000000088600000, 0x0000000088640ad8, 0x0000000088700000| 25%| S|CS|TAMS 0x0000000088600000, 0x0000000088600000| Complete 
| 135|0x0000000088700000, 0x0000000088800000, 0x0000000088800000|100%| S|CS|TAMS 0x0000000088700000, 0x0000000088700000| Complete 
| 136|0x0000000088800000, 0x0000000088900000, 0x0000000088900000|100%| S|CS|TAMS 0x0000000088800000, 0x0000000088800000| Complete 
| 137|0x0000000088900000, 0x0000000088a00000, 0x0000000088a00000|100%| S|CS|TAMS 0x0000000088900000, 0x0000000088900000| Complete 
| 138|0x0000000088a00000, 0x0000000088b00000, 0x0000000088b00000|100%| S|CS|TAMS 0x0000000088a00000, 0x0000000088a00000| Complete 
| 139|0x0000000088b00000, 0x0000000088c00000, 0x0000000088c00000|100%| S|CS|TAMS 0x0000000088b00000, 0x0000000088b00000| Complete 
| 140|0x0000000088c00000, 0x0000000088d00000, 0x0000000088d00000|100%| S|CS|TAMS 0x0000000088c00000, 0x0000000088c00000| Complete 
| 141|0x0000000088d00000, 0x0000000088e00000, 0x0000000088e00000|100%| S|CS|TAMS 0x0000000088d00000, 0x0000000088d00000| Complete 
| 142|0x0000000088e00000, 0x0000000088e00000, 0x0000000088f00000|  0%| F|  |TAMS 0x0000000088e00000, 0x0000000088e00000| Untracked 
| 143|0x0000000088f00000, 0x0000000088f00000, 0x0000000089000000|  0%| F|  |TAMS 0x0000000088f00000, 0x0000000088f00000| Untracked 
| 144|0x0000000089000000, 0x0000000089000000, 0x0000000089100000|  0%| F|  |TAMS 0x0000000089000000, 0x0000000089000000| Untracked 
| 145|0x0000000089100000, 0x0000000089100000, 0x0000000089200000|  0%| F|  |TAMS 0x0000000089100000, 0x0000000089100000| Untracked 
| 146|0x0000000089200000, 0x0000000089200000, 0x0000000089300000|  0%| F|  |TAMS 0x0000000089200000, 0x0000000089200000| Untracked 
| 147|0x0000000089300000, 0x0000000089300000, 0x0000000089400000|  0%| F|  |TAMS 0x0000000089300000, 0x0000000089300000| Untracked 
| 148|0x0000000089400000, 0x0000000089400000, 0x0000000089500000|  0%| F|  |TAMS 0x0000000089400000, 0x0000000089400000| Untracked 
| 149|0x0000000089500000, 0x0000000089500000, 0x0000000089600000|  0%| F|  |TAMS 0x0000000089500000, 0x0000000089500000| Untracked 
| 150|0x0000000089600000, 0x0000000089600000, 0x0000000089700000|  0%| F|  |TAMS 0x0000000089600000, 0x0000000089600000| Untracked 
| 151|0x0000000089700000, 0x0000000089700000, 0x0000000089800000|  0%| F|  |TAMS 0x0000000089700000, 0x0000000089700000| Untracked 
| 152|0x0000000089800000, 0x0000000089800000, 0x0000000089900000|  0%| F|  |TAMS 0x0000000089800000, 0x0000000089800000| Untracked 
| 153|0x0000000089900000, 0x0000000089900000, 0x0000000089a00000|  0%| F|  |TAMS 0x0000000089900000, 0x0000000089900000| Untracked 
| 154|0x0000000089a00000, 0x0000000089a00000, 0x0000000089b00000|  0%| F|  |TAMS 0x0000000089a00000, 0x0000000089a00000| Untracked 
| 155|0x0000000089b00000, 0x0000000089b00000, 0x0000000089c00000|  0%| F|  |TAMS 0x0000000089b00000, 0x0000000089b00000| Untracked 
| 156|0x0000000089c00000, 0x0000000089c00000, 0x0000000089d00000|  0%| F|  |TAMS 0x0000000089c00000, 0x0000000089c00000| Untracked 
| 157|0x0000000089d00000, 0x0000000089d00000, 0x0000000089e00000|  0%| F|  |TAMS 0x0000000089d00000, 0x0000000089d00000| Untracked 
| 158|0x0000000089e00000, 0x0000000089e00000, 0x0000000089f00000|  0%| F|  |TAMS 0x0000000089e00000, 0x0000000089e00000| Untracked 
| 159|0x0000000089f00000, 0x0000000089f00000, 0x000000008a000000|  0%| F|  |TAMS 0x0000000089f00000, 0x0000000089f00000| Untracked 
| 160|0x000000008a000000, 0x000000008a000000, 0x000000008a100000|  0%| F|  |TAMS 0x000000008a000000, 0x000000008a000000| Untracked 
| 161|0x000000008a100000, 0x000000008a100000, 0x000000008a200000|  0%| F|  |TAMS 0x000000008a100000, 0x000000008a100000| Untracked 
| 162|0x000000008a200000, 0x000000008a200000, 0x000000008a300000|  0%| F|  |TAMS 0x000000008a200000, 0x000000008a200000| Untracked 
| 163|0x000000008a300000, 0x000000008a300000, 0x000000008a400000|  0%| F|  |TAMS 0x000000008a300000, 0x000000008a300000| Untracked 
| 164|0x000000008a400000, 0x000000008a400000, 0x000000008a500000|  0%| F|  |TAMS 0x000000008a400000, 0x000000008a400000| Untracked 
| 165|0x000000008a500000, 0x000000008a500000, 0x000000008a600000|  0%| F|  |TAMS 0x000000008a500000, 0x000000008a500000| Untracked 
| 166|0x000000008a600000, 0x000000008a600000, 0x000000008a700000|  0%| F|  |TAMS 0x000000008a600000, 0x000000008a600000| Untracked 
| 167|0x000000008a700000, 0x000000008a700000, 0x000000008a800000|  0%| F|  |TAMS 0x000000008a700000, 0x000000008a700000| Untracked 
| 168|0x000000008a800000, 0x000000008a800000, 0x000000008a900000|  0%| F|  |TAMS 0x000000008a800000, 0x000000008a800000| Untracked 
| 169|0x000000008a900000, 0x000000008a900000, 0x000000008aa00000|  0%| F|  |TAMS 0x000000008a900000, 0x000000008a900000| Untracked 
| 170|0x000000008aa00000, 0x000000008aa00000, 0x000000008ab00000|  0%| F|  |TAMS 0x000000008aa00000, 0x000000008aa00000| Untracked 
| 171|0x000000008ab00000, 0x000000008ab00000, 0x000000008ac00000|  0%| F|  |TAMS 0x000000008ab00000, 0x000000008ab00000| Untracked 
| 172|0x000000008ac00000, 0x000000008ac00000, 0x000000008ad00000|  0%| F|  |TAMS 0x000000008ac00000, 0x000000008ac00000| Untracked 
| 173|0x000000008ad00000, 0x000000008ad00000, 0x000000008ae00000|  0%| F|  |TAMS 0x000000008ad00000, 0x000000008ad00000| Untracked 
| 174|0x000000008ae00000, 0x000000008ae00000, 0x000000008af00000|  0%| F|  |TAMS 0x000000008ae00000, 0x000000008ae00000| Untracked 
| 175|0x000000008af00000, 0x000000008af00000, 0x000000008b000000|  0%| F|  |TAMS 0x000000008af00000, 0x000000008af00000| Untracked 
| 176|0x000000008b000000, 0x000000008b000000, 0x000000008b100000|  0%| F|  |TAMS 0x000000008b000000, 0x000000008b000000| Untracked 
| 177|0x000000008b100000, 0x000000008b100000, 0x000000008b200000|  0%| F|  |TAMS 0x000000008b100000, 0x000000008b100000| Untracked 
| 178|0x000000008b200000, 0x000000008b200000, 0x000000008b300000|  0%| F|  |TAMS 0x000000008b200000, 0x000000008b200000| Untracked 
| 179|0x000000008b300000, 0x000000008b300000, 0x000000008b400000|  0%| F|  |TAMS 0x000000008b300000, 0x000000008b300000| Untracked 
| 180|0x000000008b400000, 0x000000008b400000, 0x000000008b500000|  0%| F|  |TAMS 0x000000008b400000, 0x000000008b400000| Untracked 
| 181|0x000000008b500000, 0x000000008b500000, 0x000000008b600000|  0%| F|  |TAMS 0x000000008b500000, 0x000000008b500000| Untracked 
| 182|0x000000008b600000, 0x000000008b600000, 0x000000008b700000|  0%| F|  |TAMS 0x000000008b600000, 0x000000008b600000| Untracked 
| 183|0x000000008b700000, 0x000000008b700000, 0x000000008b800000|  0%| F|  |TAMS 0x000000008b700000, 0x000000008b700000| Untracked 
| 184|0x000000008b800000, 0x000000008b800000, 0x000000008b900000|  0%| F|  |TAMS 0x000000008b800000, 0x000000008b800000| Untracked 
| 185|0x000000008b900000, 0x000000008b900000, 0x000000008ba00000|  0%| F|  |TAMS 0x000000008b900000, 0x000000008b900000| Untracked 
| 186|0x000000008ba00000, 0x000000008ba00000, 0x000000008bb00000|  0%| F|  |TAMS 0x000000008ba00000, 0x000000008ba00000| Untracked 
| 187|0x000000008bb00000, 0x000000008bb00000, 0x000000008bc00000|  0%| F|  |TAMS 0x000000008bb00000, 0x000000008bb00000| Untracked 
| 188|0x000000008bc00000, 0x000000008bc00000, 0x000000008bd00000|  0%| F|  |TAMS 0x000000008bc00000, 0x000000008bc00000| Untracked 
| 189|0x000000008bd00000, 0x000000008bd00000, 0x000000008be00000|  0%| F|  |TAMS 0x000000008bd00000, 0x000000008bd00000| Untracked 
| 190|0x000000008be00000, 0x000000008be00000, 0x000000008bf00000|  0%| F|  |TAMS 0x000000008be00000, 0x000000008be00000| Untracked 
| 191|0x000000008bf00000, 0x000000008bf00000, 0x000000008c000000|  0%| F|  |TAMS 0x000000008bf00000, 0x000000008bf00000| Untracked 
| 192|0x000000008c000000, 0x000000008c000000, 0x000000008c100000|  0%| F|  |TAMS 0x000000008c000000, 0x000000008c000000| Untracked 
| 193|0x000000008c100000, 0x000000008c100000, 0x000000008c200000|  0%| F|  |TAMS 0x000000008c100000, 0x000000008c100000| Untracked 
| 194|0x000000008c200000, 0x000000008c200000, 0x000000008c300000|  0%| F|  |TAMS 0x000000008c200000, 0x000000008c200000| Untracked 
| 195|0x000000008c300000, 0x000000008c300000, 0x000000008c400000|  0%| F|  |TAMS 0x000000008c300000, 0x000000008c300000| Untracked 
| 196|0x000000008c400000, 0x000000008c400000, 0x000000008c500000|  0%| F|  |TAMS 0x000000008c400000, 0x000000008c400000| Untracked 
| 197|0x000000008c500000, 0x000000008c500000, 0x000000008c600000|  0%| F|  |TAMS 0x000000008c500000, 0x000000008c500000| Untracked 
| 198|0x000000008c600000, 0x000000008c600000, 0x000000008c700000|  0%| F|  |TAMS 0x000000008c600000, 0x000000008c600000| Untracked 
| 199|0x000000008c700000, 0x000000008c700000, 0x000000008c800000|  0%| F|  |TAMS 0x000000008c700000, 0x000000008c700000| Untracked 
| 200|0x000000008c800000, 0x000000008c800000, 0x000000008c900000|  0%| F|  |TAMS 0x000000008c800000, 0x000000008c800000| Untracked 
| 201|0x000000008c900000, 0x000000008c900000, 0x000000008ca00000|  0%| F|  |TAMS 0x000000008c900000, 0x000000008c900000| Untracked 
| 202|0x000000008ca00000, 0x000000008ca00000, 0x000000008cb00000|  0%| F|  |TAMS 0x000000008ca00000, 0x000000008ca00000| Untracked 
| 203|0x000000008cb00000, 0x000000008cb00000, 0x000000008cc00000|  0%| F|  |TAMS 0x000000008cb00000, 0x000000008cb00000| Untracked 
| 204|0x000000008cc00000, 0x000000008cc00000, 0x000000008cd00000|  0%| F|  |TAMS 0x000000008cc00000, 0x000000008cc00000| Untracked 
| 205|0x000000008cd00000, 0x000000008cdc0010, 0x000000008ce00000| 75%| E|  |TAMS 0x000000008cd00000, 0x000000008cd00000| Complete 
| 206|0x000000008ce00000, 0x000000008cee5e80, 0x000000008cf00000| 89%| E|  |TAMS 0x000000008ce00000, 0x000000008ce00000| Complete 
| 207|0x000000008cf00000, 0x000000008d000000, 0x000000008d000000|100%| E|CS|TAMS 0x000000008cf00000, 0x000000008cf00000| Complete 
| 208|0x000000008d000000, 0x000000008d100000, 0x000000008d100000|100%| E|CS|TAMS 0x000000008d000000, 0x000000008d000000| Complete 
| 209|0x000000008d100000, 0x000000008d200000, 0x000000008d200000|100%| E|CS|TAMS 0x000000008d100000, 0x000000008d100000| Complete 
| 210|0x000000008d200000, 0x000000008d300000, 0x000000008d300000|100%| E|CS|TAMS 0x000000008d200000, 0x000000008d200000| Complete 
| 211|0x000000008d300000, 0x000000008d400000, 0x000000008d400000|100%| E|CS|TAMS 0x000000008d300000, 0x000000008d300000| Complete 
| 212|0x000000008d400000, 0x000000008d500000, 0x000000008d500000|100%| E|CS|TAMS 0x000000008d400000, 0x000000008d400000| Complete 
| 213|0x000000008d500000, 0x000000008d600000, 0x000000008d600000|100%| E|CS|TAMS 0x000000008d500000, 0x000000008d500000| Complete 
| 214|0x000000008d600000, 0x000000008d700000, 0x000000008d700000|100%| E|CS|TAMS 0x000000008d600000, 0x000000008d600000| Complete 
| 215|0x000000008d700000, 0x000000008d800000, 0x000000008d800000|100%| E|CS|TAMS 0x000000008d700000, 0x000000008d700000| Complete 
| 216|0x000000008d800000, 0x000000008d900000, 0x000000008d900000|100%| E|CS|TAMS 0x000000008d800000, 0x000000008d800000| Complete 
| 217|0x000000008d900000, 0x000000008da00000, 0x000000008da00000|100%| E|CS|TAMS 0x000000008d900000, 0x000000008d900000| Complete 
| 218|0x000000008da00000, 0x000000008db00000, 0x000000008db00000|100%| E|CS|TAMS 0x000000008da00000, 0x000000008da00000| Complete 
| 219|0x000000008db00000, 0x000000008dc00000, 0x000000008dc00000|100%| E|CS|TAMS 0x000000008db00000, 0x000000008db00000| Complete 

Card table byte_map: [0x0000016b75b10000,0x0000016b75f10000] _byte_map_base: 0x0000016b75710000

Marking Bits (Prev, Next): (CMBitMap*) 0x0000016b718eea68, (CMBitMap*) 0x0000016b718eeaa0
 Prev Bits: [0x0000016b76310000, 0x0000016b78310000)
 Next Bits: [0x0000016b78310000, 0x0000016b7a310000)

Polling page: 0x0000016b6fa40000

Metaspace:

Usage:
  Non-class:    109.04 MB capacity,   106.99 MB ( 98%) used,     1.65 MB (  2%) free+waste,   413.88 KB ( <1%) overhead. 
      Class:     16.61 MB capacity,    15.35 MB ( 92%) used,     1.08 MB (  6%) free+waste,   181.44 KB (  1%) overhead. 
       Both:    125.65 MB capacity,   122.34 MB ( 97%) used,     2.73 MB (  2%) free+waste,   595.31 KB ( <1%) overhead. 

Virtual space:
  Non-class space:      110.00 MB reserved,     109.50 MB (>99%) committed 
      Class space:        1.00 GB reserved,      16.94 MB (  2%) committed 
             Both:        1.11 GB reserved,     126.44 MB ( 11%) committed 

Chunk freelists:
   Non-Class:  406.00 KB
       Class:  304.00 KB
        Both:  710.00 KB

MaxMetaspaceSize: 17179869184.00 GB
CompressedClassSpaceSize: 1.00 GB
Initial GC threshold: 20.80 MB
Current GC threshold: 210.74 MB
CDS: off

CodeHeap 'non-profiled nmethods': size=120000Kb used=14800Kb max_used=14800Kb free=105199Kb
 bounds [0x0000016b07ad0000, 0x0000016b08950000, 0x0000016b0f000000]
CodeHeap 'profiled nmethods': size=120000Kb used=44933Kb max_used=44933Kb free=75066Kb
 bounds [0x0000016b005a0000, 0x0000016b03190000, 0x0000016b07ad0000]
CodeHeap 'non-nmethods': size=5760Kb used=2492Kb max_used=2590Kb free=3267Kb
 bounds [0x0000016b00000000, 0x0000016b00290000, 0x0000016b005a0000]
 total_blobs=21241 nmethods=20226 adapters=926
 compilation: enabled
              stopped_count=0, restarted_count=0
 full_count=0

Compilation events (20 events):
Event: 10041.707 Thread 0x0000016b7cd7d000 nmethod 21256 0x0000016b0316f110 code [0x0000016b0316f300, 0x0000016b0316f758]
Event: 10041.707 Thread 0x0000016b7cd7d000 21258       3       com.android.tools.r8.internal.sJ::a (430 bytes)
Event: 10041.713 Thread 0x0000016b7cd7d000 nmethod 21258 0x0000016b0316f890 code [0x0000016b03170000, 0x0000016b03174c58]
Event: 10041.713 Thread 0x0000016b7cd7d000 21264       3       com.android.tools.r8.internal.ZD::a (115 bytes)
Event: 10041.713 Thread 0x0000016b7cd7d000 nmethod 21264 0x0000016b03176590 code [0x0000016b03176860, 0x0000016b031775b8]
Event: 10041.713 Thread 0x0000016b7cd7d000 21263       3       com.android.tools.r8.internal.p::a (8 bytes)
Event: 10041.713 Thread 0x0000016b7cd7d000 nmethod 21263 0x0000016b03177a90 code [0x0000016b03177c40, 0x0000016b03177e08]
Event: 10041.713 Thread 0x0000016b7cd7d000 21265       3       com.android.tools.r8.internal.yl::a (19 bytes)
Event: 10041.713 Thread 0x0000016b7cd7d000 nmethod 21265 0x0000016b03177f10 code [0x0000016b03178100, 0x0000016b03178548]
Event: 10041.714 Thread 0x0000016b7cd7d000 21266       3       com.android.tools.r8.internal.xl::<init> (7 bytes)
Event: 10041.714 Thread 0x0000016b7cd7d000 nmethod 21266 0x0000016b03178710 code [0x0000016b031788e0, 0x0000016b03178bb8]
Event: 10041.714 Thread 0x0000016b7cd7d000 21262       3       java.util.IdentityHashMap$KeySet::contains (9 bytes)
Event: 10041.714 Thread 0x0000016b7cd7d000 nmethod 21262 0x0000016b03178d10 code [0x0000016b03178ec0, 0x0000016b03179008]
Event: 10041.714 Thread 0x0000016b7cd7d000 21267   !   3       com.google.common.util.concurrent.InterruptibleTask::run (461 bytes)
Event: 10041.719 Thread 0x0000016b7cd7d000 nmethod 21267 0x0000016b03179110 code [0x0000016b03179bc0, 0x0000016b031801c8]
Event: 10041.719 Thread 0x0000016b7cd7d000 21268       3       com.android.tools.r8.internal.Z8::a (22 bytes)
Event: 10041.720 Thread 0x0000016b7cd7d000 nmethod 21268 0x0000016b03181e90 code [0x0000016b03182060, 0x0000016b031822f8]
Event: 10041.720 Thread 0x0000016b7cd7d000 21271       3       com.android.tools.r8.internal.hj::a (19 bytes)
Event: 10041.720 Thread 0x0000016b7cd7d000 nmethod 21271 0x0000016b03182410 code [0x0000016b03182600, 0x0000016b03182958]
Event: 10041.720 Thread 0x0000016b7cd7d000 21261       3       com.android.tools.r8.internal.MJ::a (128 bytes)

GC Heap History (20 events):
Event: 5428.280 GC heap before
{Heap before GC invocations=38 (full 0):
 garbage-first heap   total 225280K, used 185816K [0x0000000080000000, 0x0000000100000000)
  region size 1024K, 71 young (72704K), 7 survivors (7168K)
 Metaspace       used 121380K, capacity 124670K, committed 125508K, reserved 1157120K
  class space    used 15439K, capacity 16671K, committed 16964K, reserved 1048576K
}
Event: 5428.300 GC heap after
{Heap after GC invocations=39 (full 0):
 garbage-first heap   total 225280K, used 127597K [0x0000000080000000, 0x0000000100000000)
  region size 1024K, 7 young (7168K), 7 survivors (7168K)
 Metaspace       used 121380K, capacity 124670K, committed 125508K, reserved 1157120K
  class space    used 15439K, capacity 16671K, committed 16964K, reserved 1048576K
}
Event: 5428.360 GC heap before
{Heap before GC invocations=39 (full 0):
 garbage-first heap   total 225280K, used 131693K [0x0000000080000000, 0x0000000100000000)
  region size 1024K, 11 young (11264K), 7 survivors (7168K)
 Metaspace       used 121454K, capacity 124772K, committed 125508K, reserved 1157120K
  class space    used 15442K, capacity 16677K, committed 16964K, reserved 1048576K
}
Event: 5428.390 GC heap after
{Heap after GC invocations=40 (full 0):
 garbage-first heap   total 225280K, used 117100K [0x0000000080000000, 0x0000000100000000)
  region size 1024K, 2 young (2048K), 2 survivors (2048K)
 Metaspace       used 121454K, capacity 124772K, committed 125508K, reserved 1157120K
  class space    used 15442K, capacity 16677K, committed 16964K, reserved 1048576K
}
Event: 5428.574 GC heap before
{Heap before GC invocations=40 (full 0):
 garbage-first heap   total 225280K, used 149868K [0x0000000080000000, 0x0000000100000000)
  region size 1024K, 11 young (11264K), 2 survivors (2048K)
 Metaspace       used 121544K, capacity 124904K, committed 125764K, reserved 1159168K
  class space    used 15448K, capacity 16688K, committed 16964K, reserved 1048576K
}
Event: 5428.582 GC heap after
{Heap after GC invocations=41 (full 0):
 garbage-first heap   total 225280K, used 116905K [0x0000000080000000, 0x0000000100000000)
  region size 1024K, 1 young (1024K), 1 survivors (1024K)
 Metaspace       used 121544K, capacity 124904K, committed 125764K, reserved 1159168K
  class space    used 15448K, capacity 16688K, committed 16964K, reserved 1048576K
}
Event: 5432.074 GC heap before
{Heap before GC invocations=41 (full 0):
 garbage-first heap   total 225280K, used 184489K [0x0000000080000000, 0x0000000100000000)
  region size 1024K, 68 young (69632K), 1 survivors (1024K)
 Metaspace       used 121764K, capacity 125126K, committed 125764K, reserved 1159168K
  class space    used 15453K, capacity 16695K, committed 16964K, reserved 1048576K
}
Event: 5432.087 GC heap after
{Heap after GC invocations=42 (full 0):
 garbage-first heap   total 225280K, used 123777K [0x0000000080000000, 0x0000000100000000)
  region size 1024K, 8 young (8192K), 8 survivors (8192K)
 Metaspace       used 121764K, capacity 125126K, committed 125764K, reserved 1159168K
  class space    used 15453K, capacity 16695K, committed 16964K, reserved 1048576K
}
Event: 7576.119 GC heap before
{Heap before GC invocations=43 (full 0):
 garbage-first heap   total 225280K, used 184193K [0x0000000080000000, 0x0000000100000000)
  region size 1024K, 69 young (70656K), 8 survivors (8192K)
 Metaspace       used 121864K, capacity 125199K, committed 126020K, reserved 1159168K
  class space    used 15455K, capacity 16697K, committed 16964K, reserved 1048576K
}
Event: 7576.146 GC heap after
{Heap after GC invocations=44 (full 0):
 garbage-first heap   total 225280K, used 117272K [0x0000000080000000, 0x0000000100000000)
  region size 1024K, 1 young (1024K), 1 survivors (1024K)
 Metaspace       used 121864K, capacity 125199K, committed 126020K, reserved 1159168K
  class space    used 15455K, capacity 16697K, committed 16964K, reserved 1048576K
}
Event: 8091.483 GC heap before
{Heap before GC invocations=44 (full 0):
 garbage-first heap   total 225280K, used 127512K [0x0000000080000000, 0x0000000100000000)
  region size 1024K, 11 young (11264K), 1 survivors (1024K)
 Metaspace       used 121866K, capacity 125199K, committed 126020K, reserved 1159168K
  class space    used 15455K, capacity 16697K, committed 16964K, reserved 1048576K
}
Event: 8091.511 GC heap after
{Heap after GC invocations=45 (full 0):
 garbage-first heap   total 225280K, used 108153K [0x0000000080000000, 0x0000000100000000)
  region size 1024K, 1 young (1024K), 1 survivors (1024K)
 Metaspace       used 121866K, capacity 125199K, committed 126020K, reserved 1159168K
  class space    used 15455K, capacity 16697K, committed 16964K, reserved 1048576K
}
Event: 10034.182 GC heap before
{Heap before GC invocations=45 (full 0):
 garbage-first heap   total 225280K, used 181881K [0x0000000080000000, 0x0000000100000000)
  region size 1024K, 73 young (74752K), 1 survivors (1024K)
 Metaspace       used 122096K, capacity 125502K, committed 126148K, reserved 1159168K
  class space    used 15470K, capacity 16741K, committed 17092K, reserved 1048576K
}
Event: 10034.220 GC heap after
{Heap after GC invocations=46 (full 0):
 garbage-first heap   total 225280K, used 111931K [0x0000000080000000, 0x0000000100000000)
  region size 1024K, 5 young (5120K), 5 survivors (5120K)
 Metaspace       used 122096K, capacity 125502K, committed 126148K, reserved 1159168K
  class space    used 15470K, capacity 16741K, committed 17092K, reserved 1048576K
}
Event: 10035.924 GC heap before
{Heap before GC invocations=47 (full 0):
 garbage-first heap   total 225280K, used 183611K [0x0000000080000000, 0x0000000100000000)
  region size 1024K, 76 young (77824K), 5 survivors (5120K)
 Metaspace       used 123190K, capacity 126321K, committed 127812K, reserved 1159168K
  class space    used 15527K, capacity 16744K, committed 17220K, reserved 1048576K
}
Event: 10035.941 GC heap after
{Heap after GC invocations=48 (full 0):
 garbage-first heap   total 225280K, used 117602K [0x0000000080000000, 0x0000000100000000)
  region size 1024K, 10 young (10240K), 10 survivors (10240K)
 Metaspace       used 123190K, capacity 126321K, committed 127812K, reserved 1159168K
  class space    used 15527K, capacity 16744K, committed 17220K, reserved 1048576K
}
Event: 10035.953 GC heap before
{Heap before GC invocations=48 (full 0):
 garbage-first heap   total 225280K, used 118626K [0x0000000080000000, 0x0000000100000000)
  region size 1024K, 11 young (11264K), 10 survivors (10240K)
 Metaspace       used 123262K, capacity 126433K, committed 127812K, reserved 1159168K
  class space    used 15533K, capacity 16752K, committed 17220K, reserved 1048576K
}
Event: 10035.990 GC heap after
{Heap after GC invocations=49 (full 0):
 garbage-first heap   total 225280K, used 103745K [0x0000000080000000, 0x0000000100000000)
  region size 1024K, 2 young (2048K), 2 survivors (2048K)
 Metaspace       used 123262K, capacity 126433K, committed 127812K, reserved 1159168K
  class space    used 15533K, capacity 16752K, committed 17220K, reserved 1048576K
}
Event: 10041.512 GC heap before
{Heap before GC invocations=49 (full 0):
 garbage-first heap   total 225280K, used 180545K [0x0000000080000000, 0x0000000100000000)
  region size 1024K, 78 young (79872K), 2 survivors (2048K)
 Metaspace       used 125035K, capacity 128405K, committed 129220K, reserved 1161216K
  class space    used 15716K, capacity 17000K, committed 17348K, reserved 1048576K
}
Event: 10041.529 GC heap after
{Heap after GC invocations=50 (full 0):
 garbage-first heap   total 225280K, used 109750K [0x0000000080000000, 0x0000000100000000)
  region size 1024K, 8 young (8192K), 8 survivors (8192K)
 Metaspace       used 125035K, capacity 128405K, committed 129220K, reserved 1161216K
  class space    used 15716K, capacity 17000K, committed 17348K, reserved 1048576K
}

Deoptimization events (20 events):
Event: 10038.098 Thread 0x0000016b109cd800 Uncommon trap: trap_request=0xffffffc6 fr.pc=0x0000016b0888c8b8 relative=0x00000000000002d8
Event: 10038.098 Thread 0x0000016b109cd800 Uncommon trap: reason=bimorphic_or_optimized_type_check action=maybe_recompile pc=0x0000016b0888c8b8 method=com.google.common.collect.ImmutableList.listIterator()Lcom/google/common/collect/UnmodifiableListIterator; @ 2 c2
Event: 10038.098 Thread 0x0000016b109cd800 DEOPT PACKING pc=0x0000016b0888c8b8 sp=0x00000063c11fe050
Event: 10038.098 Thread 0x0000016b109cd800 DEOPT UNPACKING pc=0x0000016b000085af sp=0x00000063c11fdfa8 mode 2
Event: 10038.343 Thread 0x0000016b109cd800 Uncommon trap: trap_request=0xffffffde fr.pc=0x0000016b084d5554 relative=0x00000000000017b4
Event: 10038.343 Thread 0x0000016b109cd800 Uncommon trap: reason=class_check action=maybe_recompile pc=0x0000016b084d5554 method=sun.management.spi.PlatformMBeanProvider$PlatformComponent.getMBeans(Ljava/lang/Class;)Ljava/util/List; @ 31 c2
Event: 10038.343 Thread 0x0000016b109cd800 DEOPT PACKING pc=0x0000016b084d5554 sp=0x00000063c11fdee0
Event: 10038.343 Thread 0x0000016b109cd800 DEOPT UNPACKING pc=0x0000016b000085af sp=0x00000063c11fdeb8 mode 2
Event: 10038.359 Thread 0x0000016b109cd800 Uncommon trap: trap_request=0xffffff4d fr.pc=0x0000016b07c0ccf8 relative=0x0000000000000058
Event: 10038.359 Thread 0x0000016b109cd800 Uncommon trap: reason=unstable_if action=reinterpret pc=0x0000016b07c0ccf8 method=java.util.Objects.equals(Ljava/lang/Object;Ljava/lang/Object;)Z @ 6 c2
Event: 10038.359 Thread 0x0000016b109cd800 DEOPT PACKING pc=0x0000016b07c0ccf8 sp=0x00000063c11fcf60
Event: 10038.359 Thread 0x0000016b109cd800 DEOPT UNPACKING pc=0x0000016b000085af sp=0x00000063c11fcf00 mode 2
Event: 10041.567 Thread 0x0000016b7dafb800 Uncommon trap: trap_request=0xffffffde fr.pc=0x0000016b0888e2d0 relative=0x0000000000000210
Event: 10041.567 Thread 0x0000016b7dafb800 Uncommon trap: reason=class_check action=maybe_recompile pc=0x0000016b0888e2d0 method=com.google.common.base.Suppliers$NonSerializableMemoizingSupplier.<init>(Lcom/google/common/base/Supplier;)V @ 9 c2
Event: 10041.567 Thread 0x0000016b7dafb800 DEOPT PACKING pc=0x0000016b0888e2d0 sp=0x00000063c09fa790
Event: 10041.567 Thread 0x0000016b7dafb800 DEOPT UNPACKING pc=0x0000016b000085af sp=0x00000063c09fa6d8 mode 2
Event: 10041.568 Thread 0x0000016b7dafb800 Uncommon trap: trap_request=0xffffffde fr.pc=0x0000016b0888e2d0 relative=0x0000000000000210
Event: 10041.568 Thread 0x0000016b7dafb800 Uncommon trap: reason=class_check action=maybe_recompile pc=0x0000016b0888e2d0 method=com.google.common.base.Suppliers$NonSerializableMemoizingSupplier.<init>(Lcom/google/common/base/Supplier;)V @ 9 c2
Event: 10041.568 Thread 0x0000016b7dafb800 DEOPT PACKING pc=0x0000016b0888e2d0 sp=0x00000063c09fa790
Event: 10041.568 Thread 0x0000016b7dafb800 DEOPT UNPACKING pc=0x0000016b000085af sp=0x00000063c09fa6d8 mode 2

Classes redefined (0 events):
No events

Internal exceptions (20 events):
Event: 10038.334 Thread 0x0000016b7dafb800 Exception <a 'java/lang/NoSuchMethodError'{0x000000008972a170}: <clinit>> (0x000000008972a170) thrown at [./src/hotspot/share/prims/jni.cpp, line 1365]
Event: 10038.335 Thread 0x0000016b7dafb800 Exception <a 'java/lang/NoSuchMethodError'{0x00000000897470d0}: <clinit>> (0x00000000897470d0) thrown at [./src/hotspot/share/prims/jni.cpp, line 1365]
Event: 10038.336 Thread 0x0000016b7dafb800 Exception <a 'java/lang/NoSuchMethodError'{0x0000000089748948}: <clinit>> (0x0000000089748948) thrown at [./src/hotspot/share/prims/jni.cpp, line 1365]
Event: 10038.338 Thread 0x0000016b7dafb800 Exception <a 'java/lang/NoSuchMethodError'{0x0000000089783030}: <clinit>> (0x0000000089783030) thrown at [./src/hotspot/share/prims/jni.cpp, line 1365]
Event: 10038.361 Thread 0x0000016b109cd800 Exception <a 'java/lang/NoSuchMethodError'{0x000000008965dc20}: <clinit>> (0x000000008965dc20) thrown at [./src/hotspot/share/prims/jni.cpp, line 1365]
Event: 10038.361 Thread 0x0000016b109cd800 Exception <a 'java/lang/NoSuchMethodError'{0x0000000089669c90}: <clinit>> (0x0000000089669c90) thrown at [./src/hotspot/share/prims/jni.cpp, line 1365]
Event: 10038.365 Thread 0x0000016b109cd800 Exception <a 'java/lang/NoSuchMethodError'{0x0000000089671cc8}: <clinit>> (0x0000000089671cc8) thrown at [./src/hotspot/share/prims/jni.cpp, line 1365]
Event: 10038.366 Thread 0x0000016b109cd800 Exception <a 'java/lang/NoSuchMethodError'{0x0000000089694a60}: <clinit>> (0x0000000089694a60) thrown at [./src/hotspot/share/prims/jni.cpp, line 1365]
Event: 10038.368 Thread 0x0000016b109d0800 Exception <a 'java/lang/InterruptedException'{0x000000008969cd80}> (0x000000008969cd80) thrown at [./src/hotspot/share/runtime/objectMonitor.cpp, line 1635]
Event: 10038.380 Thread 0x0000016b109cd800 Exception <a 'java/lang/NoSuchMethodError'{0x00000000896a9668}: <clinit>> (0x00000000896a9668) thrown at [./src/hotspot/share/prims/jni.cpp, line 1365]
Event: 10038.381 Thread 0x0000016b109cd800 Exception <a 'java/lang/NoSuchMethodError'{0x00000000896b54d8}: <clinit>> (0x00000000896b54d8) thrown at [./src/hotspot/share/prims/jni.cpp, line 1365]
Event: 10038.381 Thread 0x0000016b109cd800 Exception <a 'java/lang/NoSuchMethodError'{0x00000000896c2590}: <clinit>> (0x00000000896c2590) thrown at [./src/hotspot/share/prims/jni.cpp, line 1365]
Event: 10038.385 Thread 0x0000016b109cd800 Exception <a 'java/lang/NoSuchMethodError'{0x00000000896d3908}: <clinit>> (0x00000000896d3908) thrown at [./src/hotspot/share/prims/jni.cpp, line 1365]
Event: 10038.388 Thread 0x0000016b109cd800 Exception <a 'java/lang/NoSuchMethodError'{0x00000000895480f0}: <clinit>> (0x00000000895480f0) thrown at [./src/hotspot/share/prims/jni.cpp, line 1365]
Event: 10041.549 Thread 0x0000016b15627000 Exception <a 'java/lang/NoSuchMethodError'{0x000000008dbc8948}: <clinit>> (0x000000008dbc8948) thrown at [./src/hotspot/share/prims/jni.cpp, line 1365]
Event: 10041.571 Thread 0x0000016b7dafb800 Exception <a 'java/lang/NoSuchMethodError'{0x000000008d802798}: <clinit>> (0x000000008d802798) thrown at [./src/hotspot/share/prims/jni.cpp, line 1365]
Event: 10041.584 Thread 0x0000016b109cd800 Exception <a 'sun/nio/fs/WindowsException'{0x000000008d8bfb68}> (0x000000008d8bfb68) thrown at [./src/hotspot/share/prims/jni.cpp, line 615]
Event: 10041.592 Thread 0x0000016b141ea000 Exception <a 'sun/nio/fs/WindowsException'{0x000000008d505a90}> (0x000000008d505a90) thrown at [./src/hotspot/share/prims/jni.cpp, line 615]
Event: 10041.718 Thread 0x0000016b141ea000 Exception <a 'sun/nio/fs/WindowsException'{0x000000008ceda3e0}> (0x000000008ceda3e0) thrown at [./src/hotspot/share/prims/jni.cpp, line 615]
Event: 10041.718 Thread 0x0000016b109cd800 Exception <a 'sun/nio/fs/WindowsException'{0x000000008ce79020}> (0x000000008ce79020) thrown at [./src/hotspot/share/prims/jni.cpp, line 615]

Events (20 events):
Event: 10041.577 Executing VM operation: RevokeBias done
Event: 10041.582 Thread 0x0000016b18ae2800 Thread added: 0x0000016b18ae2800
Event: 10041.583 Thread 0x0000016b18ae1000 Thread added: 0x0000016b18ae1000
Event: 10041.583 Thread 0x0000016b18ade800 Thread added: 0x0000016b18ade800
Event: 10041.587 Thread 0x0000016b18add000 Thread added: 0x0000016b18add000
Event: 10041.590 Executing VM operation: RevokeBias
Event: 10041.591 Executing VM operation: RevokeBias done
Event: 10041.601 Executing VM operation: RevokeBias
Event: 10041.602 Executing VM operation: RevokeBias done
Event: 10041.626 Executing VM operation: ICBufferFull
Event: 10041.627 Executing VM operation: ICBufferFull done
Event: 10041.629 loading class com/android/tools/r8/internal/Wh
Event: 10041.629 loading class com/android/tools/r8/internal/Wh done
Event: 10041.637 Executing VM operation: CGC_Operation
Event: 10041.659 Executing VM operation: CGC_Operation done
Event: 10041.670 Executing VM operation: ICBufferFull
Event: 10041.671 Executing VM operation: ICBufferFull done
Event: 10041.709 Executing VM operation: CGC_Operation
Event: 10041.710 Executing VM operation: CGC_Operation done
Event: 10041.720 Executing VM operation: BulkRevokeBias


Dynamic libraries:
0x00007ff696e30000 - 0x00007ff696e3a000 	C:\Program Files\Android\Android Studio\jre\bin\java.exe
0x00007ffc111a0000 - 0x00007ffc113a9000 	C:\WINDOWS\SYSTEM32\ntdll.dll
0x00007ffc0f1f0000 - 0x00007ffc0f2ad000 	C:\WINDOWS\System32\KERNEL32.DLL
0x00007ffc0eb60000 - 0x00007ffc0eedd000 	C:\WINDOWS\System32\KERNELBASE.dll
0x00007ffc0e7b0000 - 0x00007ffc0e8c1000 	C:\WINDOWS\System32\ucrtbase.dll
0x00007ffc03260000 - 0x00007ffc03279000 	C:\Program Files\Android\Android Studio\jre\bin\jli.dll
0x00007ffc03240000 - 0x00007ffc03257000 	C:\Program Files\Android\Android Studio\jre\bin\VCRUNTIME140.dll
0x00007ffc0f990000 - 0x00007ffc0fb3d000 	C:\WINDOWS\System32\USER32.dll
0x00007ffc0ef60000 - 0x00007ffc0ef86000 	C:\WINDOWS\System32\win32u.dll
0x00007ffbf5d10000 - 0x00007ffbf5fb5000 	C:\WINDOWS\WinSxS\amd64_microsoft.windows.common-controls_6595b64144ccf1df_6.0.22000.120_none_9d947278b86cc467\COMCTL32.dll
0x00007ffc10ae0000 - 0x00007ffc10b09000 	C:\WINDOWS\System32\GDI32.dll
0x00007ffc10250000 - 0x00007ffc102f3000 	C:\WINDOWS\System32\msvcrt.dll
0x00007ffc0e8d0000 - 0x00007ffc0e9e8000 	C:\WINDOWS\System32\gdi32full.dll
0x00007ffc0ef90000 - 0x00007ffc0f02d000 	C:\WINDOWS\System32\msvcp_win.dll
0x00007ffc0f4a0000 - 0x00007ffc0f4d1000 	C:\WINDOWS\System32\IMM32.DLL
0x00007ffbdfae0000 - 0x00007ffbdfb7d000 	C:\Program Files\Android\Android Studio\jre\bin\msvcp140.dll
0x00007ffb642d0000 - 0x00007ffb64db5000 	C:\Program Files\Android\Android Studio\jre\bin\server\jvm.dll
0x00007ffc0fb40000 - 0x00007ffc0fbee000 	C:\WINDOWS\System32\ADVAPI32.dll
0x00007ffc0f890000 - 0x00007ffc0f92e000 	C:\WINDOWS\System32\sechost.dll
0x00007ffc0fd90000 - 0x00007ffc0feb0000 	C:\WINDOWS\System32\RPCRT4.dll
0x00007ffc0f2b0000 - 0x00007ffc0f2b8000 	C:\WINDOWS\System32\PSAPI.DLL
0x00007ffc04e40000 - 0x00007ffc04e73000 	C:\WINDOWS\SYSTEM32\WINMM.dll
0x00007ffc05320000 - 0x00007ffc0532a000 	C:\WINDOWS\SYSTEM32\VERSION.dll
0x00007ffbe88b0000 - 0x00007ffbe88b9000 	C:\WINDOWS\SYSTEM32\WSOCK32.dll
0x00007ffc0fbf0000 - 0x00007ffc0fc5f000 	C:\WINDOWS\System32\WS2_32.dll
0x00007ffc0d870000 - 0x00007ffc0d888000 	C:\WINDOWS\SYSTEM32\kernel.appcore.dll
0x00007ffc0ad60000 - 0x00007ffc0ad71000 	C:\Program Files\Android\Android Studio\jre\bin\verify.dll
0x00007ffc0bfe0000 - 0x00007ffc0c201000 	C:\WINDOWS\SYSTEM32\DBGHELP.DLL
0x00007ffbf18f0000 - 0x00007ffbf1921000 	C:\WINDOWS\SYSTEM32\dbgcore.DLL
0x00007ffc0eee0000 - 0x00007ffc0ef5f000 	C:\WINDOWS\System32\bcryptPrimitives.dll
0x00007ffbf56f0000 - 0x00007ffbf5719000 	C:\Program Files\Android\Android Studio\jre\bin\java.dll
0x00007ffbfdc30000 - 0x00007ffbfdc3b000 	C:\Program Files\Android\Android Studio\jre\bin\jimage.dll
0x00007ffbf5bc0000 - 0x00007ffbf5bd8000 	C:\Program Files\Android\Android Studio\jre\bin\zip.dll
0x00007ffc10300000 - 0x00007ffc10ab8000 	C:\WINDOWS\System32\SHELL32.dll
0x00007ffc0c7f0000 - 0x00007ffc0d058000 	C:\WINDOWS\SYSTEM32\windows.storage.dll
0x00007ffc0f4e0000 - 0x00007ffc0f859000 	C:\WINDOWS\System32\combase.dll
0x00007ffc0c680000 - 0x00007ffc0c7e6000 	C:\WINDOWS\SYSTEM32\wintypes.dll
0x00007ffc10f80000 - 0x00007ffc1106a000 	C:\WINDOWS\System32\SHCORE.dll
0x00007ffc11100000 - 0x00007ffc1115d000 	C:\WINDOWS\System32\shlwapi.dll
0x00007ffc0e5b0000 - 0x00007ffc0e5d1000 	C:\WINDOWS\SYSTEM32\profapi.dll
0x00007ffbf56c0000 - 0x00007ffbf56da000 	C:\Program Files\Android\Android Studio\jre\bin\net.dll
0x00007ffc05e00000 - 0x00007ffc05f0c000 	C:\WINDOWS\SYSTEM32\WINHTTP.dll
0x00007ffc0dca0000 - 0x00007ffc0dd07000 	C:\WINDOWS\system32\mswsock.dll
0x00007ffbea020000 - 0x00007ffbea034000 	C:\Program Files\Android\Android Studio\jre\bin\nio.dll
0x00007ffbe22c0000 - 0x00007ffbe22e7000 	C:\Users\UMESH\.gradle\native\e1d6ef7f7dcc3fd88c89a11ec53ec762bb8ba0a96d01ffa2cd45eb1d1d8dd5c5\windows-amd64\native-platform.dll
0x00007ffbd2270000 - 0x00007ffbd23b4000 	C:\Users\UMESH\.gradle\native\5664cfc778a61ccfe75a443a1ab52a65af34e5dc3c78e0209fed803814484fcb\windows-amd64\native-platform-file-events.dll
0x00007ffbf56b0000 - 0x00007ffbf56ba000 	C:\Program Files\Android\Android Studio\jre\bin\management.dll
0x00007ffbf4fd0000 - 0x00007ffbf4fdd000 	C:\Program Files\Android\Android Studio\jre\bin\management_ext.dll
0x00007ffc0dee0000 - 0x00007ffc0def8000 	C:\WINDOWS\SYSTEM32\CRYPTSP.dll
0x00007ffc0d780000 - 0x00007ffc0d7b5000 	C:\WINDOWS\system32\rsaenh.dll
0x00007ffc0dd90000 - 0x00007ffc0ddb9000 	C:\WINDOWS\SYSTEM32\USERENV.dll
0x00007ffc0e060000 - 0x00007ffc0e087000 	C:\WINDOWS\SYSTEM32\bcrypt.dll
0x00007ffc0df00000 - 0x00007ffc0df0c000 	C:\WINDOWS\SYSTEM32\CRYPTBASE.dll
0x00007ffc0d320000 - 0x00007ffc0d34d000 	C:\WINDOWS\SYSTEM32\IPHLPAPI.DLL
0x00007ffc0f880000 - 0x00007ffc0f889000 	C:\WINDOWS\System32\NSI.dll
0x00007ffc05330000 - 0x00007ffc05349000 	C:\WINDOWS\SYSTEM32\dhcpcsvc6.DLL
0x00007ffc053d0000 - 0x00007ffc053ee000 	C:\WINDOWS\SYSTEM32\dhcpcsvc.DLL
0x00007ffc0d350000 - 0x00007ffc0d438000 	C:\WINDOWS\SYSTEM32\DNSAPI.dll
0x00007ffbea690000 - 0x00007ffbea6ae000 	C:\Users\UMESH\AppData\Local\Temp\native-platform14047875026507479359dir\native-platform.dll
0x00007ffbf48b0000 - 0x00007ffbf48b8000 	C:\Program Files\Android\Android Studio\jre\bin\rmi.dll
0x00007ffbe88c0000 - 0x00007ffbe88e7000 	C:\Program Files\Android\Android Studio\jre\bin\sunec.dll
0x00007ffc0b590000 - 0x00007ffc0b621000 	C:\WINDOWS\system32\apphelp.dll

dbghelp: loaded successfully - version: 4.0.5 - missing functions: none
symbol engine: initialized successfully - sym options: 0x614 - pdb path: .;C:\Program Files\Android\Android Studio\jre\bin;C:\WINDOWS\SYSTEM32;C:\WINDOWS\WinSxS\amd64_microsoft.windows.common-controls_6595b64144ccf1df_6.0.22000.120_none_9d947278b86cc467;C:\Program Files\Android\Android Studio\jre\bin\server;C:\Users\UMESH\.gradle\native\e1d6ef7f7dcc3fd88c89a11ec53ec762bb8ba0a96d01ffa2cd45eb1d1d8dd5c5\windows-amd64;C:\Users\UMESH\.gradle\native\5664cfc778a61ccfe75a443a1ab52a65af34e5dc3c78e0209fed803814484fcb\windows-amd64;C:\Users\UMESH\AppData\Local\Temp\native-platform14047875026507479359dir

VM Arguments:
jvm_args: --add-opens=java.base/java.util=ALL-UNNAMED --add-opens=java.base/java.lang=ALL-UNNAMED --add-opens=java.base/java.lang.invoke=ALL-UNNAMED --add-opens=java.base/java.util=ALL-UNNAMED --add-opens=java.prefs/java.util.prefs=ALL-UNNAMED --add-opens=java.prefs/java.util.prefs=ALL-UNNAMED --add-opens=java.base/java.nio.charset=ALL-UNNAMED --add-opens=java.base/java.net=ALL-UNNAMED --add-opens=java.base/java.util.concurrent.atomic=ALL-UNNAMED -Xmx2048m -Dfile.encoding=UTF-8 -Duser.country=IN -Duser.language=en -Duser.variant 
java_command: org.gradle.launcher.daemon.bootstrap.GradleDaemon 7.3.3
java_class_path (initial): C:\Users\UMESH\.gradle\wrapper\dists\gradle-7.3.3-bin\6a41zxkdtcxs8rphpq6y0069z\gradle-7.3.3\lib\gradle-launcher-7.3.3.jar
Launcher Type: SUN_STANDARD

[Global flags]
     intx CICompilerCount                          = 4                                         {product} {ergonomic}
     uint ConcGCThreads                            = 2                                         {product} {ergonomic}
     uint G1ConcRefinementThreads                  = 8                                         {product} {ergonomic}
   size_t G1HeapRegionSize                         = 1048576                                   {product} {ergonomic}
    uintx GCDrainStackTargetSize                   = 64                                        {product} {ergonomic}
   size_t InitialHeapSize                          = 132120576                                 {product} {ergonomic}
   size_t MarkStackSize                            = 4194304                                   {product} {ergonomic}
   size_t MaxHeapSize                              = 2147483648                                {product} {command line}
   size_t MaxNewSize                               = 1287651328                                {product} {ergonomic}
   size_t MinHeapDeltaBytes                        = 1048576                                   {product} {ergonomic}
    uintx NonNMethodCodeHeapSize                   = 5836300                                {pd product} {ergonomic}
    uintx NonProfiledCodeHeapSize                  = 122910970                              {pd product} {ergonomic}
    uintx ProfiledCodeHeapSize                     = 122910970                              {pd product} {ergonomic}
    uintx ReservedCodeCacheSize                    = 251658240                              {pd product} {ergonomic}
     bool SegmentedCodeCache                       = true                                      {product} {ergonomic}
     bool UseCompressedClassPointers               = true                                 {lp64_product} {ergonomic}
     bool UseCompressedOops                        = true                                 {lp64_product} {ergonomic}
     bool UseG1GC                                  = true                                      {product} {ergonomic}
     bool UseLargePagesIndividualAllocation        = false                                  {pd product} {ergonomic}

Logging:
Log output configuration:
 #0: stdout all=warning uptime,level,tags
 #1: stderr all=off uptime,level,tags

Environment Variables:
PATH=C:\Program Files\Common Files\Oracle\Java\javapath;C:\WINDOWS\system32;C:\WINDOWS;C:\WINDOWS\System32\Wbem;C:\WINDOWS\System32\WindowsPowerShell\v1.0\;C:\WINDOWS\System32\OpenSSH\;C:\Program Files\Git\cmd;C:\Users\UMESH\AppData\Local\Microsoft\WindowsApps;C:\Program Files\JetBrains\IntelliJ IDEA Community Edition 2021.3.1\bin;C:\msys64\mingw64\bin;C:\kotlinc\bin;;C:\Users\UMESH\AppData\Local\Programs\Microsoft VS Code\bin;C:\kotlinc\bin;
USERNAME=UMESH
OS=Windows_NT
PROCESSOR_IDENTIFIER=Intel64 Family 6 Model 140 Stepping 1, GenuineIntel



---------------  S Y S T E M  ---------------

OS: Windows 10 , 64 bit Build 22000 (10.0.22000.708)
OS uptime: 0 days 21:30 hours

CPU:total 8 (initial active 8) (4 cores per cpu, 2 threads per core) family 6 model 140 stepping 1 microcode 0x86, cmov, cx8, fxsr, mmx, sse, sse2, sse3, ssse3, sse4.1, sse4.2, popcnt, avx, avx2, aes, clmul, erms, 3dnowpref, lzcnt, ht, tsc, tscinvbit, bmi1, bmi2, adx, evex, sha, fma

Memory: 4k page, system-wide physical 7975M (418M free)
TotalPageFile size 12071M (AvailPageFile size 0M)
current process WorkingSet (physical memory assigned to process): 484M, peak: 576M
current process commit charge ("private bytes"): 610M, peak: 623M

vm_info: OpenJDK 64-Bit Server VM (11.0.12+7-b1504.28-7817840) for windows-amd64 JRE (11.0.12+7-b1504.28-7817840), built on Oct 13 2021 22:12:33 by "builder" with MS VC++ 14.0 (VS2015)

END.
