#
# There is insufficient memory for the Java Runtime Environment to continue.
# Native memory allocation (malloc) failed to allocate 1939856 bytes for Chunk::new
# Possible reasons:
#   The system is out of physical RAM or swap space
#   The process is running with CompressedOops enabled, and the Java Heap may be blocking the growth of the native heap
# Possible solutions:
#   Reduce memory load on the system
#   Increase physical memory or swap space
#   Check if swap backing store is full
#   Decrease Java heap size (-Xmx/-Xms)
#   Decrease number of Java threads
#   Decrease Java thread stack sizes (-Xss)
#   Set larger code cache with -XX:ReservedCodeCacheSize=
#   JVM is running with Unscaled Compressed Oops mode in which the Java heap is
#     placed in the first 4GB address space. The Java Heap base address is the
#     maximum limit for the native heap growth. Please use -XX:HeapBaseMinAddress
#     to set the Java Heap base and to place the Java Heap above 4GB virtual address.
# This output file may be truncated or incomplete.
#
#  Out of Memory Error (./src/hotspot/share/memory/arena.cpp:197), pid=10396, tid=18828
#
# JRE version: OpenJDK Runtime Environment (11.0.12+7) (build 11.0.12+7-b1504.28-7817840)
# Java VM: OpenJDK 64-Bit Server VM (11.0.12+7-b1504.28-7817840, mixed mode, tiered, compressed oops, g1 gc, windows-amd64)
# No core dump will be written. Minidumps are not enabled by default on client versions of Windows
#

---------------  S U M M A R Y ------------

Command Line: org.jetbrains.kotlin.cli.jvm.K2JVMCompiler @C:\Users\UMESH\AndroidStudioProjects\Uchat\app\build\20220718_3892659920438903961.compiler.options

Host: 11th Gen Intel(R) Core(TM) i5-11300H @ 3.10GHz, 8 cores, 7G,  Windows 10 , 64 bit Build 22000 (10.0.22000.708)
Time: Mon Jul 18 11:32:24 2022 India Standard Time elapsed time: 2.050412 seconds (0d 0h 0m 2s)

---------------  T H R E A D  ---------------

Current thread (0x00000214f2abf000):  JavaThread "C2 CompilerThread0" daemon [_thread_in_native, id=18828, stack(0x000000bab3000000,0x000000bab3100000)]


Current CompileTask:
C2:   2050 2184       4       org.jetbrains.kotlin.com.intellij.openapi.vfs.impl.ZipHandlerBase::getOrCreate (305 bytes)

Stack: [0x000000bab3000000,0x000000bab3100000]
Native frames: (J=compiled Java code, j=interpreted, Vv=VM code, C=native code)
V  [jvm.dll+0x5fbcea]
V  [jvm.dll+0x731905]
V  [jvm.dll+0x732f1d]
V  [jvm.dll+0x7335d3]
V  [jvm.dll+0x247bf8]
V  [jvm.dll+0xc018c]
V  [jvm.dll+0xc06cc]
V  [jvm.dll+0x35b2db]
V  [jvm.dll+0x19d0bc]
V  [jvm.dll+0x20070e]
V  [jvm.dll+0x1ff794]
V  [jvm.dll+0x18868c]
V  [jvm.dll+0x20e0d7]
V  [jvm.dll+0x20c901]
V  [jvm.dll+0x6f9b7f]
V  [jvm.dll+0x6f26a5]
V  [jvm.dll+0x5fabf6]
C  [ucrtbase.dll+0x26c0c]
C  [KERNEL32.DLL+0x154e0]
C  [ntdll.dll+0x485b]


---------------  P R O C E S S  ---------------

Threads class SMR info:
_java_thread_list=0x00000214f65726d0, length=11, elements={
0x00000214d5e0e000, 0x00000214f2139000, 0x00000214f213a800, 0x00000214f2aba800,
0x00000214f2abb800, 0x00000214f2abd000, 0x00000214f2abf000, 0x00000214f2ac3800,
0x00000214f2156000, 0x00000214f2c26800, 0x00000214f49f5000
}

Java Threads: ( => current thread )
  0x00000214d5e0e000 JavaThread "main" [_thread_in_vm, id=17876, stack(0x000000bab2400000,0x000000bab2500000)]
  0x00000214f2139000 JavaThread "Reference Handler" daemon [_thread_blocked, id=16284, stack(0x000000bab2b00000,0x000000bab2c00000)]
  0x00000214f213a800 JavaThread "Finalizer" daemon [_thread_blocked, id=18560, stack(0x000000bab2c00000,0x000000bab2d00000)]
  0x00000214f2aba800 JavaThread "Signal Dispatcher" daemon [_thread_blocked, id=14848, stack(0x000000bab2d00000,0x000000bab2e00000)]
  0x00000214f2abb800 JavaThread "Attach Listener" daemon [_thread_blocked, id=18948, stack(0x000000bab2e00000,0x000000bab2f00000)]
  0x00000214f2abd000 JavaThread "Service Thread" daemon [_thread_blocked, id=15348, stack(0x000000bab2f00000,0x000000bab3000000)]
=>0x00000214f2abf000 JavaThread "C2 CompilerThread0" daemon [_thread_in_native, id=18828, stack(0x000000bab3000000,0x000000bab3100000)]
  0x00000214f2ac3800 JavaThread "C1 CompilerThread0" daemon [_thread_blocked, id=16000, stack(0x000000bab3100000,0x000000bab3200000)]
  0x00000214f2156000 JavaThread "Sweeper thread" daemon [_thread_blocked, id=16920, stack(0x000000bab3200000,0x000000bab3300000)]
  0x00000214f2c26800 JavaThread "Common-Cleaner" daemon [_thread_blocked, id=6956, stack(0x000000bab3400000,0x000000bab3500000)]
  0x00000214f49f5000 JavaThread "C2 CompilerThread1" daemon [_thread_blocked, id=8436, stack(0x000000bab3800000,0x000000bab3900000)]

Other Threads:
  0x00000214f2136800 VMThread "VM Thread" [stack: 0x000000bab2a00000,0x000000bab2b00000] [id=12168]
  0x00000214f2c22800 WatcherThread [stack: 0x000000bab3300000,0x000000bab3400000] [id=8848]
  0x00000214d7e94800 GCTaskThread "GC Thread#0" [stack: 0x000000bab2500000,0x000000bab2600000] [id=8760]
  0x00000214f316f000 GCTaskThread "GC Thread#1" [stack: 0x000000bab3500000,0x000000bab3600000] [id=19040]
  0x00000214f32b0000 GCTaskThread "GC Thread#2" [stack: 0x000000bab3600000,0x000000bab3700000] [id=14232]
  0x00000214d7ec3800 ConcurrentGCThread "G1 Main Marker" [stack: 0x000000bab2600000,0x000000bab2700000] [id=5260]
  0x00000214d7ec5000 ConcurrentGCThread "G1 Conc#0" [stack: 0x000000bab2700000,0x000000bab2800000] [id=11068]
  0x00000214f4367000 ConcurrentGCThread "G1 Conc#1" [stack: 0x000000bab3700000,0x000000bab3800000] [id=18660]
  0x00000214f1f80800 ConcurrentGCThread "G1 Refine#0" [stack: 0x000000bab2800000,0x000000bab2900000] [id=7696]
  0x00000214f7699000 ConcurrentGCThread "G1 Refine#1" [stack: 0x000000bab3900000,0x000000bab3a00000] [id=17412]
  0x00000214f47ce000 ConcurrentGCThread "G1 Refine#2" [stack: 0x000000bab3a00000,0x000000bab3b00000] [id=2912]
  0x00000214f1f81000 ConcurrentGCThread "G1 Young RemSet Sampling" [stack: 0x000000bab2900000,0x000000bab2a00000] [id=16760]

Threads with active compile tasks:
C2 CompilerThread0   2062 2184       4       org.jetbrains.kotlin.com.intellij.openapi.vfs.impl.ZipHandlerBase::getOrCreate (305 bytes)

VM state:not at safepoint (normal execution)

VM Mutex/Monitor currently owned by a thread: None

Heap address: 0x0000000083600000, size: 1994 MB, Compressed Oops mode: 32-bit
Narrow klass base: 0x0000000000000000, Narrow klass shift: 3
Compressed class space size: 1073741824 Address: 0x0000000100000000

Heap:
 garbage-first heap   total 129024K, used 30185K [0x0000000083600000, 0x0000000100000000)
  region size 1024K, 17 young (17408K), 7 survivors (7168K)
 Metaspace       used 33879K, capacity 34314K, committed 34480K, reserved 1079296K
  class space    used 4240K, capacity 4435K, committed 4528K, reserved 1048576K
Heap Regions: E=young(eden), S=young(survivor), O=old, HS=humongous(starts), HC=humongous(continues), CS=collection set, F=free, A=archive, TAMS=top-at-mark-start (previous, next)
|   0|0x0000000083600000, 0x0000000083700000, 0x0000000083700000|100%|HS|  |TAMS 0x0000000083700000, 0x0000000083600000| Complete 
|   1|0x0000000083700000, 0x0000000083800000, 0x0000000083800000|100%|HC|  |TAMS 0x0000000083800000, 0x0000000083700000| Complete 
|   2|0x0000000083800000, 0x0000000083900000, 0x0000000083900000|100%|HC|  |TAMS 0x0000000083900000, 0x0000000083800000| Complete 
|   3|0x0000000083900000, 0x0000000083a00000, 0x0000000083a00000|100%| O|  |TAMS 0x0000000083900000, 0x0000000083900000| Untracked 
|   4|0x0000000083a00000, 0x0000000083b00000, 0x0000000083b00000|100%| O|  |TAMS 0x0000000083a4ca00, 0x0000000083a00000| Untracked 
|   5|0x0000000083b00000, 0x0000000083c00000, 0x0000000083c00000|100%|HS|  |TAMS 0x0000000083b00000, 0x0000000083b00000| Complete 
|   6|0x0000000083c00000, 0x0000000083d00000, 0x0000000083d00000|100%|HC|  |TAMS 0x0000000083c00000, 0x0000000083c00000| Complete 
|   7|0x0000000083d00000, 0x0000000083e00000, 0x0000000083e00000|100%|HC|  |TAMS 0x0000000083d00000, 0x0000000083d00000| Complete 
|   8|0x0000000083e00000, 0x0000000083f00000, 0x0000000083f00000|100%|HS|  |TAMS 0x0000000083e00000, 0x0000000083e00000| Complete 
|   9|0x0000000083f00000, 0x0000000084000000, 0x0000000084000000|100%|HC|  |TAMS 0x0000000083f00000, 0x0000000083f00000| Complete 
|  10|0x0000000084000000, 0x0000000084100000, 0x0000000084100000|100%| O|  |TAMS 0x0000000084000000, 0x0000000084000000| Untracked 
|  11|0x0000000084100000, 0x0000000084200000, 0x0000000084200000|100%| O|  |TAMS 0x0000000084100000, 0x0000000084100000| Untracked 
|  12|0x0000000084200000, 0x0000000084300000, 0x0000000084300000|100%| O|  |TAMS 0x0000000084200000, 0x0000000084200000| Untracked 
|  13|0x0000000084300000, 0x000000008437a400, 0x0000000084400000| 47%| O|  |TAMS 0x0000000084300000, 0x0000000084300000| Untracked 
|  14|0x0000000084400000, 0x0000000084400000, 0x0000000084500000|  0%| F|  |TAMS 0x0000000084400000, 0x0000000084400000| Untracked 
|  15|0x0000000084500000, 0x0000000084500000, 0x0000000084600000|  0%| F|  |TAMS 0x0000000084500000, 0x0000000084500000| Untracked 
|  16|0x0000000084600000, 0x0000000084600000, 0x0000000084700000|  0%| F|  |TAMS 0x0000000084600000, 0x0000000084600000| Untracked 
|  17|0x0000000084700000, 0x0000000084700000, 0x0000000084800000|  0%| F|  |TAMS 0x0000000084700000, 0x0000000084700000| Untracked 
|  18|0x0000000084800000, 0x0000000084800000, 0x0000000084900000|  0%| F|  |TAMS 0x0000000084800000, 0x0000000084800000| Untracked 
|  19|0x0000000084900000, 0x0000000084900000, 0x0000000084a00000|  0%| F|  |TAMS 0x0000000084900000, 0x0000000084900000| Untracked 
|  20|0x0000000084a00000, 0x0000000084a00000, 0x0000000084b00000|  0%| F|  |TAMS 0x0000000084a00000, 0x0000000084a00000| Untracked 
|  21|0x0000000084b00000, 0x0000000084b00000, 0x0000000084c00000|  0%| F|  |TAMS 0x0000000084b00000, 0x0000000084b00000| Untracked 
|  22|0x0000000084c00000, 0x0000000084c00000, 0x0000000084d00000|  0%| F|  |TAMS 0x0000000084c00000, 0x0000000084c00000| Untracked 
|  23|0x0000000084d00000, 0x0000000084d00000, 0x0000000084e00000|  0%| F|  |TAMS 0x0000000084d00000, 0x0000000084d00000| Untracked 
|  24|0x0000000084e00000, 0x0000000084e00000, 0x0000000084f00000|  0%| F|  |TAMS 0x0000000084e00000, 0x0000000084e00000| Untracked 
|  25|0x0000000084f00000, 0x0000000084f00000, 0x0000000085000000|  0%| F|  |TAMS 0x0000000084f00000, 0x0000000084f00000| Untracked 
|  26|0x0000000085000000, 0x0000000085000000, 0x0000000085100000|  0%| F|  |TAMS 0x0000000085000000, 0x0000000085000000| Untracked 
|  27|0x0000000085100000, 0x0000000085100000, 0x0000000085200000|  0%| F|  |TAMS 0x0000000085100000, 0x0000000085100000| Untracked 
|  28|0x0000000085200000, 0x0000000085200000, 0x0000000085300000|  0%| F|  |TAMS 0x0000000085200000, 0x0000000085200000| Untracked 
|  29|0x0000000085300000, 0x0000000085300000, 0x0000000085400000|  0%| F|  |TAMS 0x0000000085300000, 0x0000000085300000| Untracked 
|  30|0x0000000085400000, 0x0000000085400000, 0x0000000085500000|  0%| F|  |TAMS 0x0000000085400000, 0x0000000085400000| Untracked 
|  31|0x0000000085500000, 0x0000000085500000, 0x0000000085600000|  0%| F|  |TAMS 0x0000000085500000, 0x0000000085500000| Untracked 
|  32|0x0000000085600000, 0x0000000085600000, 0x0000000085700000|  0%| F|  |TAMS 0x0000000085600000, 0x0000000085600000| Untracked 
|  33|0x0000000085700000, 0x0000000085700000, 0x0000000085800000|  0%| F|  |TAMS 0x0000000085700000, 0x0000000085700000| Untracked 
|  34|0x0000000085800000, 0x0000000085800000, 0x0000000085900000|  0%| F|  |TAMS 0x0000000085800000, 0x0000000085800000| Untracked 
|  35|0x0000000085900000, 0x0000000085900000, 0x0000000085a00000|  0%| F|  |TAMS 0x0000000085900000, 0x0000000085900000| Untracked 
|  36|0x0000000085a00000, 0x0000000085a00000, 0x0000000085b00000|  0%| F|  |TAMS 0x0000000085a00000, 0x0000000085a00000| Untracked 
|  37|0x0000000085b00000, 0x0000000085b00000, 0x0000000085c00000|  0%| F|  |TAMS 0x0000000085b00000, 0x0000000085b00000| Untracked 
|  38|0x0000000085c00000, 0x0000000085c00000, 0x0000000085d00000|  0%| F|  |TAMS 0x0000000085c00000, 0x0000000085c00000| Untracked 
|  39|0x0000000085d00000, 0x0000000085d00000, 0x0000000085e00000|  0%| F|  |TAMS 0x0000000085d00000, 0x0000000085d00000| Untracked 
|  40|0x0000000085e00000, 0x0000000085e00000, 0x0000000085f00000|  0%| F|  |TAMS 0x0000000085e00000, 0x0000000085e00000| Untracked 
|  41|0x0000000085f00000, 0x0000000085f00000, 0x0000000086000000|  0%| F|  |TAMS 0x0000000085f00000, 0x0000000085f00000| Untracked 
|  42|0x0000000086000000, 0x0000000086000000, 0x0000000086100000|  0%| F|  |TAMS 0x0000000086000000, 0x0000000086000000| Untracked 
|  43|0x0000000086100000, 0x0000000086100000, 0x0000000086200000|  0%| F|  |TAMS 0x0000000086100000, 0x0000000086100000| Untracked 
|  44|0x0000000086200000, 0x0000000086200000, 0x0000000086300000|  0%| F|  |TAMS 0x0000000086200000, 0x0000000086200000| Untracked 
|  45|0x0000000086300000, 0x0000000086300000, 0x0000000086400000|  0%| F|  |TAMS 0x0000000086300000, 0x0000000086300000| Untracked 
|  46|0x0000000086400000, 0x0000000086400000, 0x0000000086500000|  0%| F|  |TAMS 0x0000000086400000, 0x0000000086400000| Untracked 
|  47|0x0000000086500000, 0x0000000086500000, 0x0000000086600000|  0%| F|  |TAMS 0x0000000086500000, 0x0000000086500000| Untracked 
|  48|0x0000000086600000, 0x0000000086600000, 0x0000000086700000|  0%| F|  |TAMS 0x0000000086600000, 0x0000000086600000| Untracked 
|  49|0x0000000086700000, 0x0000000086700000, 0x0000000086800000|  0%| F|  |TAMS 0x0000000086700000, 0x0000000086700000| Untracked 
|  50|0x0000000086800000, 0x0000000086800000, 0x0000000086900000|  0%| F|  |TAMS 0x0000000086800000, 0x0000000086800000| Untracked 
|  51|0x0000000086900000, 0x0000000086900000, 0x0000000086a00000|  0%| F|  |TAMS 0x0000000086900000, 0x0000000086900000| Untracked 
|  52|0x0000000086a00000, 0x0000000086a00000, 0x0000000086b00000|  0%| F|  |TAMS 0x0000000086a00000, 0x0000000086a00000| Untracked 
|  53|0x0000000086b00000, 0x0000000086b00000, 0x0000000086c00000|  0%| F|  |TAMS 0x0000000086b00000, 0x0000000086b00000| Untracked 
|  54|0x0000000086c00000, 0x0000000086c00000, 0x0000000086d00000|  0%| F|  |TAMS 0x0000000086c00000, 0x0000000086c00000| Untracked 
|  55|0x0000000086d00000, 0x0000000086d00000, 0x0000000086e00000|  0%| F|  |TAMS 0x0000000086d00000, 0x0000000086d00000| Untracked 
|  56|0x0000000086e00000, 0x0000000086e00000, 0x0000000086f00000|  0%| F|  |TAMS 0x0000000086e00000, 0x0000000086e00000| Untracked 
|  57|0x0000000086f00000, 0x0000000086f00000, 0x0000000087000000|  0%| F|  |TAMS 0x0000000086f00000, 0x0000000086f00000| Untracked 
|  58|0x0000000087000000, 0x0000000087000000, 0x0000000087100000|  0%| F|  |TAMS 0x0000000087000000, 0x0000000087000000| Untracked 
|  59|0x0000000087100000, 0x0000000087100000, 0x0000000087200000|  0%| F|  |TAMS 0x0000000087100000, 0x0000000087100000| Untracked 
|  60|0x0000000087200000, 0x0000000087200000, 0x0000000087300000|  0%| F|  |TAMS 0x0000000087200000, 0x0000000087200000| Untracked 
|  61|0x0000000087300000, 0x0000000087300000, 0x0000000087400000|  0%| F|  |TAMS 0x0000000087300000, 0x0000000087300000| Untracked 
|  62|0x0000000087400000, 0x0000000087400000, 0x0000000087500000|  0%| F|  |TAMS 0x0000000087400000, 0x0000000087400000| Untracked 
|  63|0x0000000087500000, 0x0000000087500000, 0x0000000087600000|  0%| F|  |TAMS 0x0000000087500000, 0x0000000087500000| Untracked 
|  64|0x0000000087600000, 0x0000000087600000, 0x0000000087700000|  0%| F|  |TAMS 0x0000000087600000, 0x0000000087600000| Untracked 
|  65|0x0000000087700000, 0x0000000087700000, 0x0000000087800000|  0%| F|  |TAMS 0x0000000087700000, 0x0000000087700000| Untracked 
|  66|0x0000000087800000, 0x0000000087900000, 0x0000000087900000|100%| S|CS|TAMS 0x0000000087800000, 0x0000000087800000| Complete 
|  67|0x0000000087900000, 0x0000000087a00000, 0x0000000087a00000|100%| S|CS|TAMS 0x0000000087900000, 0x0000000087900000| Complete 
|  68|0x0000000087a00000, 0x0000000087b00000, 0x0000000087b00000|100%| S|CS|TAMS 0x0000000087a00000, 0x0000000087a00000| Complete 
|  69|0x0000000087b00000, 0x0000000087c00000, 0x0000000087c00000|100%| S|CS|TAMS 0x0000000087b00000, 0x0000000087b00000| Complete 
|  70|0x0000000087c00000, 0x0000000087d00000, 0x0000000087d00000|100%| S|CS|TAMS 0x0000000087c00000, 0x0000000087c00000| Complete 
|  71|0x0000000087d00000, 0x0000000087e00000, 0x0000000087e00000|100%| S|CS|TAMS 0x0000000087d00000, 0x0000000087d00000| Complete 
|  72|0x0000000087e00000, 0x0000000087f00000, 0x0000000087f00000|100%| S|CS|TAMS 0x0000000087e00000, 0x0000000087e00000| Complete 
|  73|0x0000000087f00000, 0x0000000087f00000, 0x0000000088000000|  0%| F|  |TAMS 0x0000000087f00000, 0x0000000087f00000| Untracked 
|  74|0x0000000088000000, 0x0000000088000000, 0x0000000088100000|  0%| F|  |TAMS 0x0000000088000000, 0x0000000088000000| Untracked 
|  75|0x0000000088100000, 0x0000000088100000, 0x0000000088200000|  0%| F|  |TAMS 0x0000000088100000, 0x0000000088100000| Untracked 
|  76|0x0000000088200000, 0x0000000088200000, 0x0000000088300000|  0%| F|  |TAMS 0x0000000088200000, 0x0000000088200000| Untracked 
|  77|0x0000000088300000, 0x0000000088300000, 0x0000000088400000|  0%| F|  |TAMS 0x0000000088300000, 0x0000000088300000| Untracked 
|  78|0x0000000088400000, 0x0000000088400000, 0x0000000088500000|  0%| F|  |TAMS 0x0000000088400000, 0x0000000088400000| Untracked 
|  79|0x0000000088500000, 0x0000000088500000, 0x0000000088600000|  0%| F|  |TAMS 0x0000000088500000, 0x0000000088500000| Untracked 
|  80|0x0000000088600000, 0x0000000088600000, 0x0000000088700000|  0%| F|  |TAMS 0x0000000088600000, 0x0000000088600000| Untracked 
|  81|0x0000000088700000, 0x0000000088700000, 0x0000000088800000|  0%| F|  |TAMS 0x0000000088700000, 0x0000000088700000| Untracked 
|  82|0x0000000088800000, 0x0000000088800000, 0x0000000088900000|  0%| F|  |TAMS 0x0000000088800000, 0x0000000088800000| Untracked 
|  83|0x0000000088900000, 0x0000000088900000, 0x0000000088a00000|  0%| F|  |TAMS 0x0000000088900000, 0x0000000088900000| Untracked 
|  84|0x0000000088a00000, 0x0000000088a00000, 0x0000000088b00000|  0%| F|  |TAMS 0x0000000088a00000, 0x0000000088a00000| Untracked 
|  85|0x0000000088b00000, 0x0000000088b00000, 0x0000000088c00000|  0%| F|  |TAMS 0x0000000088b00000, 0x0000000088b00000| Untracked 
|  86|0x0000000088c00000, 0x0000000088c00000, 0x0000000088d00000|  0%| F|  |TAMS 0x0000000088c00000, 0x0000000088c00000| Untracked 
|  87|0x0000000088d00000, 0x0000000088d00000, 0x0000000088e00000|  0%| F|  |TAMS 0x0000000088d00000, 0x0000000088d00000| Untracked 
|  88|0x0000000088e00000, 0x0000000088e00000, 0x0000000088f00000|  0%| F|  |TAMS 0x0000000088e00000, 0x0000000088e00000| Untracked 
|  89|0x0000000088f00000, 0x0000000088f00000, 0x0000000089000000|  0%| F|  |TAMS 0x0000000088f00000, 0x0000000088f00000| Untracked 
|  90|0x0000000089000000, 0x0000000089000000, 0x0000000089100000|  0%| F|  |TAMS 0x0000000089000000, 0x0000000089000000| Untracked 
|  91|0x0000000089100000, 0x0000000089100000, 0x0000000089200000|  0%| F|  |TAMS 0x0000000089100000, 0x0000000089100000| Untracked 
|  92|0x0000000089200000, 0x0000000089200000, 0x0000000089300000|  0%| F|  |TAMS 0x0000000089200000, 0x0000000089200000| Untracked 
|  93|0x0000000089300000, 0x0000000089300000, 0x0000000089400000|  0%| F|  |TAMS 0x0000000089300000, 0x0000000089300000| Untracked 
|  94|0x0000000089400000, 0x0000000089400000, 0x0000000089500000|  0%| F|  |TAMS 0x0000000089400000, 0x0000000089400000| Untracked 
|  95|0x0000000089500000, 0x0000000089500000, 0x0000000089600000|  0%| F|  |TAMS 0x0000000089500000, 0x0000000089500000| Untracked 
|  96|0x0000000089600000, 0x0000000089600000, 0x0000000089700000|  0%| F|  |TAMS 0x0000000089600000, 0x0000000089600000| Untracked 
|  97|0x0000000089700000, 0x0000000089700000, 0x0000000089800000|  0%| F|  |TAMS 0x0000000089700000, 0x0000000089700000| Untracked 
|  98|0x0000000089800000, 0x0000000089800000, 0x0000000089900000|  0%| F|  |TAMS 0x0000000089800000, 0x0000000089800000| Untracked 
|  99|0x0000000089900000, 0x0000000089900000, 0x0000000089a00000|  0%| F|  |TAMS 0x0000000089900000, 0x0000000089900000| Untracked 
| 100|0x0000000089a00000, 0x0000000089a00000, 0x0000000089b00000|  0%| F|  |TAMS 0x0000000089a00000, 0x0000000089a00000| Untracked 
| 101|0x0000000089b00000, 0x0000000089b00000, 0x0000000089c00000|  0%| F|  |TAMS 0x0000000089b00000, 0x0000000089b00000| Untracked 
| 102|0x0000000089c00000, 0x0000000089c00000, 0x0000000089d00000|  0%| F|  |TAMS 0x0000000089c00000, 0x0000000089c00000| Untracked 
| 103|0x0000000089d00000, 0x0000000089d00000, 0x0000000089e00000|  0%| F|  |TAMS 0x0000000089d00000, 0x0000000089d00000| Untracked 
| 104|0x0000000089e00000, 0x0000000089e00000, 0x0000000089f00000|  0%| F|  |TAMS 0x0000000089e00000, 0x0000000089e00000| Untracked 
| 105|0x0000000089f00000, 0x0000000089f00000, 0x000000008a000000|  0%| F|  |TAMS 0x0000000089f00000, 0x0000000089f00000| Untracked 
| 106|0x000000008a000000, 0x000000008a000000, 0x000000008a100000|  0%| F|  |TAMS 0x000000008a000000, 0x000000008a000000| Untracked 
| 107|0x000000008a100000, 0x000000008a100000, 0x000000008a200000|  0%| F|  |TAMS 0x000000008a100000, 0x000000008a100000| Untracked 
| 108|0x000000008a200000, 0x000000008a200000, 0x000000008a300000|  0%| F|  |TAMS 0x000000008a200000, 0x000000008a200000| Untracked 
| 109|0x000000008a300000, 0x000000008a300000, 0x000000008a400000|  0%| F|  |TAMS 0x000000008a300000, 0x000000008a300000| Untracked 
| 110|0x000000008a400000, 0x000000008a400000, 0x000000008a500000|  0%| F|  |TAMS 0x000000008a400000, 0x000000008a400000| Untracked 
| 111|0x000000008a500000, 0x000000008a500000, 0x000000008a600000|  0%| F|  |TAMS 0x000000008a500000, 0x000000008a500000| Untracked 
| 112|0x000000008a600000, 0x000000008a600000, 0x000000008a700000|  0%| F|  |TAMS 0x000000008a600000, 0x000000008a600000| Untracked 
| 113|0x000000008a700000, 0x000000008a700000, 0x000000008a800000|  0%| F|  |TAMS 0x000000008a700000, 0x000000008a700000| Untracked 
| 114|0x000000008a800000, 0x000000008a800000, 0x000000008a900000|  0%| F|  |TAMS 0x000000008a800000, 0x000000008a800000| Untracked 
| 115|0x000000008a900000, 0x000000008a900000, 0x000000008aa00000|  0%| F|  |TAMS 0x000000008a900000, 0x000000008a900000| Untracked 
| 116|0x000000008aa00000, 0x000000008aa89420, 0x000000008ab00000| 53%| E|  |TAMS 0x000000008aa00000, 0x000000008aa00000| Complete 
| 117|0x000000008ab00000, 0x000000008ac00000, 0x000000008ac00000|100%| E|CS|TAMS 0x000000008ab00000, 0x000000008ab00000| Complete 
| 118|0x000000008ac00000, 0x000000008ad00000, 0x000000008ad00000|100%| E|CS|TAMS 0x000000008ac00000, 0x000000008ac00000| Complete 
| 119|0x000000008ad00000, 0x000000008ae00000, 0x000000008ae00000|100%| E|CS|TAMS 0x000000008ad00000, 0x000000008ad00000| Complete 
| 120|0x000000008ae00000, 0x000000008af00000, 0x000000008af00000|100%| E|CS|TAMS 0x000000008ae00000, 0x000000008ae00000| Complete 
| 121|0x000000008af00000, 0x000000008b000000, 0x000000008b000000|100%| E|CS|TAMS 0x000000008af00000, 0x000000008af00000| Complete 
| 122|0x000000008b000000, 0x000000008b100000, 0x000000008b100000|100%| E|CS|TAMS 0x000000008b000000, 0x000000008b000000| Complete 
| 123|0x000000008b100000, 0x000000008b200000, 0x000000008b200000|100%| E|CS|TAMS 0x000000008b100000, 0x000000008b100000| Complete 
| 124|0x000000008b200000, 0x000000008b300000, 0x000000008b300000|100%| E|CS|TAMS 0x000000008b200000, 0x000000008b200000| Complete 
| 125|0x000000008b300000, 0x000000008b400000, 0x000000008b400000|100%| E|CS|TAMS 0x000000008b300000, 0x000000008b300000| Complete 

Card table byte_map: [0x00000214eb0b0000,0x00000214eb4a0000] _byte_map_base: 0x00000214eac95000

Marking Bits (Prev, Next): (CMBitMap*) 0x00000214d7ebac30, (CMBitMap*) 0x00000214d7ebabf8
 Prev Bits: [0x00000214ed7c0000, 0x00000214ef6e8000)
 Next Bits: [0x00000214eb890000, 0x00000214ed7b8000)

Polling page: 0x00000214d7660000

Metaspace:

Usage:
  Non-class:     29.24 MB capacity,    29.00 MB (>99%) used,   200.25 KB ( <1%) free+waste,    49.88 KB ( <1%) overhead. 
      Class:      4.33 MB capacity,     4.14 MB ( 96%) used,   169.49 KB (  4%) free+waste,    23.88 KB ( <1%) overhead. 
       Both:     33.57 MB capacity,    33.14 MB ( 99%) used,   369.74 KB (  1%) free+waste,    73.75 KB ( <1%) overhead. 

Virtual space:
  Non-class space:       30.00 MB reserved,      29.25 MB ( 98%) committed 
      Class space:        1.00 GB reserved,       4.42 MB ( <1%) committed 
             Both:        1.03 GB reserved,      33.67 MB (  3%) committed 

Chunk freelists:
   Non-Class:  9.00 KB
       Class:  13.00 KB
        Both:  22.00 KB

MaxMetaspaceSize: 17179869184.00 GB
CompressedClassSpaceSize: 1.00 GB
Initial GC threshold: 20.80 MB
Current GC threshold: 35.08 MB
CDS: off

CodeHeap 'non-profiled nmethods': size=120000Kb used=877Kb max_used=877Kb free=119123Kb
 bounds [0x00000214e3460000, 0x00000214e36d0000, 0x00000214ea990000]
CodeHeap 'profiled nmethods': size=120000Kb used=4227Kb max_used=4227Kb free=115772Kb
 bounds [0x00000214dbf30000, 0x00000214dc360000, 0x00000214e3460000]
CodeHeap 'non-nmethods': size=5760Kb used=1263Kb max_used=1307Kb free=4497Kb
 bounds [0x00000214db990000, 0x00000214dbc00000, 0x00000214dbf30000]
 total_blobs=2755 nmethods=2231 adapters=436
 compilation: enabled
              stopped_count=0, restarted_count=0
 full_count=0

Compilation events (20 events):
Event: 1.978 Thread 0x00000214f49f5000 nmethod 2231 0x00000214e3536d10 code [0x00000214e3536ec0, 0x00000214e3537398]
Event: 1.978 Thread 0x00000214f49f5000 2229       4       java.util.jar.JarFile::getEntry (22 bytes)
Event: 1.979 Thread 0x00000214f2ac3800 2238       3       kotlin.reflect.jvm.internal.pcollections.IntTree::plus (111 bytes)
Event: 1.979 Thread 0x00000214f2ac3800 nmethod 2238 0x00000214dc348910 code [0x00000214dc348b40, 0x00000214dc3491d8]
Event: 1.980 Thread 0x00000214f2ac3800 2239       3       kotlin.reflect.jvm.internal.KMutableProperty1Impl$_setter$1::<init> (11 bytes)
Event: 1.980 Thread 0x00000214f2ac3800 nmethod 2239 0x00000214dc349410 code [0x00000214dc3495c0, 0x00000214dc3497d8]
Event: 1.985 Thread 0x00000214f2ac3800 2240       3       kotlin.properties.ObservableProperty::<init> (10 bytes)
Event: 1.985 Thread 0x00000214f2ac3800 nmethod 2240 0x00000214dc349910 code [0x00000214dc349ac0, 0x00000214dc349c78]
Event: 1.986 Thread 0x00000214f2ac3800 2241       3       org.jetbrains.kotlin.renderer.DescriptorRendererOptionsImpl::property (20 bytes)
Event: 1.986 Thread 0x00000214f2ac3800 nmethod 2241 0x00000214dc349d10 code [0x00000214dc349ee0, 0x00000214dc34a218]
Event: 1.986 Thread 0x00000214f2ac3800 2242       3       org.jetbrains.kotlin.renderer.DescriptorRendererOptionsImpl$property$$inlined$vetoable$1::<init> (11 bytes)
Event: 1.986 Thread 0x00000214f2ac3800 nmethod 2242 0x00000214dc34a390 code [0x00000214dc34a560, 0x00000214dc34a7d8]
Event: 2.008 Thread 0x00000214f49f5000 nmethod 2229 0x00000214e3537610 code [0x00000214e3537900, 0x00000214e3539380]
Event: 2.008 Thread 0x00000214f49f5000 2243  s!   4       jdk.internal.loader.URLClassPath::getLoader (194 bytes)
Event: 2.011 Thread 0x00000214f49f5000 nmethod 2243 0x00000214e3539e90 code [0x00000214e353a060, 0x00000214e353a888]
Event: 2.012 Thread 0x00000214f49f5000 2244       4       java.lang.String::concat (115 bytes)
Event: 2.016 Thread 0x00000214f49f5000 nmethod 2244 0x00000214e353ac10 code [0x00000214e353adc0, 0x00000214e353b218]
Event: 2.046 Thread 0x00000214f2ac3800 2245  s    3       jdk.internal.jimage.BasicImageReader::findLocation (115 bytes)
Event: 2.047 Thread 0x00000214f2ac3800 nmethod 2245 0x00000214dc34a910 code [0x00000214dc34ac40, 0x00000214dc34bdb8]
Event: 2.047 Thread 0x00000214f2ac3800 2246       3       jdk.internal.jimage.BasicImageReader::getAttributes (48 bytes)

GC Heap History (6 events):
Event: 0.498 GC heap before
{Heap before GC invocations=0 (full 0):
 garbage-first heap   total 129024K, used 27648K [0x0000000083600000, 0x0000000100000000)
  region size 1024K, 24 young (24576K), 0 survivors (0K)
 Metaspace       used 12529K, capacity 12631K, committed 12800K, reserved 1060864K
  class space    used 1147K, capacity 1184K, committed 1280K, reserved 1048576K
}
Event: 0.504 GC heap after
{Heap after GC invocations=1 (full 0):
 garbage-first heap   total 129024K, used 6450K [0x0000000083600000, 0x0000000100000000)
  region size 1024K, 3 young (3072K), 3 survivors (3072K)
 Metaspace       used 12529K, capacity 12631K, committed 12800K, reserved 1060864K
  class space    used 1147K, capacity 1184K, committed 1280K, reserved 1048576K
}
Event: 1.102 GC heap before
{Heap before GC invocations=1 (full 0):
 garbage-first heap   total 129024K, used 42290K [0x0000000083600000, 0x0000000100000000)
  region size 1024K, 39 young (39936K), 3 survivors (3072K)
 Metaspace       used 21021K, capacity 21205K, committed 21296K, reserved 1069056K
  class space    used 2235K, capacity 2307K, committed 2352K, reserved 1048576K
}
Event: 1.114 GC heap after
{Heap after GC invocations=2 (full 0):
 garbage-first heap   total 129024K, used 9885K [0x0000000083600000, 0x0000000100000000)
  region size 1024K, 7 young (7168K), 7 survivors (7168K)
 Metaspace       used 21021K, capacity 21205K, committed 21296K, reserved 1069056K
  class space    used 2235K, capacity 2307K, committed 2352K, reserved 1048576K
}
Event: 1.904 GC heap before
{Heap before GC invocations=3 (full 0):
 garbage-first heap   total 129024K, used 62109K [0x0000000083600000, 0x0000000100000000)
  region size 1024K, 53 young (54272K), 7 survivors (7168K)
 Metaspace       used 31155K, capacity 31589K, committed 31920K, reserved 1077248K
  class space    used 3722K, capacity 3889K, committed 4016K, reserved 1048576K
}
Event: 1.918 GC heap after
{Heap after GC invocations=4 (full 0):
 garbage-first heap   total 129024K, used 20969K [0x0000000083600000, 0x0000000100000000)
  region size 1024K, 7 young (7168K), 7 survivors (7168K)
 Metaspace       used 31155K, capacity 31589K, committed 31920K, reserved 1077248K
  class space    used 3722K, capacity 3889K, committed 4016K, reserved 1048576K
}

Deoptimization events (20 events):
Event: 1.631 Thread 0x00000214d5e0e000 Uncommon trap: trap_request=0xffffffde fr.pc=0x00000214e34f9284 relative=0x0000000000000064
Event: 1.631 Thread 0x00000214d5e0e000 Uncommon trap: reason=class_check action=maybe_recompile pc=0x00000214e34f9284 method=java.util.LinkedHashMap.afterNodeInsertion(Z)V @ 15 c2
Event: 1.631 Thread 0x00000214d5e0e000 DEOPT PACKING pc=0x00000214e34f9284 sp=0x000000bab24fdb20
Event: 1.631 Thread 0x00000214d5e0e000 DEOPT UNPACKING pc=0x00000214db9985af sp=0x000000bab24fda98 mode 2
Event: 1.632 Thread 0x00000214d5e0e000 Uncommon trap: trap_request=0xffffffde fr.pc=0x00000214e34f9284 relative=0x0000000000000064
Event: 1.632 Thread 0x00000214d5e0e000 Uncommon trap: reason=class_check action=maybe_recompile pc=0x00000214e34f9284 method=java.util.LinkedHashMap.afterNodeInsertion(Z)V @ 15 c2
Event: 1.632 Thread 0x00000214d5e0e000 DEOPT PACKING pc=0x00000214e34f9284 sp=0x000000bab24fdb20
Event: 1.632 Thread 0x00000214d5e0e000 DEOPT UNPACKING pc=0x00000214db9985af sp=0x000000bab24fda98 mode 2
Event: 1.636 Thread 0x00000214d5e0e000 Uncommon trap: trap_request=0xffffff4d fr.pc=0x00000214e347c2f4 relative=0x0000000000000a94
Event: 1.636 Thread 0x00000214d5e0e000 Uncommon trap: reason=unstable_if action=reinterpret pc=0x00000214e347c2f4 method=java.util.zip.ZipFile$Source.getEntryPos([BZ)I @ 156 c2
Event: 1.636 Thread 0x00000214d5e0e000 DEOPT PACKING pc=0x00000214e347c2f4 sp=0x000000bab24fddc0
Event: 1.636 Thread 0x00000214d5e0e000 DEOPT UNPACKING pc=0x00000214db9985af sp=0x000000bab24fdd60 mode 2
Event: 1.643 Thread 0x00000214d5e0e000 Uncommon trap: trap_request=0xffffffde fr.pc=0x00000214e34f9284 relative=0x0000000000000064
Event: 1.643 Thread 0x00000214d5e0e000 Uncommon trap: reason=class_check action=maybe_recompile pc=0x00000214e34f9284 method=java.util.LinkedHashMap.afterNodeInsertion(Z)V @ 15 c2
Event: 1.643 Thread 0x00000214d5e0e000 DEOPT PACKING pc=0x00000214e34f9284 sp=0x000000bab24fdb20
Event: 1.643 Thread 0x00000214d5e0e000 DEOPT UNPACKING pc=0x00000214db9985af sp=0x000000bab24fda98 mode 2
Event: 1.643 Thread 0x00000214d5e0e000 Uncommon trap: trap_request=0xffffffde fr.pc=0x00000214e34f9284 relative=0x0000000000000064
Event: 1.643 Thread 0x00000214d5e0e000 Uncommon trap: reason=class_check action=maybe_recompile pc=0x00000214e34f9284 method=java.util.LinkedHashMap.afterNodeInsertion(Z)V @ 15 c2
Event: 1.643 Thread 0x00000214d5e0e000 DEOPT PACKING pc=0x00000214e34f9284 sp=0x000000bab24fdb20
Event: 1.643 Thread 0x00000214d5e0e000 DEOPT UNPACKING pc=0x00000214db9985af sp=0x000000bab24fda98 mode 2

Classes redefined (0 events):
No events

Internal exceptions (20 events):
Event: 0.816 Thread 0x00000214d5e0e000 Exception <a 'java/lang/NoSuchMethodError'{0x0000000089c2a360}: 'long java.lang.invoke.Invokers$Holder.invoke_MT(java.lang.Object, java.lang.Object, java.lang.Object, java.lang.Object)'> (0x0000000089c2a360) thrown at [./src/hotspot/share/interpreter/linkResolver.cpp, line 773]
Event: 0.816 Thread 0x00000214d5e0e000 Exception <a 'java/lang/NoSuchMethodError'{0x0000000089c2d9e0}: 'long java.lang.invoke.DelegatingMethodHandle$Holder.reinvoke_L(java.lang.Object, java.lang.Object, java.lang.Object)'> (0x0000000089c2d9e0) thrown at [./src/hotspot/share/interpreter/linkResolver.cpp, line 773]
Event: 0.817 Thread 0x00000214d5e0e000 Exception <a 'java/lang/NoSuchMethodError'{0x0000000089c376a0}: 'int java.lang.invoke.DirectMethodHandle$Holder.invokeSpecial(java.lang.Object, java.lang.Object, java.lang.Object, java.lang.Object)'> (0x0000000089c376a0) thrown at [./src/hotspot/share/interpreter/linkResolver.cpp, line 773]
Event: 0.818 Thread 0x00000214d5e0e000 Exception <a 'java/lang/NoSuchMethodError'{0x0000000089c46480}: 'int java.lang.invoke.DelegatingMethodHandle$Holder.reinvoke_L(java.lang.Object, java.lang.Object, java.lang.Object, long, int)'> (0x0000000089c46480) thrown at [./src/hotspot/share/interpreter/linkResolver.cpp, line 773]
Event: 0.903 Thread 0x00000214d5e0e000 Exception <a 'java/lang/NoSuchMethodError'{0x00000000895af230}: 'int java.lang.invoke.DirectMethodHandle$Holder.invokeSpecialIFC(java.lang.Object, java.lang.Object, int)'> (0x00000000895af230) thrown at [./src/hotspot/share/interpreter/linkResolver.cpp, line 773]
Event: 1.088 Thread 0x00000214d5e0e000 Exception <a 'java/lang/NoSuchMethodError'{0x0000000088ee1b60}: 'java.lang.Object java.lang.invoke.DirectMethodHandle$Holder.invokeStaticInit(java.lang.Object, int)'> (0x0000000088ee1b60) thrown at [./src/hotspot/share/interpreter/linkResolver.cpp, line 773]
Event: 1.137 Thread 0x00000214d5e0e000 Exception <a 'java/lang/NoSuchMethodError'{0x000000008b3f0d20}: 'long java.lang.invoke.DirectMethodHandle$Holder.invokeStatic(java.lang.Object)'> (0x000000008b3f0d20) thrown at [./src/hotspot/share/interpreter/linkResolver.cpp, line 773]
Event: 1.137 Thread 0x00000214d5e0e000 Exception <a 'java/lang/NoSuchMethodError'{0x000000008b3f3b78}: 'long java.lang.invoke.DirectMethodHandle$Holder.invokeStaticInit(java.lang.Object)'> (0x000000008b3f3b78) thrown at [./src/hotspot/share/interpreter/linkResolver.cpp, line 773]
Event: 1.186 Thread 0x00000214d5e0e000 Exception <a 'java/lang/NoSuchMethodError'{0x000000008af9cae0}: 'int java.lang.invoke.DirectMethodHandle$Holder.invokeStaticInit(java.lang.Object, java.lang.Object, java.lang.Object)'> (0x000000008af9cae0) thrown at [./src/hotspot/share/interpreter/linkResolver.cpp, line 773]
Event: 1.189 Thread 0x00000214d5e0e000 Exception <a 'java/lang/NoSuchMethodError'{0x000000008afc80b0}: 'int java.lang.invoke.DirectMethodHandle$Holder.invokeStaticInit(java.lang.Object, java.lang.Object)'> (0x000000008afc80b0) thrown at [./src/hotspot/share/interpreter/linkResolver.cpp, line 773]
Event: 1.237 Thread 0x00000214d5e0e000 Exception <a 'java/lang/NoSuchMethodError'{0x000000008add9778}: 'void java.lang.invoke.DirectMethodHandle$Holder.invokeSpecial(java.lang.Object, java.lang.Object)'> (0x000000008add9778) thrown at [./src/hotspot/share/interpreter/linkResolver.cpp, line 773]
Event: 1.381 Thread 0x00000214d5e0e000 Exception <a 'java/lang/NoSuchMethodError'{0x000000008a43a150}: 'java.lang.Object java.lang.invoke.DirectMethodHandle$Holder.invokeStatic(java.lang.Object, java.lang.Object, java.lang.Object, java.lang.Object, java.lang.Object, java.lang.Object, java.lang.Object, java.lang.Object, java.lang.Object, java.lang.Object, java.lang.Object, java.lang.Object, java.lang.Object, java.lang.Object, java.lang.Object)'> (0x000000008a43a150) thrown at [./src/hotspot/share/interpreter/linkResolver.cpp, line 773]
Event: 1.382 Thread 0x00000214d5e0e000 Exception <a 'java/lang/NoSuchMethodError'{0x000000008a448158}: 'java.lang.Object java.lang.invoke.DirectMethodHandle$Holder.invokeStatic(java.lang.Object, java.lang.Object, java.lang.Object, java.lang.Object, java.lang.Object, java.lang.Object, java.lang.Object, java.lang.Object, java.lang.Object, java.lang.Object, java.lang.Object, java.lang.Object, java.lang.Object, java.lang.Object, java.lang.Object, java.lang.Object)'> (0x000000008a448158) thrown at [./src/hotspot/share/interpreter/linkResolver.cpp, l
Event: 1.383 Thread 0x00000214d5e0e000 Exception <a 'java/lang/NoSuchMethodError'{0x000000008a456070}: 'java.lang.Object java.lang.invoke.DirectMethodHandle$Holder.invokeSpecial(java.lang.Object, java.lang.Object, int, int, java.lang.Object, java.lang.Object, java.lang.Object)'> (0x000000008a456070) thrown at [./src/hotspot/share/interpreter/linkResolver.cpp, line 773]
Event: 1.383 Thread 0x00000214d5e0e000 Exception <a 'java/lang/NoSuchMethodError'{0x000000008a4598a8}: 'java.lang.Object java.lang.invoke.DelegatingMethodHandle$Holder.reinvoke_L(java.lang.Object, int, int, java.lang.Object, java.lang.Object, java.lang.Object)'> (0x000000008a4598a8) thrown at [./src/hotspot/share/interpreter/linkResolver.cpp, line 773]
Event: 1.384 Thread 0x00000214d5e0e000 Exception <a 'java/lang/NoSuchMethodError'{0x000000008a45dc30}: 'java.lang.Object java.lang.invoke.DirectMethodHandle$Holder.invokeStatic(java.lang.Object, java.lang.Object, java.lang.Object, java.lang.Object, int)'> (0x000000008a45dc30) thrown at [./src/hotspot/share/interpreter/linkResolver.cpp, line 773]
Event: 1.424 Thread 0x00000214d5e0e000 Exception <a 'java/lang/NoSuchMethodError'{0x000000008a382670}: 'void java.lang.invoke.DirectMethodHandle$Holder.invokeStatic(java.lang.Object, java.lang.Object, java.lang.Object, java.lang.Object)'> (0x000000008a382670) thrown at [./src/hotspot/share/interpreter/linkResolver.cpp, line 773]
Event: 1.477 Thread 0x00000214d5e0e000 Exception <a 'java/lang/NoSuchMethodError'{0x0000000089f632e0}: 'void java.lang.invoke.DirectMethodHandle$Holder.invokeStaticInit(java.lang.Object, java.lang.Object)'> (0x0000000089f632e0) thrown at [./src/hotspot/share/interpreter/linkResolver.cpp, line 773]
Event: 1.523 Thread 0x00000214d5e0e000 Exception <a 'java/lang/NoSuchMethodError'{0x0000000089b8f5f8}: 'void java.lang.invoke.DirectMethodHandle$Holder.invokeVirtual(java.lang.Object, java.lang.Object)'> (0x0000000089b8f5f8) thrown at [./src/hotspot/share/interpreter/linkResolver.cpp, line 773]
Event: 1.530 Thread 0x00000214d5e0e000 Exception <a 'java/lang/NoSuchMethodError'{0x0000000089a17d70}: 'int java.lang.invoke.DirectMethodHandle$Holder.invokeVirtual(java.lang.Object, java.lang.Object)'> (0x0000000089a17d70) thrown at [./src/hotspot/share/interpreter/linkResolver.cpp, line 773]

Events (20 events):
Event: 2.042 loading class org/jetbrains/kotlin/metadata/ProtoBuf$EnumEntry
Event: 2.042 loading class org/jetbrains/kotlin/metadata/ProtoBuf$EnumEntry done
Event: 2.043 loading class org/jetbrains/kotlin/metadata/ProtoBuf$EnumEntryOrBuilder
Event: 2.043 loading class org/jetbrains/kotlin/metadata/ProtoBuf$EnumEntryOrBuilder done
Event: 2.043 loading class org/jetbrains/kotlin/metadata/ProtoBuf$EnumEntry$1
Event: 2.043 loading class org/jetbrains/kotlin/metadata/ProtoBuf$EnumEntry$1 done
Event: 2.043 loading class org/jetbrains/kotlin/metadata/ProtoBuf$TypeParameter
Event: 2.043 loading class org/jetbrains/kotlin/metadata/ProtoBuf$TypeParameter done
Event: 2.044 loading class org/jetbrains/kotlin/metadata/ProtoBuf$TypeParameterOrBuilder
Event: 2.044 loading class org/jetbrains/kotlin/metadata/ProtoBuf$TypeParameterOrBuilder done
Event: 2.045 loading class org/jetbrains/kotlin/metadata/ProtoBuf$TypeParameter$1
Event: 2.045 loading class org/jetbrains/kotlin/metadata/ProtoBuf$TypeParameter$1 done
Event: 2.045 loading class org/jetbrains/kotlin/metadata/ProtoBuf$TypeParameter$Variance
Event: 2.045 loading class org/jetbrains/kotlin/metadata/ProtoBuf$TypeParameter$Variance done
Event: 2.045 loading class org/jetbrains/kotlin/metadata/ProtoBuf$TypeParameter$Variance$1
Event: 2.045 loading class org/jetbrains/kotlin/metadata/ProtoBuf$TypeParameter$Variance$1 done
Event: 2.045 loading class org/jetbrains/kotlin/protobuf/ExtensionRegistryLite$ObjectIntPair
Event: 2.045 loading class org/jetbrains/kotlin/protobuf/ExtensionRegistryLite$ObjectIntPair done
Event: 2.049 loading class org/jetbrains/kotlin/serialization/deserialization/builtins/BuiltInsPackageFragmentImpl
Event: 2.049 loading class org/jetbrains/kotlin/serialization/deserialization/builtins/BuiltInsPackageFragmentImpl done


Dynamic libraries:
0x00007ff6576b0000 - 0x00007ff6576ba000 	C:\Program Files\Android\Android Studio\jre\bin\java.exe
0x00007ff9f3b60000 - 0x00007ff9f3d69000 	C:\WINDOWS\SYSTEM32\ntdll.dll
0x00007ff9f2d90000 - 0x00007ff9f2e4d000 	C:\WINDOWS\System32\KERNEL32.DLL
0x00007ff9f1040000 - 0x00007ff9f13b9000 	C:\WINDOWS\System32\KERNELBASE.dll
0x00007ff9f1610000 - 0x00007ff9f1721000 	C:\WINDOWS\System32\ucrtbase.dll
0x00007ff9cd0e0000 - 0x00007ff9cd0f9000 	C:\Program Files\Android\Android Studio\jre\bin\jli.dll
0x00007ff9ce3b0000 - 0x00007ff9ce3c7000 	C:\Program Files\Android\Android Studio\jre\bin\VCRUNTIME140.dll
0x00007ff9f1a60000 - 0x00007ff9f1c0c000 	C:\WINDOWS\System32\USER32.dll
0x00007ff9f1730000 - 0x00007ff9f1756000 	C:\WINDOWS\System32\win32u.dll
0x00007ff9d7850000 - 0x00007ff9d7af5000 	C:\WINDOWS\WinSxS\amd64_microsoft.windows.common-controls_6595b64144ccf1df_6.0.22000.120_none_9d947278b86cc467\COMCTL32.dll
0x00007ff9f36c0000 - 0x00007ff9f36e9000 	C:\WINDOWS\System32\GDI32.dll
0x00007ff9f23b0000 - 0x00007ff9f2453000 	C:\WINDOWS\System32\msvcrt.dll
0x00007ff9f14f0000 - 0x00007ff9f1602000 	C:\WINDOWS\System32\gdi32full.dll
0x00007ff9f1950000 - 0x00007ff9f19ed000 	C:\WINDOWS\System32\msvcp_win.dll
0x00007ff9f36f0000 - 0x00007ff9f3721000 	C:\WINDOWS\System32\IMM32.DLL
0x00007ff9aa6e0000 - 0x00007ff9aa77d000 	C:\Program Files\Android\Android Studio\jre\bin\msvcp140.dll
0x00007ff994de0000 - 0x00007ff9958c5000 	C:\Program Files\Android\Android Studio\jre\bin\server\jvm.dll
0x00007ff9f3610000 - 0x00007ff9f36be000 	C:\WINDOWS\System32\ADVAPI32.dll
0x00007ff9f2ab0000 - 0x00007ff9f2b4e000 	C:\WINDOWS\System32\sechost.dll
0x00007ff9f2930000 - 0x00007ff9f2a50000 	C:\WINDOWS\System32\RPCRT4.dll
0x00007ff9f3730000 - 0x00007ff9f3738000 	C:\WINDOWS\System32\PSAPI.DLL
0x00007ff9e7e10000 - 0x00007ff9e7e43000 	C:\WINDOWS\SYSTEM32\WINMM.dll
0x00007ff9e7b60000 - 0x00007ff9e7b6a000 	C:\WINDOWS\SYSTEM32\VERSION.dll
0x00007ff9d9c50000 - 0x00007ff9d9c59000 	C:\WINDOWS\SYSTEM32\WSOCK32.dll
0x00007ff9f19f0000 - 0x00007ff9f1a5f000 	C:\WINDOWS\System32\WS2_32.dll
0x00007ff9f01b0000 - 0x00007ff9f01c8000 	C:\WINDOWS\SYSTEM32\kernel.appcore.dll
0x00007ff9ebff0000 - 0x00007ff9ec001000 	C:\Program Files\Android\Android Studio\jre\bin\verify.dll
0x00007ff9ee990000 - 0x00007ff9eebb1000 	C:\WINDOWS\SYSTEM32\DBGHELP.DLL
0x00007ff9d4f80000 - 0x00007ff9d4fb1000 	C:\WINDOWS\SYSTEM32\dbgcore.DLL
0x00007ff9f18d0000 - 0x00007ff9f194f000 	C:\WINDOWS\System32\bcryptPrimitives.dll
0x00007ff9e8370000 - 0x00007ff9e8399000 	C:\Program Files\Android\Android Studio\jre\bin\java.dll
0x00007ff9ed500000 - 0x00007ff9ed50b000 	C:\Program Files\Android\Android Studio\jre\bin\jimage.dll
0x00007ff9e8350000 - 0x00007ff9e8368000 	C:\Program Files\Android\Android Studio\jre\bin\zip.dll
0x00007ff9f2e50000 - 0x00007ff9f3608000 	C:\WINDOWS\System32\SHELL32.dll
0x00007ff9ef1a0000 - 0x00007ff9efa07000 	C:\WINDOWS\SYSTEM32\windows.storage.dll
0x00007ff9f1e90000 - 0x00007ff9f2209000 	C:\WINDOWS\System32\combase.dll
0x00007ff9ef030000 - 0x00007ff9ef196000 	C:\WINDOWS\SYSTEM32\wintypes.dll
0x00007ff9f22c0000 - 0x00007ff9f23aa000 	C:\WINDOWS\System32\SHCORE.dll
0x00007ff9f1db0000 - 0x00007ff9f1e0d000 	C:\WINDOWS\System32\shlwapi.dll
0x00007ff9f0f70000 - 0x00007ff9f0f91000 	C:\WINDOWS\SYSTEM32\profapi.dll
0x00007ff9e8330000 - 0x00007ff9e834a000 	C:\Program Files\Android\Android Studio\jre\bin\net.dll
0x00007ff9ec1d0000 - 0x00007ff9ec2dc000 	C:\WINDOWS\SYSTEM32\WINHTTP.dll
0x00007ff9f0660000 - 0x00007ff9f06c7000 	C:\WINDOWS\system32\mswsock.dll
0x00007ff9e12d0000 - 0x00007ff9e12e4000 	C:\Program Files\Android\Android Studio\jre\bin\nio.dll

dbghelp: loaded successfully - version: 4.0.5 - missing functions: none
symbol engine: initialized successfully - sym options: 0x614 - pdb path: .;C:\Program Files\Android\Android Studio\jre\bin;C:\WINDOWS\SYSTEM32;C:\WINDOWS\WinSxS\amd64_microsoft.windows.common-controls_6595b64144ccf1df_6.0.22000.120_none_9d947278b86cc467;C:\Program Files\Android\Android Studio\jre\bin\server

VM Arguments:
java_command: org.jetbrains.kotlin.cli.jvm.K2JVMCompiler @C:\Users\UMESH\AndroidStudioProjects\Uchat\app\build\20220718_3892659920438903961.compiler.options
java_class_path (initial): C:\Users\UMESH\.gradle\caches\modules-2\files-2.1\org.jetbrains.kotlin\kotlin-compiler-embeddable\1.7.0\4d09852239f61842072b40b524882fa3caaed371\kotlin-compiler-embeddable-1.7.0.jar;C:\Users\UMESH\.gradle\caches\modules-2\files-2.1\org.jetbrains.kotlin\kotlin-reflect\1.7.0\e660b0079fdaf744dc9cc7f6f3aa3c761ec839b0\kotlin-reflect-1.7.0.jar;C:\Users\UMESH\.gradle\caches\modules-2\files-2.1\org.jetbrains.kotlin\kotlin-stdlib\1.7.0\a5f42c684ad9003160ef0d0f693ecf0ba7b13549\kotlin-stdlib-1.7.0.jar;C:\Users\UMESH\.gradle\caches\modules-2\files-2.1\org.jetbrains.kotlin\kotlin-script-runtime\1.7.0\3acea1d447587e61bc3e1b3ed6227d9e9ed4ddf1\kotlin-script-runtime-1.7.0.jar;C:\Users\UMESH\.gradle\caches\modules-2\files-2.1\org.jetbrains.kotlin\kotlin-daemon-embeddable\1.7.0\fd56798de80825c673ac93808284c5198ffa2b50\kotlin-daemon-embeddable-1.7.0.jar;C:\Users\UMESH\.gradle\caches\modules-2\files-2.1\org.jetbrains.intellij.deps\trove4j\1.0.20200330\3afb14d5f9ceb459d724e907a21145e8ff394f02\trove4j-1.0.20200330.jar;C:\Users\UMESH\.gradle\caches\modules-2\files-2.1\net.java.dev.jna\jna\5.6.0\330f2244e9030119ab3030fc3fededc86713d9cc\jna-5.6.0.jar;C:\Users\UMESH\.gradle\caches\modules-2\files-2.1\org.jetbrains.kotlin\kotlin-stdlib-common\1.7.0\51736992f422993a1e741051bdf3c12801bc1ca1\kotlin-stdlib-common-1.7.0.jar;C:\Users\UMESH\.gradle\caches\modules-2\files-2.1\org.jetbrains\annotations\13.0\919f0dfe192fb4e063e7dacadee7f8bb9a2672a9\annotations-13.0.jar
Launcher Type: SUN_STANDARD

[Global flags]
     intx CICompilerCount                          = 4                                         {product} {ergonomic}
     uint ConcGCThreads                            = 2                                         {product} {ergonomic}
     uint G1ConcRefinementThreads                  = 8                                         {product} {ergonomic}
   size_t G1HeapRegionSize                         = 1048576                                   {product} {ergonomic}
    uintx GCDrainStackTargetSize                   = 64                                        {product} {ergonomic}
   size_t InitialHeapSize                          = 132120576                                 {product} {ergonomic}
   size_t MarkStackSize                            = 4194304                                   {product} {ergonomic}
   size_t MaxHeapSize                              = 2090860544                                {product} {ergonomic}
   size_t MaxNewSize                               = 1254096896                                {product} {ergonomic}
   size_t MinHeapDeltaBytes                        = 1048576                                   {product} {ergonomic}
    uintx NonNMethodCodeHeapSize                   = 5836300                                {pd product} {ergonomic}
    uintx NonProfiledCodeHeapSize                  = 122910970                              {pd product} {ergonomic}
    uintx ProfiledCodeHeapSize                     = 122910970                              {pd product} {ergonomic}
    uintx ReservedCodeCacheSize                    = 251658240                              {pd product} {ergonomic}
     bool SegmentedCodeCache                       = true                                      {product} {ergonomic}
     bool UseCompressedClassPointers               = true                                 {lp64_product} {ergonomic}
     bool UseCompressedOops                        = true                                 {lp64_product} {ergonomic}
     bool UseG1GC                                  = true                                      {product} {ergonomic}
     bool UseLargePagesIndividualAllocation        = false                                  {pd product} {ergonomic}

Logging:
Log output configuration:
 #0: stdout all=warning uptime,level,tags
 #1: stderr all=off uptime,level,tags

Environment Variables:
PATH=C:\Program Files\Common Files\Oracle\Java\javapath;C:\WINDOWS\system32;C:\WINDOWS;C:\WINDOWS\System32\Wbem;C:\WINDOWS\System32\WindowsPowerShell\v1.0\;C:\WINDOWS\System32\OpenSSH\;C:\Program Files\Git\cmd;C:\Users\UMESH\AppData\Local\Microsoft\WindowsApps;C:\Program Files\JetBrains\IntelliJ IDEA Community Edition 2021.3.1\bin;C:\msys64\mingw64\bin;C:\kotlinc\bin;;C:\Users\UMESH\AppData\Local\Programs\Microsoft VS Code\bin;C:\kotlinc\bin;
USERNAME=UMESH
OS=Windows_NT
PROCESSOR_IDENTIFIER=Intel64 Family 6 Model 140 Stepping 1, GenuineIntel



---------------  S Y S T E M  ---------------

OS: Windows 10 , 64 bit Build 22000 (10.0.22000.708)
OS uptime: 1 days 0:46 hours

CPU:total 8 (initial active 8) (4 cores per cpu, 2 threads per core) family 6 model 140 stepping 1 microcode 0x86, cmov, cx8, fxsr, mmx, sse, sse2, sse3, ssse3, sse4.1, sse4.2, popcnt, avx, avx2, aes, clmul, erms, 3dnowpref, lzcnt, ht, tsc, tscinvbit, bmi1, bmi2, adx, evex, sha, fma

Memory: 4k page, system-wide physical 7975M (347M free)
TotalPageFile size 12071M (AvailPageFile size 15M)
current process WorkingSet (physical memory assigned to process): 194M, peak: 197M
current process commit charge ("private bytes"): 285M, peak: 287M

vm_info: OpenJDK 64-Bit Server VM (11.0.12+7-b1504.28-7817840) for windows-amd64 JRE (11.0.12+7-b1504.28-7817840), built on Oct 13 2021 22:12:33 by "builder" with MS VC++ 14.0 (VS2015)

END.
